Device: cuda
Dataset: cifar10 (10 classes)
Model: resnet18 (11,173,962 params)
Optimizer: LAKTJU_V11

============================================================
Starting training: cifar10_resnet18_LAKTJU_V11_seed42
============================================================

<sys>:0: UserWarning: Full backward hook is firing when gradients are computed with respect to module outputs since no inputs require gradients. See https://docs.pytorch.org/docs/main/generated/torch.nn.Module.html#torch.nn.Module.register_full_backward_hook for more details.
  [V11 diag] adam_norm=23.7275 kf_applied=0/434 cos_sim=0.0000 eff_alpha=0.0000
Epoch   1/200 | Train Loss: 1.7370 | Valid Acc: 47.78% | Test Acc: 0.00% | LR: 0.001000 | Time: 91.3s
  [V11 diag] adam_norm=24.6735 kf_applied=525/1736 cos_sim=0.4506 eff_alpha=0.2253
Epoch   5/200 | Train Loss: 1.0564 | Valid Acc: 78.54% | Test Acc: 0.00% | LR: 0.000998 | Time: 189.2s
  [V11 diag] adam_norm=30.1233 kf_applied=735/2170 cos_sim=0.4898 eff_alpha=0.2449
Epoch  10/200 | Train Loss: 0.8807 | Valid Acc: 86.06% | Test Acc: 85.60% | LR: 0.000994 | Time: 191.6s
  [V11 diag] adam_norm=33.9161 kf_applied=735/2170 cos_sim=0.5200 eff_alpha=0.2600
Epoch  15/200 | Train Loss: 0.7977 | Valid Acc: 88.44% | Test Acc: 85.60% | LR: 0.000986 | Time: 189.3s
  [V11 diag] adam_norm=36.1772 kf_applied=735/2170 cos_sim=0.5429 eff_alpha=0.2715
Epoch  20/200 | Train Loss: 0.7415 | Valid Acc: 90.56% | Test Acc: 89.91% | LR: 0.000976 | Time: 191.5s
  [V11 diag] adam_norm=37.5927 kf_applied=756/2232 cos_sim=0.5585 eff_alpha=0.2792
Epoch  25/200 | Train Loss: 0.7036 | Valid Acc: 92.10% | Test Acc: 89.91% | LR: 0.000962 | Time: 189.4s
  [V11 diag] adam_norm=39.3098 kf_applied=735/2170 cos_sim=0.5699 eff_alpha=0.2850
Epoch  30/200 | Train Loss: 0.6721 | Valid Acc: 92.08% | Test Acc: 91.72% | LR: 0.000946 | Time: 191.2s
  [V11 diag] adam_norm=38.5948 kf_applied=735/2170 cos_sim=0.5797 eff_alpha=0.2899
Epoch  35/200 | Train Loss: 0.6494 | Valid Acc: 92.38% | Test Acc: 91.72% | LR: 0.000926 | Time: 189.1s
  [V11 diag] adam_norm=39.4378 kf_applied=735/2170 cos_sim=0.5873 eff_alpha=0.2936
Epoch  40/200 | Train Loss: 0.6346 | Valid Acc: 93.12% | Test Acc: 92.58% | LR: 0.000905 | Time: 191.2s
  [V11 diag] adam_norm=39.7987 kf_applied=735/2170 cos_sim=0.5933 eff_alpha=0.2967
Epoch  45/200 | Train Loss: 0.6186 | Valid Acc: 92.80% | Test Acc: 92.58% | LR: 0.000880 | Time: 189.2s
  [V11 diag] adam_norm=40.1134 kf_applied=756/2232 cos_sim=0.5993 eff_alpha=0.2996
Epoch  50/200 | Train Loss: 0.6056 | Valid Acc: 93.54% | Test Acc: 93.14% | LR: 0.000854 | Time: 191.6s
Results saved to ./results/v11_round3/cifar10_resnet18_LAKTJU_V11_seed42_20260321_035825.json
  [V11 diag] adam_norm=39.8837 kf_applied=735/2170 cos_sim=0.6013 eff_alpha=0.3006
Epoch  55/200 | Train Loss: 0.5974 | Valid Acc: 94.06% | Test Acc: 93.14% | LR: 0.000825 | Time: 189.3s
  [V11 diag] adam_norm=39.4118 kf_applied=735/2170 cos_sim=0.6066 eff_alpha=0.3033
Epoch  60/200 | Train Loss: 0.5882 | Valid Acc: 93.64% | Test Acc: 93.74% | LR: 0.000794 | Time: 191.2s
  [V11 diag] adam_norm=40.1633 kf_applied=735/2170 cos_sim=0.6097 eff_alpha=0.3048
Epoch  65/200 | Train Loss: 0.5805 | Valid Acc: 94.32% | Test Acc: 93.74% | LR: 0.000761 | Time: 189.3s
  [V11 diag] adam_norm=40.3954 kf_applied=735/2170 cos_sim=0.6117 eff_alpha=0.3059
Epoch  70/200 | Train Loss: 0.5748 | Valid Acc: 93.74% | Test Acc: 93.67% | LR: 0.000727 | Time: 191.1s
  [V11 diag] adam_norm=40.7014 kf_applied=756/2232 cos_sim=0.6122 eff_alpha=0.3061
Epoch  75/200 | Train Loss: 0.5639 | Valid Acc: 94.14% | Test Acc: 93.67% | LR: 0.000692 | Time: 189.5s
  [V11 diag] adam_norm=41.2979 kf_applied=735/2170 cos_sim=0.6148 eff_alpha=0.3074
Epoch  80/200 | Train Loss: 0.5597 | Valid Acc: 94.36% | Test Acc: 93.98% | LR: 0.000655 | Time: 191.2s
  [V11 diag] adam_norm=40.2975 kf_applied=735/2170 cos_sim=0.6161 eff_alpha=0.3081
Epoch  85/200 | Train Loss: 0.5562 | Valid Acc: 94.72% | Test Acc: 93.98% | LR: 0.000617 | Time: 189.1s
  [V11 diag] adam_norm=40.0545 kf_applied=735/2170 cos_sim=0.6181 eff_alpha=0.3091
Epoch  90/200 | Train Loss: 0.5539 | Valid Acc: 94.66% | Test Acc: 94.36% | LR: 0.000579 | Time: 191.3s
  [V11 diag] adam_norm=41.3480 kf_applied=735/2170 cos_sim=0.6180 eff_alpha=0.3090
Epoch  95/200 | Train Loss: 0.5488 | Valid Acc: 94.68% | Test Acc: 94.36% | LR: 0.000540 | Time: 189.2s
  [V11 diag] adam_norm=40.5078 kf_applied=756/2232 cos_sim=0.6213 eff_alpha=0.3106
Epoch 100/200 | Train Loss: 0.5415 | Valid Acc: 94.76% | Test Acc: 94.39% | LR: 0.000501 | Time: 191.5s
Results saved to ./results/v11_round3/cifar10_resnet18_LAKTJU_V11_seed42_20260321_035825.json
  [V11 diag] adam_norm=40.5358 kf_applied=735/2170 cos_sim=0.6222 eff_alpha=0.3111
Epoch 105/200 | Train Loss: 0.5416 | Valid Acc: 94.88% | Test Acc: 94.39% | LR: 0.000461 | Time: 189.1s
  [V11 diag] adam_norm=40.6676 kf_applied=735/2170 cos_sim=0.6199 eff_alpha=0.3100
Epoch 110/200 | Train Loss: 0.5389 | Valid Acc: 94.94% | Test Acc: 94.33% | LR: 0.000422 | Time: 191.1s
  [V11 diag] adam_norm=39.7008 kf_applied=735/2170 cos_sim=0.6224 eff_alpha=0.3112
Epoch 115/200 | Train Loss: 0.5349 | Valid Acc: 95.02% | Test Acc: 94.33% | LR: 0.000384 | Time: 189.1s
  [V11 diag] adam_norm=40.7440 kf_applied=735/2170 cos_sim=0.6219 eff_alpha=0.3110
Epoch 120/200 | Train Loss: 0.5318 | Valid Acc: 95.02% | Test Acc: 94.56% | LR: 0.000346 | Time: 191.2s
  [V11 diag] adam_norm=40.3321 kf_applied=756/2232 cos_sim=0.6226 eff_alpha=0.3113
Epoch 125/200 | Train Loss: 0.5310 | Valid Acc: 95.04% | Test Acc: 94.56% | LR: 0.000309 | Time: 189.5s
  [V11 diag] adam_norm=40.2348 kf_applied=735/2170 cos_sim=0.6230 eff_alpha=0.3115
Epoch 130/200 | Train Loss: 0.5261 | Valid Acc: 95.02% | Test Acc: 94.67% | LR: 0.000274 | Time: 191.3s
  [V11 diag] adam_norm=40.4282 kf_applied=735/2170 cos_sim=0.6234 eff_alpha=0.3117
Epoch 135/200 | Train Loss: 0.5248 | Valid Acc: 95.20% | Test Acc: 94.67% | LR: 0.000240 | Time: 189.0s
  [V11 diag] adam_norm=41.7185 kf_applied=735/2170 cos_sim=0.6243 eff_alpha=0.3122
Epoch 140/200 | Train Loss: 0.5238 | Valid Acc: 95.36% | Test Acc: 94.94% | LR: 0.000207 | Time: 191.2s
  [V11 diag] adam_norm=39.3031 kf_applied=735/2170 cos_sim=0.6235 eff_alpha=0.3117
Epoch 145/200 | Train Loss: 0.5211 | Valid Acc: 95.30% | Test Acc: 94.94% | LR: 0.000176 | Time: 124.3s
  [V11 diag] adam_norm=38.6849 kf_applied=756/2232 cos_sim=0.6218 eff_alpha=0.3109
Epoch 150/200 | Train Loss: 0.5187 | Valid Acc: 95.38% | Test Acc: 95.07% | LR: 0.000147 | Time: 126.0s
Results saved to ./results/v11_round3/cifar10_resnet18_LAKTJU_V11_seed42_20260321_035825.json
  [V11 diag] adam_norm=41.7059 kf_applied=735/2170 cos_sim=0.6254 eff_alpha=0.3127
Epoch 155/200 | Train Loss: 0.5181 | Valid Acc: 95.22% | Test Acc: 95.07% | LR: 0.000121 | Time: 124.3s
  [V11 diag] adam_norm=40.9650 kf_applied=735/2170 cos_sim=0.6261 eff_alpha=0.3130
Epoch 160/200 | Train Loss: 0.5160 | Valid Acc: 95.24% | Test Acc: 95.10% | LR: 0.000096 | Time: 87.1s
  [V11 diag] adam_norm=40.1057 kf_applied=735/2170 cos_sim=0.6245 eff_alpha=0.3122
Epoch 165/200 | Train Loss: 0.5148 | Valid Acc: 95.18% | Test Acc: 95.10% | LR: 0.000075 | Time: 86.0s
  [V11 diag] adam_norm=39.3554 kf_applied=735/2170 cos_sim=0.6257 eff_alpha=0.3128
Epoch 170/200 | Train Loss: 0.5152 | Valid Acc: 95.22% | Test Acc: 95.17% | LR: 0.000055 | Time: 87.0s
  [V11 diag] adam_norm=40.4416 kf_applied=756/2232 cos_sim=0.6231 eff_alpha=0.3116
Epoch 175/200 | Train Loss: 0.5132 | Valid Acc: 95.16% | Test Acc: 95.17% | LR: 0.000039 | Time: 86.1s
  [V11 diag] adam_norm=39.1789 kf_applied=735/2170 cos_sim=0.6252 eff_alpha=0.3126
Epoch 180/200 | Train Loss: 0.5145 | Valid Acc: 95.10% | Test Acc: 95.28% | LR: 0.000025 | Time: 87.2s
  [V11 diag] adam_norm=41.4265 kf_applied=735/2170 cos_sim=0.6252 eff_alpha=0.3126
Epoch 185/200 | Train Loss: 0.5136 | Valid Acc: 95.20% | Test Acc: 95.28% | LR: 0.000015 | Time: 86.2s
  [V11 diag] adam_norm=41.7443 kf_applied=735/2170 cos_sim=0.6252 eff_alpha=0.3126
Epoch 190/200 | Train Loss: 0.5127 | Valid Acc: 95.20% | Test Acc: 95.30% | LR: 0.000007 | Time: 87.1s
  [V11 diag] adam_norm=40.3889 kf_applied=735/2170 cos_sim=0.6252 eff_alpha=0.3126
Epoch 195/200 | Train Loss: 0.5130 | Valid Acc: 95.20% | Test Acc: 95.30% | LR: 0.000003 | Time: 86.0s
  [V11 diag] adam_norm=39.2537 kf_applied=756/2232 cos_sim=0.6255 eff_alpha=0.3128
Epoch 200/200 | Train Loss: 0.5127 | Valid Acc: 95.18% | Test Acc: 95.32% | LR: 0.000001 | Time: 86.8s
Results saved to ./results/v11_round3/cifar10_resnet18_LAKTJU_V11_seed42_20260321_035825.json
Results saved to ./results/v11_round3/cifar10_resnet18_LAKTJU_V11_seed42_20260321_035825.json

============================================================
Training complete: cifar10_resnet18_LAKTJU_V11_seed42
Best Valid Acc: 95.46%
Best Test Acc:  94.95%
Avg Time/Epoch: 161.1s
============================================================
