Device: cuda
Dataset: cifar100 (100 classes)
Model: resnet18 (11,220,132 params)
Optimizer: LAKTJU_V11

============================================================
Starting training: cifar100_resnet18_LAKTJU_V11_seed42
============================================================

Traceback (most recent call last):
  File "/home/hadoop/workstation/md/TJU-V5(ATJU)-sourcecode/ATJU/experiments/train_laktju.py", line 525, in <module>
    main()
    ~~~~^^
  File "/home/hadoop/workstation/md/TJU-V5(ATJU)-sourcecode/ATJU/experiments/train_laktju.py", line 420  [V11 diag] adam_norm=26.6103 kf_applied=0/434 cos_sim=0.0000 eff_alpha=0.0000
Epoch   1/200 | Train Loss: 4.0307 | Valid Acc: 17.32% | Test Acc: 0.00% | LR: 0.001000 | Time: 116.1s
Traceback (most recent call last):
  File "/home/hadoop/workstation/md/TJU-V5(ATJU)-sourcecode/ATJU/experiments/train_laktju.py", line 525, in <module>
    main()
    ~~~~^^
  File "/home/hadoop/workstation/md/TJU-V5(ATJU)-sourcecode/ATJU/experiments/train_laktju.py", line 420, in main
    train_loss = train_one_epoch(model, train_loader, criterion, optimizer, device, epoch, args)
  File "/home/hadoop/workstation/md/TJU-V5(ATJU)-sourcecode/ATJU/experiments/train_laktju.py", line 266, in train_one_epoch
    output = model(data)
  File "/home/hadoop/anaconda3/lib/python3.13/site-packages/torch/nn/modules/module.py", line 1775, in _wrapped_call_impl
    return self._call_impl(*args, **kwargs)
           ~~~~~~~~~~~~~~~^^^^^^^^^^^^^^^^^
  File "/home/hadoop/anaconda3/lib/python3.13/site-packages/torch/nn/modules/module.py", line 1786, in _call_impl
    return forward_call(*args, **kwargs)
  File "/home/hadoop/workstation/md/TJU-V5(ATJU)-sourcecode/ATJU/experiments/ResNet.py", line 198, in forward
    return self._forward_impl(x)
           ~~~~~~~~~~~~~~~~~~^^^
  File "/home/hadoop/workstation/md/TJU-V5(ATJU)-sourcecode/ATJU/experiments/ResNet.py", line 186, in _forward_impl
    x = self.layer1(x)
  File "/home/hadoop/anaconda3/lib/python3.13/site-packages/torch/nn/modules/module.py", line 1775, in _wrapped_call_impl
    return self._call_impl(*args, **kwargs)
           ~~~~~~~~~~~~~~~^^^^^^^^^^^^^^^^^
  File "/home/hadoop/anaconda3/lib/python3.13/site-packages/torch/nn/modules/module.py", line 1786, in _call_impl
    return forward_call(*args, **kwargs)
  File "/home/hadoop/anaconda3/lib/python3.13/site-packages/torch/nn/modules/container.py", line 250, in forward
    input = module(input)
  File "/home/hadoop/anaconda3/lib/python3.13/site-packages/torch/nn/modules/module.py", line 1775, in _wrapped_call_impl
    return self._call_impl(*args, **kwargs)
           ~~~~~~~~~~~~~~~^^^^^^^^^^^^^^^^^
  File "/home/hadoop/anaconda3/lib/python3.13/site-packages/torch/nn/modules/module.py", line 1786, in _call_impl
    return forward_call(*args, **kwargs)
  File "/home/hadoop/workstation/md/TJU-V5(ATJU)-sourcecode/ATJU/experiments/ResNet.py", line 41, in forward
    out = self.conv2(out)
  File "/home/hadoop/anaconda3/lib/python3.13/site-packages/torch/nn/modules/module.py", line 1775, in _wrapped_call_impl
    return self._call_impl(*args, **kwargs)
           ~~~~~~~~~~~~~~~^^^^^^^^^^^^^^^^^
  File "/home/hadoop/anaconda3/lib/python3.13/site-packages/torch/nn/modules/module.py", line 1881, in _call_impl
    return inner()
  File "/home/hadoop/anaconda3/lib/python3.13/site-packages/torch/nn/modules/module.py", line 1818, in inner
    args_result = hook(self, args)
  File "/home/hadoop/workstation/md/TJU-V5(ATJU)-sourcecode/ATJU/experiments/../LAKTJU_V11.py", line 115, in _forward_hook
  File "/home/hadoop/workstation/md/TJU-V5(ATJU)-sourcecode/ATJU/experiments/../LAKTJU_V11.py", line 150, in _extract_conv_input
  File "/home/hadoop/anaconda3/lib/python3.13/site-packages/torch/nn/functional.py", line 5615, in unfold
    return torch._C._nn.im2col(
           ~~~~~~~~~~~~~~~~~~~^
        input, _pair(kernel_size), _pair(dilation), _pair(padding), _pair(stride)
        ^^^^^^^^^^^^^^^^^^^^^^^^^^^^^^^^^^^^^^^^^^^^^^^^^^^^^^^^^^^^^^^^^^^^^^^^^
    )
    ^
torch.OutOfMemoryError: CUDA out of memory. Tried to allocate 288.00 MiB. GPU 0 has a total capacity of 31.36 GiB of which 211.81 MiB is free. Process 75960 has 2.80 GiB memory in use. Process 75954 has 2.67 GiB memory in use. Process 75956 has 2.67 GiB memory in use. Process 75950 has 2.67 GiB memory in use. Process 75952 has 2.67 GiB memory in use. Process 75958 has 2.80 GiB memory in use. Process 988575 has 2.23 GiB memory in use. Including non-PyTorch memory, this process has 2.23 GiB memory in use. Process 988569 has 2.67 GiB memory in use. Process 988571 has 2.67 GiB memory in use. Process 989337 has 2.67 GiB memory in use. Process 989341 has 2.32 GiB memory in use. Of the allocated memory 1.17 GiB is allocated by PyTorch, and 386.34 MiB is reserved by PyTorch but unallocated. If reserved but unallocated memory is large try setting PYTORCH_CUDA_ALLOC_CONF=expandable_segments:True to avoid fragmentation.  See documentation for Memory Management  (https://pytorch.org/docs/stable/notes/cuda.html#environment-variables)
