Device: cuda
Dataset: cifar100 (100 classes)
Model: resnet18 (11,220,132 params)
Optimizer: LAKTJU_V10

============================================================
Starting training: cifar100_resnet18_LAKTJU_V10_seed42
============================================================

<sys>:0: UserWarning: Full backward hook is firing when gradients are computed with respect to module outputs since no inputs require gradients. See https://docs.pytorch.org/docs/main/generated/torch.nn.Module.html#torch.nn.Module.register_full_backward_hook for more details.
  [V10 diag] s=0.010 main_norm=0.2594 adam_norm=27.4669 scaled_norm=27.4669 kf_active=147/434
Epoch   1/50 | Train Loss: 4.0431 | Valid Acc: 16.84% | Test Acc: 0.00% | LR: 0.000999 s=0.070 | Time: 97.8s
  [V10 diag] s=0.079 main_norm=0.2424 adam_norm=34.8687 scaled_norm=34.8687 kf_active=588/1736
Epoch   5/50 | Train Loss: 2.7219 | Valid Acc: 42.10% | Test Acc: 0.00% | LR: 0.000976 s=0.323 | Time: 98.4s
  [V10 diag] s=0.330 main_norm=0.2304 adam_norm=41.1117 scaled_norm=41.1117 kf_active=735/2170
Epoch  10/50 | Train Loss: 2.1591 | Valid Acc: 56.32% | Test Acc: 55.01% | LR: 0.000905 s=0.533 | Time: 99.9s
  [V10 diag] s=0.536 main_norm=0.2223 adam_norm=44.0972 scaled_norm=44.0972 kf_active=735/2170
Epoch  15/50 | Train Loss: 1.8348 | Valid Acc: 64.22% | Test Acc: 55.01% | LR: 0.000794 s=0.634 | Time: 98.4s
  [V10 diag] s=0.634 main_norm=0.2183 adam_norm=45.2959 scaled_norm=45.2959 kf_active=735/2170
Epoch  20/50 | Train Loss: 1.5866 | Valid Acc: 67.40% | Test Acc: 67.18% | LR: 0.000655 s=0.675 | Time: 99.9s
  [V10 diag] s=0.675 main_norm=0.2174 adam_norm=46.0192 scaled_norm=46.0192 kf_active=756/2232
Epoch  25/50 | Train Loss: 1.3939 | Valid Acc: 69.40% | Test Acc: 69.21% | LR: 0.000500 s=0.691 | Time: 100.2s
  [V10 diag] s=0.691 main_norm=0.2110 adam_norm=45.1510 scaled_norm=45.1510 kf_active=735/2170
Epoch  30/50 | Train Loss: 1.2431 | Valid Acc: 70.58% | Test Acc: 70.06% | LR: 0.000346 s=0.697 | Time: 99.6s
  [V10 diag] s=0.697 main_norm=0.1969 adam_norm=44.3035 scaled_norm=44.3035 kf_active=735/2170
Epoch  35/50 | Train Loss: 1.1436 | Valid Acc: 72.30% | Test Acc: 70.06% | LR: 0.000207 s=0.699 | Time: 98.3s
  [V10 diag] s=0.699 main_norm=0.1825 adam_norm=43.4488 scaled_norm=43.4488 kf_active=735/2170
Epoch  40/50 | Train Loss: 1.0801 | Valid Acc: 72.22% | Test Acc: 71.57% | LR: 0.000096 s=0.700 | Time: 99.7s
  [V10 diag] s=0.700 main_norm=0.1723 adam_norm=43.6315 scaled_norm=43.6315 kf_active=735/2170
Epoch  45/50 | Train Loss: 1.0445 | Valid Acc: 72.90% | Test Acc: 71.57% | LR: 0.000025 s=0.700 | Time: 98.3s
  [V10 diag] s=0.700 main_norm=0.1698 adam_norm=44.6326 scaled_norm=44.6326 kf_active=756/2232
Epoch  50/50 | Train Loss: 1.0353 | Valid Acc: 73.00% | Test Acc: 72.07% | LR: 0.000001 s=0.700 | Time: 97.8s
Results saved to ./results/v10_round1/cifar100_resnet18_LAKTJU_V10_seed42_20260320_063456.json
Results saved to ./results/v10_round1/cifar100_resnet18_LAKTJU_V10_seed42_20260320_063456.json

============================================================
Training complete: cifar100_resnet18_LAKTJU_V10_seed42
Best Valid Acc: 73.24%
Best Test Acc:  72.21%
Avg Time/Epoch: 98.4s
============================================================
