Device: cuda
Dataset: cifar100 (100 classes)
Model: resnet18 (11,220,132 params)
Optimizer: LAKTJU_V10

============================================================
Starting training: cifar100_resnet18_LAKTJU_V10_seed42
============================================================

<sys>:0: UserWarning: Full backward hook is firing when gradients are computed with respect to module outputs since no inputs require gradients. See https://docs.pytorch.org/docs/main/generated/torch.nn.Module.html#torch.nn.Module.register_full_backward_hook for more details.
  [V10 diag] s=0.010 main_norm=0.0654 adam_norm=10.3041 scaled_norm=10.3041 kf_active=147/434
Epoch   1/50 | Train Loss: 4.1752 | Valid Acc: 11.40% | Test Acc: 0.00% | LR: 0.009990 s=0.070 | Time: 97.8s
  [V10 diag] s=0.079 main_norm=0.0623 adam_norm=19.2569 scaled_norm=19.2569 kf_active=588/1736
Epoch   5/50 | Train Loss: 2.9573 | Valid Acc: 38.48% | Test Acc: 0.00% | LR: 0.009755 s=0.323 | Time: 98.4s
  [V10 diag] s=0.330 main_norm=0.0723 adam_norm=30.5293 scaled_norm=30.5293 kf_active=735/2170
Epoch  10/50 | Train Loss: 2.2434 | Valid Acc: 54.46% | Test Acc: 53.81% | LR: 0.009045 s=0.533 | Time: 99.8s
  [V10 diag] s=0.536 main_norm=0.0748 adam_norm=38.4999 scaled_norm=38.4999 kf_active=735/2170
Epoch  15/50 | Train Loss: 1.8620 | Valid Acc: 62.72% | Test Acc: 53.81% | LR: 0.007939 s=0.634 | Time: 98.4s
  [V10 diag] s=0.634 main_norm=0.0758 adam_norm=43.1616 scaled_norm=43.1616 kf_active=735/2170
Epoch  20/50 | Train Loss: 1.5750 | Valid Acc: 65.08% | Test Acc: 64.54% | LR: 0.006545 s=0.675 | Time: 99.6s
  [V10 diag] s=0.675 main_norm=0.0760 adam_norm=45.0671 scaled_norm=45.0671 kf_active=756/2232
Epoch  25/50 | Train Loss: 1.3362 | Valid Acc: 67.28% | Test Acc: 67.49% | LR: 0.005001 s=0.691 | Time: 100.2s
  [V10 diag] s=0.691 main_norm=0.0688 adam_norm=43.5566 scaled_norm=43.5566 kf_active=735/2170
Epoch  30/50 | Train Loss: 1.1744 | Valid Acc: 68.12% | Test Acc: 68.22% | LR: 0.003456 s=0.697 | Time: 99.6s
  [V10 diag] s=0.697 main_norm=0.0611 adam_norm=42.7991 scaled_norm=42.7991 kf_active=735/2170
Epoch  35/50 | Train Loss: 1.0703 | Valid Acc: 69.72% | Test Acc: 68.22% | LR: 0.002062 s=0.699 | Time: 98.5s
  [V10 diag] s=0.699 main_norm=0.0540 adam_norm=42.4907 scaled_norm=42.4907 kf_active=735/2170
Epoch  40/50 | Train Loss: 1.0097 | Valid Acc: 70.92% | Test Acc: 70.32% | LR: 0.000956 s=0.700 | Time: 99.7s
  [V10 diag] s=0.700 main_norm=0.0496 adam_norm=42.9628 scaled_norm=42.9628 kf_active=735/2170
Epoch  45/50 | Train Loss: 0.9801 | Valid Acc: 71.16% | Test Acc: 70.32% | LR: 0.000246 s=0.700 | Time: 98.2s
  [V10 diag] s=0.700 main_norm=0.0464 adam_norm=43.3740 scaled_norm=43.3740 kf_active=756/2232
Epoch  50/50 | Train Loss: 0.9722 | Valid Acc: 71.14% | Test Acc: 70.97% | LR: 0.000001 s=0.700 | Time: 99.6s
Results saved to ./results/v10_round1/cifar100_resnet18_LAKTJU_V10_seed42_20260320_063456.json
Results saved to ./results/v10_round1/cifar100_resnet18_LAKTJU_V10_seed42_20260320_063456.json

============================================================
Training complete: cifar100_resnet18_LAKTJU_V10_seed42
Best Valid Acc: 71.22%
Best Test Acc:  70.60%
Avg Time/Epoch: 98.4s
============================================================
