Device: cuda
Dataset: cifar100 (100 classes)
Model: resnet18 (11,220,132 params)
Optimizer: LAKTJU_V10

============================================================
Starting training: cifar100_resnet18_LAKTJU_V10_seed42
============================================================

<sys>:0: UserWarning: Full backward hook is firing when gradients are computed with respect to module outputs since no inputs require gradients. See https://docs.pytorch.org/docs/main/generated/torch.nn.Module.html#torch.nn.Module.register_full_backward_hook for more details.
  [V10 diag] s=0.007 main_norm=0.2601 adam_norm=27.3855 scaled_norm=27.3855 kf_active=147/434
Epoch   1/50 | Train Loss: 4.0423 | Valid Acc: 15.94% | Test Acc: 0.00% | LR: 0.000999 s=0.050 | Time: 97.7s
  [V10 diag] s=0.057 main_norm=0.2408 adam_norm=34.7874 scaled_norm=34.7874 kf_active=588/1736
Epoch   5/50 | Train Loss: 2.7328 | Valid Acc: 41.98% | Test Acc: 0.00% | LR: 0.000976 s=0.231 | Time: 98.4s
  [V10 diag] s=0.236 main_norm=0.2321 adam_norm=41.0215 scaled_norm=41.0215 kf_active=735/2170
Epoch  10/50 | Train Loss: 2.1694 | Valid Acc: 55.72% | Test Acc: 53.76% | LR: 0.000905 s=0.381 | Time: 99.8s
  [V10 diag] s=0.383 main_norm=0.2212 adam_norm=44.1567 scaled_norm=44.1567 kf_active=735/2170
Epoch  15/50 | Train Loss: 1.8414 | Valid Acc: 63.30% | Test Acc: 53.76% | LR: 0.000794 s=0.453 | Time: 98.3s
  [V10 diag] s=0.453 main_norm=0.2192 adam_norm=45.2872 scaled_norm=45.2872 kf_active=735/2170
Epoch  20/50 | Train Loss: 1.5976 | Valid Acc: 67.98% | Test Acc: 67.08% | LR: 0.000655 s=0.482 | Time: 99.6s
  [V10 diag] s=0.482 main_norm=0.2170 adam_norm=45.9100 scaled_norm=45.9100 kf_active=756/2232
Epoch  25/50 | Train Loss: 1.3996 | Valid Acc: 69.48% | Test Acc: 68.46% | LR: 0.000500 s=0.493 | Time: 100.1s
  [V10 diag] s=0.493 main_norm=0.2063 adam_norm=44.7238 scaled_norm=44.7238 kf_active=735/2170
Epoch  30/50 | Train Loss: 1.2456 | Valid Acc: 70.48% | Test Acc: 70.10% | LR: 0.000346 s=0.498 | Time: 99.5s
  [V10 diag] s=0.498 main_norm=0.1974 adam_norm=44.4582 scaled_norm=44.4582 kf_active=735/2170
Epoch  35/50 | Train Loss: 1.1455 | Valid Acc: 71.30% | Test Acc: 70.10% | LR: 0.000207 s=0.499 | Time: 98.5s
  [V10 diag] s=0.499 main_norm=0.1838 adam_norm=43.4764 scaled_norm=43.4764 kf_active=735/2170
Epoch  40/50 | Train Loss: 1.0781 | Valid Acc: 71.60% | Test Acc: 71.97% | LR: 0.000096 s=0.500 | Time: 99.7s
  [V10 diag] s=0.500 main_norm=0.1711 adam_norm=43.5793 scaled_norm=43.5793 kf_active=735/2170
Epoch  45/50 | Train Loss: 1.0465 | Valid Acc: 72.60% | Test Acc: 71.97% | LR: 0.000025 s=0.500 | Time: 98.5s
  [V10 diag] s=0.500 main_norm=0.1652 adam_norm=44.2573 scaled_norm=44.2573 kf_active=756/2232
Epoch  50/50 | Train Loss: 1.0369 | Valid Acc: 72.98% | Test Acc: 72.46% | LR: 0.000001 s=0.500 | Time: 99.7s
Results saved to ./results/v10_round1/cifar100_resnet18_LAKTJU_V10_seed42_20260320_063456.json
Results saved to ./results/v10_round1/cifar100_resnet18_LAKTJU_V10_seed42_20260320_063456.json

============================================================
Training complete: cifar100_resnet18_LAKTJU_V10_seed42
Best Valid Acc: 73.00%
Best Test Acc:  72.38%
Avg Time/Epoch: 98.4s
============================================================
