Device: cuda
Dataset: cifar10 (10 classes)
Model: resnet18 (11,173,962 params)
Optimizer: LAKTJU

============================================================
Starting training: cifar10_resnet18_LAKTJU_seed123
============================================================

<sys>:0: UserWarning: Full backward hook is firing when gradients are computed with respect to module outputs since no inputs require gradients. See https://docs.pytorch.org/docs/main/generated/torch.nn.Module.html#torch.nn.Module.register_full_backward_hook for more details.
Epoch   1/300 | Train Loss: 1.8343 | Valid Acc: 53.54% | Test Acc: 0.00% | LR: 0.003000 s=0.017 | Time: 149.1s
Epoch   5/300 | Train Loss: 1.0587 | Valid Acc: 78.22% | Test Acc: 0.00% | LR: 0.002999 s=0.083 | Time: 158.3s
Epoch  10/300 | Train Loss: 0.9595 | Valid Acc: 83.44% | Test Acc: 84.16% | LR: 0.002993 s=0.165 | Time: 159.8s
Epoch  15/300 | Train Loss: 0.9050 | Valid Acc: 83.68% | Test Acc: 84.16% | LR: 0.002984 s=0.245 | Time: 158.0s
Epoch  20/300 | Train Loss: 0.8720 | Valid Acc: 86.28% | Test Acc: 85.87% | LR: 0.002970 s=0.322 | Time: 159.8s
Epoch  25/300 | Train Loss: 0.8416 | Valid Acc: 85.62% | Test Acc: 85.87% | LR: 0.002953 s=0.394 | Time: 158.1s
Epoch  30/300 | Train Loss: 0.8302 | Valid Acc: 87.78% | Test Acc: 88.19% | LR: 0.002931 s=0.462 | Time: 160.2s
Epoch  35/300 | Train Loss: 0.8060 | Valid Acc: 87.80% | Test Acc: 88.19% | LR: 0.002906 s=0.525 | Time: 157.9s
Epoch  40/300 | Train Loss: 0.7811 | Valid Acc: 89.04% | Test Acc: 89.01% | LR: 0.002877 s=0.583 | Time: 159.8s
Epoch  45/300 | Train Loss: 1.4946 | Valid Acc: 61.80% | Test Acc: 89.01% | LR: 0.002844 s=0.635 | Time: 158.1s
Epoch  50/300 | Train Loss: 1.1627 | Valid Acc: 75.22% | Test Acc: 75.97% | LR: 0.002807 s=0.682 | Time: 159.9s
Results saved to ./results/v14_round2/cifar10_resnet18_LAKTJU_seed123_20260323_213048.json
Epoch  55/300 | Train Loss: 1.1302 | Valid Acc: 70.42% | Test Acc: 75.97% | LR: 0.002767 s=0.724 | Time: 157.9s
Epoch  60/300 | Train Loss: 2.2991 | Valid Acc: 33.26% | Test Acc: 34.74% | LR: 0.002723 s=0.762 | Time: 159.8s
Epoch  65/300 | Train Loss: 2.0854 | Valid Acc: 34.94% | Test Acc: 34.74% | LR: 0.002676 s=0.794 | Time: 158.0s
Epoch  70/300 | Train Loss: 1.7531 | Valid Acc: 53.00% | Test Acc: 53.27% | LR: 0.002625 s=0.823 | Time: 159.9s
Epoch  75/300 | Train Loss: 2.1054 | Valid Acc: 36.22% | Test Acc: 53.27% | LR: 0.002572 s=0.848 | Time: 157.9s
Epoch  80/300 | Train Loss: 1.7690 | Valid Acc: 57.54% | Test Acc: 57.49% | LR: 0.002515 s=0.870 | Time: 159.8s
Epoch  85/300 | Train Loss: 1.6344 | Valid Acc: 59.10% | Test Acc: 57.49% | LR: 0.002456 s=0.889 | Time: 158.1s
Epoch  90/300 | Train Loss: 1.4225 | Valid Acc: 65.04% | Test Acc: 65.99% | LR: 0.002395 s=0.905 | Time: 159.9s
Epoch  95/300 | Train Loss: 1.4217 | Valid Acc: 68.50% | Test Acc: 65.99% | LR: 0.002330 s=0.919 | Time: 158.1s
Epoch 100/300 | Train Loss: 1.3798 | Valid Acc: 72.44% | Test Acc: 71.84% | LR: 0.002264 s=0.931 | Time: 160.0s
Results saved to ./results/v14_round2/cifar10_resnet18_LAKTJU_seed123_20260323_213048.json
Epoch 105/300 | Train Loss: 1.3806 | Valid Acc: 73.78% | Test Acc: 71.84% | LR: 0.002195 s=0.941 | Time: 158.1s
Epoch 110/300 | Train Loss: 1.7827 | Valid Acc: 54.38% | Test Acc: 55.01% | LR: 0.002125 s=0.950 | Time: 160.0s
Epoch 115/300 | Train Loss: 1.4699 | Valid Acc: 66.08% | Test Acc: 55.01% | LR: 0.002053 s=0.958 | Time: 158.1s
Epoch 120/300 | Train Loss: 1.4424 | Valid Acc: 69.62% | Test Acc: 68.70% | LR: 0.001979 s=0.964 | Time: 160.0s
Epoch 125/300 | Train Loss: 1.3607 | Valid Acc: 72.06% | Test Acc: 68.70% | LR: 0.001904 s=0.969 | Time: 158.0s
Epoch 130/300 | Train Loss: 1.4250 | Valid Acc: 72.70% | Test Acc: 72.46% | LR: 0.001828 s=0.974 | Time: 159.7s
Epoch 135/300 | Train Loss: 1.4157 | Valid Acc: 71.94% | Test Acc: 72.46% | LR: 0.001751 s=0.978 | Time: 158.0s
Epoch 140/300 | Train Loss: 1.3786 | Valid Acc: 73.18% | Test Acc: 72.26% | LR: 0.001673 s=0.981 | Time: 160.0s
Epoch 145/300 | Train Loss: 1.2538 | Valid Acc: 76.08% | Test Acc: 72.26% | LR: 0.001595 s=0.984 | Time: 158.1s
Epoch 150/300 | Train Loss: 1.3930 | Valid Acc: 74.98% | Test Acc: 75.29% | LR: 0.001516 s=0.987 | Time: 160.0s
Results saved to ./results/v14_round2/cifar10_resnet18_LAKTJU_seed123_20260323_213048.json
Epoch 155/300 | Train Loss: 1.1796 | Valid Acc: 77.76% | Test Acc: 75.29% | LR: 0.001438 s=0.989 | Time: 158.2s
Epoch 160/300 | Train Loss: 1.3285 | Valid Acc: 75.02% | Test Acc: 75.23% | LR: 0.001359 s=0.990 | Time: 159.9s
Epoch 165/300 | Train Loss: 1.1461 | Valid Acc: 78.60% | Test Acc: 75.23% | LR: 0.001281 s=0.992 | Time: 158.2s
Epoch 170/300 | Train Loss: 1.1127 | Valid Acc: 78.26% | Test Acc: 78.98% | LR: 0.001204 s=0.993 | Time: 159.9s
Epoch 175/300 | Train Loss: 1.1432 | Valid Acc: 78.60% | Test Acc: 78.98% | LR: 0.001128 s=0.994 | Time: 158.0s
Epoch 180/300 | Train Loss: 1.3967 | Valid Acc: 77.96% | Test Acc: 78.49% | LR: 0.001052 s=0.995 | Time: 159.9s
Epoch 185/300 | Train Loss: 1.0739 | Valid Acc: 80.04% | Test Acc: 78.49% | LR: 0.000978 s=0.996 | Time: 158.0s
Epoch 190/300 | Train Loss: 1.0739 | Valid Acc: 80.46% | Test Acc: 81.39% | LR: 0.000905 s=0.996 | Time: 159.9s
Epoch 195/300 | Train Loss: 1.0121 | Valid Acc: 82.06% | Test Acc: 81.39% | LR: 0.000834 s=0.997 | Time: 158.1s
Epoch 200/300 | Train Loss: 1.0253 | Valid Acc: 81.74% | Test Acc: 82.10% | LR: 0.000764 s=0.997 | Time: 159.8s
Results saved to ./results/v14_round2/cifar10_resnet18_LAKTJU_seed123_20260323_213048.json
Epoch 205/300 | Train Loss: 0.9662 | Valid Acc: 83.22% | Test Acc: 82.10% | LR: 0.000697 s=0.998 | Time: 158.0s
Epoch 210/300 | Train Loss: 0.9355 | Valid Acc: 83.80% | Test Acc: 84.01% | LR: 0.000632 s=0.998 | Time: 159.7s
Epoch 215/300 | Train Loss: 0.9207 | Valid Acc: 83.50% | Test Acc: 84.01% | LR: 0.000569 s=0.998 | Time: 158.0s
Epoch 220/300 | Train Loss: 0.9048 | Valid Acc: 84.06% | Test Acc: 84.95% | LR: 0.000509 s=0.999 | Time: 159.9s
Epoch 225/300 | Train Loss: 0.8850 | Valid Acc: 83.16% | Test Acc: 84.95% | LR: 0.000451 s=0.999 | Time: 158.1s
Epoch 230/300 | Train Loss: 0.8650 | Valid Acc: 83.44% | Test Acc: 84.40% | LR: 0.000397 s=0.999 | Time: 159.8s
Epoch 235/300 | Train Loss: 0.8607 | Valid Acc: 84.40% | Test Acc: 84.40% | LR: 0.000345 s=0.999 | Time: 158.1s
Epoch 240/300 | Train Loss: 0.8385 | Valid Acc: 85.16% | Test Acc: 85.56% | LR: 0.000297 s=0.999 | Time: 159.8s
Epoch 245/300 | Train Loss: 0.8329 | Valid Acc: 85.12% | Test Acc: 85.56% | LR: 0.000252 s=0.999 | Time: 158.1s
Epoch 250/300 | Train Loss: 0.8181 | Valid Acc: 85.90% | Test Acc: 86.46% | LR: 0.000210 s=1.000 | Time: 159.9s
Results saved to ./results/v14_round2/cifar10_resnet18_LAKTJU_seed123_20260323_213048.json
Epoch 255/300 | Train Loss: 0.8139 | Valid Acc: 85.62% | Test Acc: 86.46% | LR: 0.000172 s=1.000 | Time: 157.9s
Epoch 260/300 | Train Loss: 0.8062 | Valid Acc: 86.00% | Test Acc: 86.48% | LR: 0.000137 s=1.000 | Time: 159.7s
Epoch 265/300 | Train Loss: 0.8008 | Valid Acc: 86.10% | Test Acc: 86.48% | LR: 0.000106 s=1.000 | Time: 158.1s
Epoch 270/300 | Train Loss: 0.7941 | Valid Acc: 85.88% | Test Acc: 86.61% | LR: 0.000079 s=1.000 | Time: 159.8s
Epoch 275/300 | Train Loss: 0.7931 | Valid Acc: 85.90% | Test Acc: 86.61% | LR: 0.000056 s=1.000 | Time: 158.1s
Epoch 280/300 | Train Loss: 0.7852 | Valid Acc: 86.06% | Test Acc: 86.44% | LR: 0.000037 s=1.000 | Time: 159.8s
Epoch 285/300 | Train Loss: 0.7882 | Valid Acc: 86.20% | Test Acc: 86.44% | LR: 0.000022 s=1.000 | Time: 158.3s
Epoch 290/300 | Train Loss: 0.7842 | Valid Acc: 86.08% | Test Acc: 86.61% | LR: 0.000011 s=1.000 | Time: 159.8s
Epoch 295/300 | Train Loss: 0.7871 | Valid Acc: 86.06% | Test Acc: 86.61% | LR: 0.000004 s=1.000 | Time: 158.2s
Epoch 300/300 | Train Loss: 0.7825 | Valid Acc: 86.22% | Test Acc: 86.87% | LR: 0.000001 s=1.000 | Time: 158.2s
Results saved to ./results/v14_round2/cifar10_resnet18_LAKTJU_seed123_20260323_213048.json
Results saved to ./results/v14_round2/cifar10_resnet18_LAKTJU_seed123_20260323_213048.json

============================================================
Training complete: cifar10_resnet18_LAKTJU_seed123
Best Valid Acc: 89.04%
Best Test Acc:  89.01%
Avg Time/Epoch: 157.9s
============================================================
