Device: cuda
Dataset: cifar100 (100 classes)
Model: resnet18 (11,220,132 params)
Optimizer: LAKTJU_V11

============================================================
Starting training: cifar100_resnet18_LAKTJU_V11_seed42
============================================================

<sys>:0: UserWarning: Full backward hook is firing when gradients are computed with respect to module outputs since no inputs require gradients. See https://docs.pytorch.org/docs/main/generated/torch.nn.Module.html#torch.nn.Module.register_full_backward_hook for more details.
  [V11 diag] adam_norm=27.6297 kf_applied=0/434 cos_sim=0.0000 eff_alpha=0.0000
Epoch   1/50 | Train Loss: 4.0246 | Valid Acc: 16.66% | Test Acc: 0.00% | LR: 0.000999 | Time: 112.1s
  [V11 diag] adam_norm=34.1562 kf_applied=525/1736 cos_sim=0.4030 eff_alpha=0.0806
Epoch   5/50 | Train Loss: 2.6660 | Valid Acc: 44.26% | Test Acc: 0.00% | LR: 0.000976 | Time: 194.3s
  [V11 diag] adam_norm=39.6487 kf_applied=735/2170 cos_sim=0.4514 eff_alpha=0.0903
Epoch  10/50 | Train Loss: 2.1120 | Valid Acc: 57.70% | Test Acc: 56.27% | LR: 0.000905 | Time: 195.8s
  [V11 diag] adam_norm=42.5251 kf_applied=735/2170 cos_sim=0.4784 eff_alpha=0.0957
Epoch  15/50 | Train Loss: 1.7928 | Valid Acc: 64.30% | Test Acc: 56.27% | LR: 0.000794 | Time: 194.9s
  [V11 diag] adam_norm=43.4390 kf_applied=735/2170 cos_sim=0.4930 eff_alpha=0.0986
Epoch  20/50 | Train Loss: 1.5457 | Valid Acc: 67.78% | Test Acc: 67.69% | LR: 0.000655 | Time: 147.9s
  [V11 diag] adam_norm=43.9796 kf_applied=756/2232 cos_sim=0.5018 eff_alpha=0.1004
Epoch  25/50 | Train Loss: 1.3561 | Valid Acc: 69.88% | Test Acc: 69.16% | LR: 0.000500 | Time: 148.1s
  [V11 diag] adam_norm=43.1128 kf_applied=735/2170 cos_sim=0.5047 eff_alpha=0.1009
Epoch  30/50 | Train Loss: 1.2207 | Valid Acc: 71.24% | Test Acc: 70.73% | LR: 0.000346 | Time: 148.0s
  [V11 diag] adam_norm=42.5710 kf_applied=735/2170 cos_sim=0.5057 eff_alpha=0.1011
Epoch  35/50 | Train Loss: 1.1176 | Valid Acc: 71.46% | Test Acc: 70.73% | LR: 0.000207 | Time: 146.0s
  [V11 diag] adam_norm=41.6161 kf_applied=735/2170 cos_sim=0.5082 eff_alpha=0.1016
Epoch  40/50 | Train Loss: 1.0660 | Valid Acc: 72.16% | Test Acc: 72.18% | LR: 0.000096 | Time: 147.9s
  [V11 diag] adam_norm=41.4258 kf_applied=735/2170 cos_sim=0.5084 eff_alpha=0.1017
Epoch  45/50 | Train Loss: 1.0351 | Valid Acc: 72.56% | Test Acc: 72.18% | LR: 0.000025 | Time: 146.0s
  [V11 diag] adam_norm=42.5666 kf_applied=756/2232 cos_sim=0.5052 eff_alpha=0.1010
Epoch  50/50 | Train Loss: 1.0275 | Valid Acc: 72.40% | Test Acc: 72.21% | LR: 0.000001 | Time: 143.5s
Results saved to ./results/v11_round1/cifar100_resnet18_LAKTJU_V11_seed42_20260320_233625.json
Results saved to ./results/v11_round1/cifar100_resnet18_LAKTJU_V11_seed42_20260320_233625.json

============================================================
Training complete: cifar100_resnet18_LAKTJU_V11_seed42
Best Valid Acc: 72.66%
Best Test Acc:  71.79%
Avg Time/Epoch: 158.0s
============================================================
