Device: cuda
Dataset: cifar100 (100 classes)
Model: resnet18 (11,220,132 params)
Optimizer: LAKTJU_V11

============================================================
Starting training: cifar100_resnet18_LAKTJU_V11_seed42
============================================================

<sys>:0: UserWarning: Full backward hook is firing when gradients are computed with respect to module outputs since no inputs require gradients. See https://docs.pytorch.org/docs/main/generated/torch.nn.Module.html#torch.nn.Module.register_full_backward_hook for more details.
  [V11 diag] adam_norm=27.6297 kf_applied=0/434 cos_sim=0.0000 eff_alpha=0.0000
Epoch   1/50 | Train Loss: 4.0246 | Valid Acc: 16.66% | Test Acc: 0.00% | LR: 0.000999 | Time: 112.0s
  [V11 diag] adam_norm=33.8406 kf_applied=525/1736 cos_sim=0.4046 eff_alpha=0.1214
Epoch   5/50 | Train Loss: 2.6543 | Valid Acc: 43.90% | Test Acc: 0.00% | LR: 0.000976 | Time: 194.3s
  [V11 diag] adam_norm=39.1744 kf_applied=735/2170 cos_sim=0.4533 eff_alpha=0.1360
Epoch  10/50 | Train Loss: 2.0986 | Valid Acc: 58.10% | Test Acc: 56.68% | LR: 0.000905 | Time: 195.8s
  [V11 diag] adam_norm=41.8348 kf_applied=735/2170 cos_sim=0.4808 eff_alpha=0.1442
Epoch  15/50 | Train Loss: 1.7798 | Valid Acc: 65.26% | Test Acc: 56.68% | LR: 0.000794 | Time: 194.8s
  [V11 diag] adam_norm=42.8474 kf_applied=735/2170 cos_sim=0.4934 eff_alpha=0.1480
Epoch  20/50 | Train Loss: 1.5433 | Valid Acc: 68.40% | Test Acc: 67.40% | LR: 0.000655 | Time: 147.7s
  [V11 diag] adam_norm=43.0427 kf_applied=756/2232 cos_sim=0.5025 eff_alpha=0.1508
Epoch  25/50 | Train Loss: 1.3468 | Valid Acc: 69.50% | Test Acc: 68.80% | LR: 0.000500 | Time: 147.8s
  [V11 diag] adam_norm=42.0884 kf_applied=735/2170 cos_sim=0.5051 eff_alpha=0.1515
Epoch  30/50 | Train Loss: 1.2130 | Valid Acc: 71.44% | Test Acc: 70.23% | LR: 0.000346 | Time: 147.6s
  [V11 diag] adam_norm=41.2926 kf_applied=735/2170 cos_sim=0.5086 eff_alpha=0.1526
Epoch  35/50 | Train Loss: 1.1157 | Valid Acc: 72.16% | Test Acc: 70.23% | LR: 0.000207 | Time: 146.0s
  [V11 diag] adam_norm=40.6730 kf_applied=735/2170 cos_sim=0.5096 eff_alpha=0.1529
Epoch  40/50 | Train Loss: 1.0574 | Valid Acc: 72.88% | Test Acc: 71.98% | LR: 0.000096 | Time: 147.5s
  [V11 diag] adam_norm=41.3788 kf_applied=735/2170 cos_sim=0.5083 eff_alpha=0.1525
Epoch  45/50 | Train Loss: 1.0275 | Valid Acc: 72.18% | Test Acc: 71.98% | LR: 0.000025 | Time: 145.9s
  [V11 diag] adam_norm=41.6509 kf_applied=756/2232 cos_sim=0.5075 eff_alpha=0.1523
Epoch  50/50 | Train Loss: 1.0198 | Valid Acc: 72.62% | Test Acc: 72.40% | LR: 0.000001 | Time: 147.7s
Results saved to ./results/v11_round1/cifar100_resnet18_LAKTJU_V11_seed42_20260320_233625.json
Results saved to ./results/v11_round1/cifar100_resnet18_LAKTJU_V11_seed42_20260320_233625.json

============================================================
Training complete: cifar100_resnet18_LAKTJU_V11_seed42
Best Valid Acc: 72.88%
Best Test Acc:  71.98%
Avg Time/Epoch: 158.1s
============================================================
