Device: cuda
Dataset: cifar100 (100 classes)
Model: resnet18 (11,220,132 params)
Optimizer: LAKTJU_V11

============================================================
Starting training: cifar100_resnet18_LAKTJU_V11_seed42
============================================================

<sys>:0: UserWarning: Full backward hook is firing when gradients are computed with respect to module outputs since no inputs require gradients. See https://docs.pytorch.org/docs/main/generated/torch.nn.Module.html#torch.nn.Module.register_full_backward_hook for more details.
  [V11 diag] adam_norm=27.6297 kf_applied=0/434 cos_sim=0.0000 eff_alpha=0.0000
Epoch   1/50 | Train Loss: 4.0246 | Valid Acc: 16.66% | Test Acc: 0.00% | LR: 0.000999 | Time: 112.1s
  [V11 diag] adam_norm=33.4168 kf_applied=525/1736 cos_sim=0.4078 eff_alpha=0.2039
Epoch   5/50 | Train Loss: 2.6328 | Valid Acc: 45.20% | Test Acc: 0.00% | LR: 0.000976 | Time: 194.4s
  [V11 diag] adam_norm=38.4431 kf_applied=735/2170 cos_sim=0.4584 eff_alpha=0.2292
Epoch  10/50 | Train Loss: 2.0754 | Valid Acc: 58.38% | Test Acc: 57.43% | LR: 0.000905 | Time: 195.8s
  [V11 diag] adam_norm=40.7671 kf_applied=735/2170 cos_sim=0.4848 eff_alpha=0.2424
Epoch  15/50 | Train Loss: 1.7568 | Valid Acc: 66.02% | Test Acc: 57.43% | LR: 0.000794 | Time: 194.9s
  [V11 diag] adam_norm=41.5044 kf_applied=735/2170 cos_sim=0.4975 eff_alpha=0.2488
Epoch  20/50 | Train Loss: 1.5218 | Valid Acc: 68.64% | Test Acc: 68.53% | LR: 0.000655 | Time: 147.9s
  [V11 diag] adam_norm=41.5684 kf_applied=756/2232 cos_sim=0.5065 eff_alpha=0.2533
Epoch  25/50 | Train Loss: 1.3259 | Valid Acc: 69.86% | Test Acc: 69.38% | LR: 0.000500 | Time: 147.9s
  [V11 diag] adam_norm=40.6882 kf_applied=735/2170 cos_sim=0.5104 eff_alpha=0.2552
Epoch  30/50 | Train Loss: 1.2003 | Valid Acc: 71.30% | Test Acc: 70.36% | LR: 0.000346 | Time: 147.7s
  [V11 diag] adam_norm=40.2147 kf_applied=735/2170 cos_sim=0.5131 eff_alpha=0.2565
Epoch  35/50 | Train Loss: 1.1115 | Valid Acc: 72.32% | Test Acc: 70.36% | LR: 0.000207 | Time: 146.1s
  [V11 diag] adam_norm=39.1008 kf_applied=735/2170 cos_sim=0.5126 eff_alpha=0.2563
Epoch  40/50 | Train Loss: 1.0523 | Valid Acc: 72.56% | Test Acc: 72.28% | LR: 0.000096 | Time: 147.7s
  [V11 diag] adam_norm=39.6759 kf_applied=735/2170 cos_sim=0.5140 eff_alpha=0.2570
Epoch  45/50 | Train Loss: 1.0224 | Valid Acc: 73.00% | Test Acc: 72.28% | LR: 0.000025 | Time: 145.9s
  [V11 diag] adam_norm=40.3502 kf_applied=756/2232 cos_sim=0.5130 eff_alpha=0.2565
Epoch  50/50 | Train Loss: 1.0193 | Valid Acc: 73.30% | Test Acc: 72.36% | LR: 0.000001 | Time: 146.8s
Results saved to ./results/v11_round1/cifar100_resnet18_LAKTJU_V11_seed42_20260320_233624.json
Results saved to ./results/v11_round1/cifar100_resnet18_LAKTJU_V11_seed42_20260320_233624.json

============================================================
Training complete: cifar100_resnet18_LAKTJU_V11_seed42
Best Valid Acc: 73.44%
Best Test Acc:  72.28%
Avg Time/Epoch: 158.1s
============================================================
