Device: cuda
Dataset: cifar100 (100 classes)
Model: resnet18 (11,220,132 params)
Optimizer: LAKTJU_V11

============================================================
Starting training: cifar100_resnet18_LAKTJU_V11_seed42
============================================================

<sys>:0: UserWarning: Full backward hook is firing when gradients are computed with respect to module outputs since no inputs require gradients. See https://docs.pytorch.org/docs/main/generated/torch.nn.Module.html#torch.nn.Module.register_full_backward_hook for more details.
  [V11 diag] adam_norm=34.9825 kf_applied=0/434 cos_sim=0.0000 eff_alpha=0.0000
Epoch   1/50 | Train Loss: 4.0094 | Valid Acc: 18.08% | Test Acc: 0.00% | LR: 0.000500 | Time: 112.1s
  [V11 diag] adam_norm=38.5105 kf_applied=525/1736 cos_sim=0.4137 eff_alpha=0.0827
Epoch   5/50 | Train Loss: 2.6722 | Valid Acc: 46.04% | Test Acc: 0.00% | LR: 0.000488 | Time: 194.2s
  [V11 diag] adam_norm=41.6078 kf_applied=735/2170 cos_sim=0.4463 eff_alpha=0.0893
Epoch  10/50 | Train Loss: 2.1409 | Valid Acc: 58.04% | Test Acc: 57.02% | LR: 0.000452 | Time: 195.8s
  [V11 diag] adam_norm=42.9186 kf_applied=735/2170 cos_sim=0.4624 eff_alpha=0.0925
Epoch  15/50 | Train Loss: 1.8479 | Valid Acc: 64.32% | Test Acc: 57.02% | LR: 0.000397 | Time: 195.1s
  [V11 diag] adam_norm=43.4930 kf_applied=735/2170 cos_sim=0.4717 eff_alpha=0.0943
Epoch  20/50 | Train Loss: 1.6193 | Valid Acc: 66.28% | Test Acc: 65.17% | LR: 0.000328 | Time: 147.9s
  [V11 diag] adam_norm=43.9232 kf_applied=756/2232 cos_sim=0.4755 eff_alpha=0.0951
Epoch  25/50 | Train Loss: 1.4422 | Valid Acc: 70.60% | Test Acc: 69.09% | LR: 0.000251 | Time: 147.9s
  [V11 diag] adam_norm=43.4069 kf_applied=735/2170 cos_sim=0.4772 eff_alpha=0.0954
Epoch  30/50 | Train Loss: 1.3001 | Valid Acc: 71.18% | Test Acc: 69.75% | LR: 0.000173 | Time: 147.8s
  [V11 diag] adam_norm=42.9194 kf_applied=735/2170 cos_sim=0.4790 eff_alpha=0.0958
Epoch  35/50 | Train Loss: 1.1991 | Valid Acc: 71.86% | Test Acc: 69.75% | LR: 0.000104 | Time: 146.1s
  [V11 diag] adam_norm=42.7812 kf_applied=735/2170 cos_sim=0.4759 eff_alpha=0.0952
Epoch  40/50 | Train Loss: 1.1333 | Valid Acc: 72.90% | Test Acc: 72.05% | LR: 0.000049 | Time: 147.7s
  [V11 diag] adam_norm=42.4082 kf_applied=735/2170 cos_sim=0.4775 eff_alpha=0.0955
Epoch  45/50 | Train Loss: 1.0982 | Valid Acc: 73.24% | Test Acc: 72.05% | LR: 0.000013 | Time: 145.9s
  [V11 diag] adam_norm=43.0596 kf_applied=756/2232 cos_sim=0.4774 eff_alpha=0.0955
Epoch  50/50 | Train Loss: 1.0850 | Valid Acc: 73.62% | Test Acc: 72.30% | LR: 0.000001 | Time: 144.6s
Results saved to ./results/v11_round1/cifar100_resnet18_LAKTJU_V11_seed42_20260320_233625.json
Results saved to ./results/v11_round1/cifar100_resnet18_LAKTJU_V11_seed42_20260320_233625.json

============================================================
Training complete: cifar100_resnet18_LAKTJU_V11_seed42
Best Valid Acc: 73.62%
Best Test Acc:  72.30%
Avg Time/Epoch: 158.0s
============================================================
