Device: cuda
Dataset: cifar100 (100 classes)
Model: resnet18 (11,220,132 params)
Optimizer: LAKTJU_V11

============================================================
Starting training: cifar100_resnet18_LAKTJU_V11_seed42
============================================================

<sys>:0: UserWarning: Full backward hook is firing when gradients are computed with respect to module outputs since no inputs require gradients. See https://docs.pytorch.org/docs/main/generated/torch.nn.Module.html#torch.nn.Module.register_full_backward_hook for more details.
  [V11 diag] adam_norm=27.3182 kf_applied=63/434 cos_sim=0.3406 eff_alpha=0.0681
Epoch   1/50 | Train Loss: 4.0214 | Valid Acc: 17.34% | Test Acc: 0.00% | LR: 0.000999 | Time: 202.2s
  [V11 diag] adam_norm=34.1850 kf_applied=588/1736 cos_sim=0.4009 eff_alpha=0.0802
Epoch   5/50 | Train Loss: 2.6573 | Valid Acc: 43.32% | Test Acc: 0.00% | LR: 0.000976 | Time: 193.3s
  [V11 diag] adam_norm=39.6045 kf_applied=735/2170 cos_sim=0.4550 eff_alpha=0.0910
Epoch  10/50 | Train Loss: 2.1020 | Valid Acc: 57.48% | Test Acc: 56.02% | LR: 0.000905 | Time: 197.0s
  [V11 diag] adam_norm=42.4635 kf_applied=735/2170 cos_sim=0.4816 eff_alpha=0.0963
Epoch  15/50 | Train Loss: 1.7896 | Valid Acc: 64.52% | Test Acc: 56.02% | LR: 0.000794 | Time: 172.7s
  [V11 diag] adam_norm=43.4649 kf_applied=735/2170 cos_sim=0.4944 eff_alpha=0.0989
Epoch  20/50 | Train Loss: 1.5510 | Valid Acc: 68.60% | Test Acc: 67.78% | LR: 0.000655 | Time: 148.0s
  [V11 diag] adam_norm=43.7812 kf_applied=756/2232 cos_sim=0.5025 eff_alpha=0.1005
Epoch  25/50 | Train Loss: 1.3575 | Valid Acc: 69.68% | Test Acc: 68.84% | LR: 0.000500 | Time: 148.1s
  [V11 diag] adam_norm=42.8730 kf_applied=735/2170 cos_sim=0.5073 eff_alpha=0.1015
Epoch  30/50 | Train Loss: 1.2185 | Valid Acc: 70.98% | Test Acc: 70.73% | LR: 0.000346 | Time: 148.1s
  [V11 diag] adam_norm=42.3626 kf_applied=735/2170 cos_sim=0.5097 eff_alpha=0.1019
Epoch  35/50 | Train Loss: 1.1190 | Valid Acc: 71.64% | Test Acc: 70.73% | LR: 0.000207 | Time: 145.8s
  [V11 diag] adam_norm=41.5588 kf_applied=735/2170 cos_sim=0.5099 eff_alpha=0.1020
Epoch  40/50 | Train Loss: 1.0620 | Valid Acc: 72.34% | Test Acc: 72.06% | LR: 0.000096 | Time: 147.9s
  [V11 diag] adam_norm=41.5492 kf_applied=735/2170 cos_sim=0.5082 eff_alpha=0.1016
Epoch  45/50 | Train Loss: 1.0330 | Valid Acc: 72.88% | Test Acc: 72.06% | LR: 0.000025 | Time: 145.9s
  [V11 diag] adam_norm=42.8110 kf_applied=756/2232 cos_sim=0.5100 eff_alpha=0.1020
Epoch  50/50 | Train Loss: 1.0252 | Valid Acc: 72.78% | Test Acc: 72.10% | LR: 0.000001 | Time: 61.4s
Results saved to ./results/v11_round1/cifar100_resnet18_LAKTJU_V11_seed42_20260320_233624.json
Results saved to ./results/v11_round1/cifar100_resnet18_LAKTJU_V11_seed42_20260320_233624.json

============================================================
Training complete: cifar100_resnet18_LAKTJU_V11_seed42
Best Valid Acc: 73.18%
Best Test Acc:  72.25%
Avg Time/Epoch: 158.4s
============================================================
