Device: cuda
Dataset: cifar100 (100 classes)
Model: resnet18 (11,220,132 params)
Optimizer: LAKTJU_V12

============================================================
Starting training: cifar100_resnet18_LAKTJU_V12_seed42
============================================================

<sys>:0: UserWarning: Full backward hook is firing when gradients are computed with respect to module outputs since no inputs require gradients. See https://docs.pytorch.org/docs/main/generated/torch.nn.Module.html#torch.nn.Module.register_full_backward_hook for more details.
  [V12 diag] s=0.040 kf_str=0.799 tju_norm=2.2991 adam_norm=53.1308 kf_active=21/62 gc=21
Epoch   1/50 | Train Loss: 3.9935 | Valid Acc: 19.84% | Test Acc: 0.00% | LR: 0.003000 s=0.040 | Time: 182.9s
  [V12 diag] s=0.197 kf_str=1.000 tju_norm=2.7826 adam_norm=37.5923 kf_active=21/62 gc=21
Epoch   5/50 | Train Loss: 3.9819 | Valid Acc: 18.42% | Test Acc: 0.00% | LR: 0.002953 s=0.197 | Time: 190.3s
  [V12 diag] s=0.380 kf_str=1.000 tju_norm=4.0576 adam_norm=53.9718 kf_active=21/62 gc=21
Epoch  10/50 | Train Loss: 3.5629 | Valid Acc: 26.94% | Test Acc: 26.18% | LR: 0.002767 s=0.380 | Time: 192.6s
  [V12 diag] s=0.537 kf_str=1.000 tju_norm=3.3576 adam_norm=47.9211 kf_active=21/62 gc=21
Epoch  15/50 | Train Loss: 2.9794 | Valid Acc: 42.26% | Test Acc: 26.18% | LR: 0.002456 s=0.537 | Time: 191.0s
  [V12 diag] s=0.664 kf_str=1.000 tju_norm=3.5482 adam_norm=47.8793 kf_active=21/62 gc=21
Epoch  20/50 | Train Loss: 2.4822 | Valid Acc: 53.62% | Test Acc: 53.68% | LR: 0.002053 s=0.664 | Time: 192.9s
  [V12 diag] s=0.762 kf_str=1.000 tju_norm=3.4664 adam_norm=45.5010 kf_active=21/62 gc=21
Epoch  25/50 | Train Loss: 2.1619 | Valid Acc: 59.68% | Test Acc: 59.42% | LR: 0.001595 s=0.762 | Time: 192.9s
  [V12 diag] s=0.834 kf_str=1.000 tju_norm=3.9860 adam_norm=50.1457 kf_active=21/62 gc=21
Epoch  30/50 | Train Loss: 1.9383 | Valid Acc: 61.74% | Test Acc: 62.19% | LR: 0.001128 s=0.834 | Time: 192.6s
  [V12 diag] s=0.885 kf_str=1.000 tju_norm=4.0882 adam_norm=48.2922 kf_active=21/62 gc=21
Epoch  35/50 | Train Loss: 1.7628 | Valid Acc: 64.56% | Test Acc: 62.19% | LR: 0.000697 s=0.885 | Time: 190.0s
  [V12 diag] s=0.922 kf_str=1.000 tju_norm=4.0280 adam_norm=46.4002 kf_active=21/62 gc=21
Epoch  40/50 | Train Loss: 1.6401 | Valid Acc: 65.96% | Test Acc: 66.12% | LR: 0.000345 s=0.922 | Time: 192.0s
  [V12 diag] s=0.947 kf_str=1.000 tju_norm=4.0967 adam_norm=49.5607 kf_active=21/62 gc=21
Epoch  45/50 | Train Loss: 1.5561 | Valid Acc: 67.14% | Test Acc: 66.12% | LR: 0.000106 s=0.947 | Time: 190.1s
  [V12 diag] s=0.964 kf_str=1.000 tju_norm=3.8901 adam_norm=44.6303 kf_active=21/62 gc=21
Epoch  50/50 | Train Loss: 1.5304 | Valid Acc: 67.80% | Test Acc: 67.26% | LR: 0.000004 s=0.964 | Time: 190.3s
Results saved to ./results/v12_round1/cifar100_resnet18_LAKTJU_V12_seed42_20260321_224031.json
Results saved to ./results/v12_round1/cifar100_resnet18_LAKTJU_V12_seed42_20260321_224031.json

============================================================
Training complete: cifar100_resnet18_LAKTJU_V12_seed42
Best Valid Acc: 67.80%
Best Test Acc:  67.26%
Avg Time/Epoch: 190.3s
============================================================
