Device: cuda
Dataset: cifar100 (100 classes)
Model: resnet18 (11,220,132 params)
Optimizer: LAKTJU_V12

============================================================
Starting training: cifar100_resnet18_LAKTJU_V12_seed42
============================================================

<sys>:0: UserWarning: Full backward hook is firing when gradients are computed with respect to module outputs since no inputs require gradients. See https://docs.pytorch.org/docs/main/generated/torch.nn.Module.html#torch.nn.Module.register_full_backward_hook for more details.
  [V12 diag] s=0.040 kf_str=1.000 tju_norm=3.0342 adam_norm=65.7060 kf_active=21/62 gc=21
Epoch   1/50 | Train Loss: 4.0318 | Valid Acc: 16.34% | Test Acc: 0.00% | LR: 0.003000 s=0.040 | Time: 182.9s
  [V12 diag] s=0.197 kf_str=1.000 tju_norm=2.3942 adam_norm=35.1558 kf_active=21/62 gc=21
Epoch   5/50 | Train Loss: 4.0262 | Valid Acc: 15.60% | Test Acc: 0.00% | LR: 0.002953 s=0.197 | Time: 190.4s
  [V12 diag] s=0.380 kf_str=1.000 tju_norm=2.8212 adam_norm=42.1395 kf_active=21/62 gc=21
Epoch  10/50 | Train Loss: 3.5605 | Valid Acc: 28.96% | Test Acc: 29.13% | LR: 0.002767 s=0.380 | Time: 193.1s
  [V12 diag] s=0.537 kf_str=1.000 tju_norm=3.0489 adam_norm=42.6657 kf_active=21/62 gc=21
Epoch  15/50 | Train Loss: 2.9914 | Valid Acc: 42.00% | Test Acc: 29.13% | LR: 0.002456 s=0.537 | Time: 191.0s
  [V12 diag] s=0.664 kf_str=1.000 tju_norm=3.5509 adam_norm=47.1449 kf_active=21/62 gc=21
Epoch  20/50 | Train Loss: 2.5224 | Valid Acc: 52.20% | Test Acc: 51.51% | LR: 0.002053 s=0.664 | Time: 193.3s
  [V12 diag] s=0.762 kf_str=1.000 tju_norm=3.3779 adam_norm=46.6925 kf_active=21/62 gc=21
Epoch  25/50 | Train Loss: 2.1978 | Valid Acc: 57.00% | Test Acc: 57.68% | LR: 0.001595 s=0.762 | Time: 193.1s
  [V12 diag] s=0.834 kf_str=1.000 tju_norm=3.5935 adam_norm=46.1342 kf_active=21/62 gc=21
Epoch  30/50 | Train Loss: 1.9683 | Valid Acc: 62.76% | Test Acc: 61.68% | LR: 0.001128 s=0.834 | Time: 193.0s
  [V12 diag] s=0.885 kf_str=1.000 tju_norm=3.9273 adam_norm=48.7345 kf_active=21/62 gc=21
Epoch  35/50 | Train Loss: 1.7943 | Valid Acc: 64.56% | Test Acc: 61.68% | LR: 0.000697 s=0.885 | Time: 190.5s
  [V12 diag] s=0.922 kf_str=1.000 tju_norm=4.1105 adam_norm=48.2199 kf_active=21/62 gc=21
Epoch  40/50 | Train Loss: 1.6716 | Valid Acc: 65.38% | Test Acc: 65.17% | LR: 0.000345 s=0.922 | Time: 192.4s
  [V12 diag] s=0.947 kf_str=1.000 tju_norm=4.0729 adam_norm=46.1040 kf_active=21/62 gc=21
Epoch  45/50 | Train Loss: 1.5935 | Valid Acc: 66.82% | Test Acc: 65.17% | LR: 0.000106 s=0.947 | Time: 190.3s
  [V12 diag] s=0.964 kf_str=1.000 tju_norm=4.1507 adam_norm=48.2242 kf_active=21/62 gc=21
Epoch  50/50 | Train Loss: 1.5621 | Valid Acc: 66.78% | Test Acc: 66.53% | LR: 0.000004 s=0.964 | Time: 190.2s
Results saved to ./results/v12_round1/cifar100_resnet18_LAKTJU_V12_seed42_20260321_224031.json
Results saved to ./results/v12_round1/cifar100_resnet18_LAKTJU_V12_seed42_20260321_224031.json

============================================================
Training complete: cifar100_resnet18_LAKTJU_V12_seed42
Best Valid Acc: 67.28%
Best Test Acc:  66.37%
Avg Time/Epoch: 190.4s
============================================================
