Device: cuda
Dataset: cifar10 (10 classes)
Model: resnet18 (11,173,962 params)
Optimizer: LAKTJU

============================================================
Starting training: cifar10_resnet18_LAKTJU_seed42
============================================================

<sys>:0: UserWarning: Full backward hook is firing when gradients are computed with respect to module outputs since no inputs require gradients. See https://docs.pytorch.org/docs/main/generated/torch.nn.Module.html#torch.nn.Module.register_full_backward_hook for more details.
Epoch   1/200 | Train Loss: 1.7824 | Valid Acc: 55.98% | Test Acc: 0.00% | LR: 0.003000 s=0.025 | Time: 166.0s
Epoch   5/200 | Train Loss: 1.0599 | Valid Acc: 80.56% | Test Acc: 0.00% | LR: 0.002997 s=0.124 | Time: 175.9s
Epoch  10/200 | Train Loss: 0.9351 | Valid Acc: 84.90% | Test Acc: 85.37% | LR: 0.002985 s=0.245 | Time: 178.0s
Epoch  15/200 | Train Loss: 0.8715 | Valid Acc: 84.86% | Test Acc: 85.37% | LR: 0.002964 s=0.358 | Time: 175.9s
Epoch  20/200 | Train Loss: 0.8289 | Valid Acc: 88.86% | Test Acc: 88.91% | LR: 0.002934 s=0.462 | Time: 177.7s
Epoch  25/200 | Train Loss: 0.7920 | Valid Acc: 88.90% | Test Acc: 88.91% | LR: 0.002895 s=0.555 | Time: 175.5s
Epoch  30/200 | Train Loss: 0.7651 | Valid Acc: 90.20% | Test Acc: 90.08% | LR: 0.002847 s=0.635 | Time: 178.0s
Epoch  35/200 | Train Loss: 0.7356 | Valid Acc: 90.40% | Test Acc: 90.08% | LR: 0.002791 s=0.704 | Time: 175.6s
Epoch  40/200 | Train Loss: 0.7137 | Valid Acc: 90.56% | Test Acc: 89.79% | LR: 0.002727 s=0.762 | Time: 177.7s
Epoch  45/200 | Train Loss: 0.6904 | Valid Acc: 92.10% | Test Acc: 89.79% | LR: 0.002656 s=0.809 | Time: 175.7s
Epoch  50/200 | Train Loss: 0.6708 | Valid Acc: 92.42% | Test Acc: 91.85% | LR: 0.002577 s=0.848 | Time: 177.5s
Results saved to ./results/v14_sprint/cifar10_resnet18_LAKTJU_seed42_20260323_093524.json
Epoch  55/200 | Train Loss: 0.6508 | Valid Acc: 92.20% | Test Acc: 91.85% | LR: 0.002492 s=0.880 | Time: 175.4s
Epoch  60/200 | Train Loss: 0.6382 | Valid Acc: 91.82% | Test Acc: 91.99% | LR: 0.002401 s=0.905 | Time: 177.4s
Epoch  65/200 | Train Loss: 0.6284 | Valid Acc: 93.18% | Test Acc: 91.99% | LR: 0.002304 s=0.925 | Time: 175.5s
Epoch  70/200 | Train Loss: 0.6108 | Valid Acc: 93.62% | Test Acc: 93.04% | LR: 0.002202 s=0.941 | Time: 177.6s
Epoch  75/200 | Train Loss: 0.6030 | Valid Acc: 93.70% | Test Acc: 93.04% | LR: 0.002096 s=0.954 | Time: 175.5s
Epoch  80/200 | Train Loss: 0.5945 | Valid Acc: 93.04% | Test Acc: 93.31% | LR: 0.001986 s=0.964 | Time: 177.5s
Epoch  85/200 | Train Loss: 0.5821 | Valid Acc: 93.64% | Test Acc: 93.31% | LR: 0.001873 s=0.972 | Time: 175.4s
Epoch  90/200 | Train Loss: 0.5766 | Valid Acc: 94.14% | Test Acc: 94.00% | LR: 0.001758 s=0.978 | Time: 177.3s
Epoch  95/200 | Train Loss: 0.5693 | Valid Acc: 94.60% | Test Acc: 94.00% | LR: 0.001642 s=0.983 | Time: 175.4s
Epoch 100/200 | Train Loss: 0.5627 | Valid Acc: 94.28% | Test Acc: 94.32% | LR: 0.001524 s=0.987 | Time: 177.3s
Results saved to ./results/v14_sprint/cifar10_resnet18_LAKTJU_seed42_20260323_093524.json
Epoch 105/200 | Train Loss: 0.5573 | Valid Acc: 94.74% | Test Acc: 94.32% | LR: 0.001406 s=0.990 | Time: 175.6s
Epoch 110/200 | Train Loss: 0.5520 | Valid Acc: 94.52% | Test Acc: 94.82% | LR: 0.001289 s=0.992 | Time: 177.4s
Epoch 115/200 | Train Loss: 0.5473 | Valid Acc: 94.66% | Test Acc: 94.82% | LR: 0.001173 s=0.994 | Time: 175.5s
Epoch 120/200 | Train Loss: 0.5413 | Valid Acc: 94.48% | Test Acc: 94.80% | LR: 0.001060 s=0.995 | Time: 177.5s
Epoch 125/200 | Train Loss: 0.5372 | Valid Acc: 94.58% | Test Acc: 94.80% | LR: 0.000948 s=0.996 | Time: 175.5s
Epoch 130/200 | Train Loss: 0.5347 | Valid Acc: 94.98% | Test Acc: 94.88% | LR: 0.000841 s=0.997 | Time: 177.6s
Epoch 135/200 | Train Loss: 0.5331 | Valid Acc: 94.90% | Test Acc: 94.88% | LR: 0.000737 s=0.998 | Time: 175.6s
Epoch 140/200 | Train Loss: 0.5297 | Valid Acc: 95.52% | Test Acc: 94.99% | LR: 0.000638 s=0.998 | Time: 177.8s
Epoch 145/200 | Train Loss: 0.5249 | Valid Acc: 95.34% | Test Acc: 94.99% | LR: 0.000545 s=0.999 | Time: 175.7s
Epoch 150/200 | Train Loss: 0.5237 | Valid Acc: 95.26% | Test Acc: 95.28% | LR: 0.000457 s=0.999 | Time: 177.8s
Results saved to ./results/v14_sprint/cifar10_resnet18_LAKTJU_seed42_20260323_093524.json
Epoch 155/200 | Train Loss: 0.5209 | Valid Acc: 95.42% | Test Acc: 95.28% | LR: 0.000376 s=0.999 | Time: 175.6s
Epoch 160/200 | Train Loss: 0.5184 | Valid Acc: 95.32% | Test Acc: 95.58% | LR: 0.000301 s=0.999 | Time: 177.7s
Epoch 165/200 | Train Loss: 0.5169 | Valid Acc: 95.34% | Test Acc: 95.58% | LR: 0.000234 s=0.999 | Time: 175.5s
Epoch 170/200 | Train Loss: 0.5157 | Valid Acc: 95.48% | Test Acc: 95.27% | LR: 0.000175 s=1.000 | Time: 177.8s
Epoch 175/200 | Train Loss: 0.5150 | Valid Acc: 95.58% | Test Acc: 95.27% | LR: 0.000124 s=1.000 | Time: 175.4s
Epoch 180/200 | Train Loss: 0.5135 | Valid Acc: 95.70% | Test Acc: 95.56% | LR: 0.000082 s=1.000 | Time: 177.7s
Epoch 185/200 | Train Loss: 0.5127 | Valid Acc: 95.58% | Test Acc: 95.56% | LR: 0.000048 s=1.000 | Time: 175.5s
Epoch 190/200 | Train Loss: 0.5120 | Valid Acc: 95.72% | Test Acc: 95.64% | LR: 0.000023 s=1.000 | Time: 177.8s
Epoch 195/200 | Train Loss: 0.5124 | Valid Acc: 95.78% | Test Acc: 95.64% | LR: 0.000008 s=1.000 | Time: 175.3s
Epoch 200/200 | Train Loss: 0.5125 | Valid Acc: 95.70% | Test Acc: 95.70% | LR: 0.000001 s=1.000 | Time: 171.3s
Results saved to ./results/v14_sprint/cifar10_resnet18_LAKTJU_seed42_20260323_093524.json
Results saved to ./results/v14_sprint/cifar10_resnet18_LAKTJU_seed42_20260323_093524.json

============================================================
Training complete: cifar10_resnet18_LAKTJU_seed42
Best Valid Acc: 95.78%
Best Test Acc:  95.68%
Avg Time/Epoch: 175.4s
============================================================
