Device: cuda
Dataset: cifar10 (10 classes)
Model: resnet18 (11,173,962 params)
Optimizer: LAKTJU

============================================================
Starting training: cifar10_resnet18_LAKTJU_seed456
============================================================

<sys>:0: UserWarning: Full backward hook is firing when gradients are computed with respect to module outputs since no inputs require gradients. See https://docs.pytorch.org/docs/main/generated/torch.nn.Module.html#torch.nn.Module.register_full_backward_hook for more details.
Epoch   1/200 | Train Loss: 1.7876 | Valid Acc: 56.14% | Test Acc: 0.00% | LR: 0.003000 s=0.025 | Time: 164.8s
Epoch   5/200 | Train Loss: 1.0560 | Valid Acc: 79.96% | Test Acc: 0.00% | LR: 0.002997 s=0.124 | Time: 175.7s
Epoch  10/200 | Train Loss: 0.9309 | Valid Acc: 83.78% | Test Acc: 83.27% | LR: 0.002985 s=0.245 | Time: 177.9s
Epoch  15/200 | Train Loss: 0.8721 | Valid Acc: 86.48% | Test Acc: 83.27% | LR: 0.002964 s=0.358 | Time: 175.9s
Epoch  20/200 | Train Loss: 0.8282 | Valid Acc: 88.90% | Test Acc: 87.66% | LR: 0.002934 s=0.462 | Time: 176.9s
Epoch  25/200 | Train Loss: 0.7894 | Valid Acc: 89.24% | Test Acc: 87.66% | LR: 0.002895 s=0.555 | Time: 175.4s
Epoch  30/200 | Train Loss: 0.7603 | Valid Acc: 89.92% | Test Acc: 89.04% | LR: 0.002847 s=0.635 | Time: 177.4s
Epoch  35/200 | Train Loss: 0.7315 | Valid Acc: 88.50% | Test Acc: 89.04% | LR: 0.002791 s=0.704 | Time: 175.6s
Epoch  40/200 | Train Loss: 0.7095 | Valid Acc: 90.94% | Test Acc: 90.21% | LR: 0.002727 s=0.762 | Time: 177.3s
Epoch  45/200 | Train Loss: 0.6932 | Valid Acc: 91.76% | Test Acc: 90.21% | LR: 0.002656 s=0.809 | Time: 175.6s
Epoch  50/200 | Train Loss: 0.6704 | Valid Acc: 92.30% | Test Acc: 91.88% | LR: 0.002577 s=0.848 | Time: 177.4s
Results saved to ./results/v14_sprint/cifar10_resnet18_LAKTJU_seed456_20260323_093524.json
Epoch  55/200 | Train Loss: 0.6527 | Valid Acc: 93.28% | Test Acc: 91.88% | LR: 0.002492 s=0.880 | Time: 175.5s
Epoch  60/200 | Train Loss: 0.6399 | Valid Acc: 92.74% | Test Acc: 92.53% | LR: 0.002401 s=0.905 | Time: 177.4s
Epoch  65/200 | Train Loss: 0.6222 | Valid Acc: 93.32% | Test Acc: 92.53% | LR: 0.002304 s=0.925 | Time: 175.5s
Epoch  70/200 | Train Loss: 0.6125 | Valid Acc: 94.02% | Test Acc: 93.12% | LR: 0.002202 s=0.941 | Time: 177.4s
Epoch  75/200 | Train Loss: 0.6013 | Valid Acc: 94.44% | Test Acc: 93.12% | LR: 0.002096 s=0.954 | Time: 175.4s
Epoch  80/200 | Train Loss: 0.5908 | Valid Acc: 93.82% | Test Acc: 93.82% | LR: 0.001986 s=0.964 | Time: 177.6s
Epoch  85/200 | Train Loss: 0.5875 | Valid Acc: 94.84% | Test Acc: 93.82% | LR: 0.001873 s=0.972 | Time: 175.5s
Epoch  90/200 | Train Loss: 0.5756 | Valid Acc: 94.40% | Test Acc: 93.52% | LR: 0.001758 s=0.978 | Time: 177.3s
Epoch  95/200 | Train Loss: 0.5669 | Valid Acc: 95.04% | Test Acc: 93.52% | LR: 0.001642 s=0.983 | Time: 175.5s
Epoch 100/200 | Train Loss: 0.5637 | Valid Acc: 94.60% | Test Acc: 94.23% | LR: 0.001524 s=0.987 | Time: 177.5s
Results saved to ./results/v14_sprint/cifar10_resnet18_LAKTJU_seed456_20260323_093524.json
Epoch 105/200 | Train Loss: 0.5554 | Valid Acc: 95.20% | Test Acc: 94.23% | LR: 0.001406 s=0.990 | Time: 175.7s
Epoch 110/200 | Train Loss: 0.5516 | Valid Acc: 94.68% | Test Acc: 94.04% | LR: 0.001289 s=0.992 | Time: 177.6s
Epoch 115/200 | Train Loss: 0.5497 | Valid Acc: 94.96% | Test Acc: 94.04% | LR: 0.001173 s=0.994 | Time: 175.5s
Epoch 120/200 | Train Loss: 0.5429 | Valid Acc: 95.16% | Test Acc: 94.76% | LR: 0.001060 s=0.995 | Time: 177.4s
Epoch 125/200 | Train Loss: 0.5382 | Valid Acc: 95.10% | Test Acc: 94.76% | LR: 0.000948 s=0.996 | Time: 175.2s
Epoch 130/200 | Train Loss: 0.5351 | Valid Acc: 95.32% | Test Acc: 94.84% | LR: 0.000841 s=0.997 | Time: 177.4s
Epoch 135/200 | Train Loss: 0.5310 | Valid Acc: 95.40% | Test Acc: 94.84% | LR: 0.000737 s=0.998 | Time: 175.4s
Epoch 140/200 | Train Loss: 0.5275 | Valid Acc: 95.54% | Test Acc: 94.97% | LR: 0.000638 s=0.998 | Time: 177.4s
Epoch 145/200 | Train Loss: 0.5254 | Valid Acc: 95.52% | Test Acc: 94.97% | LR: 0.000545 s=0.999 | Time: 175.3s
Epoch 150/200 | Train Loss: 0.5238 | Valid Acc: 95.78% | Test Acc: 95.26% | LR: 0.000457 s=0.999 | Time: 177.3s
Results saved to ./results/v14_sprint/cifar10_resnet18_LAKTJU_seed456_20260323_093524.json
Epoch 155/200 | Train Loss: 0.5207 | Valid Acc: 95.74% | Test Acc: 95.26% | LR: 0.000376 s=0.999 | Time: 175.7s
Epoch 160/200 | Train Loss: 0.5203 | Valid Acc: 95.68% | Test Acc: 95.26% | LR: 0.000301 s=0.999 | Time: 177.8s
Epoch 165/200 | Train Loss: 0.5181 | Valid Acc: 95.74% | Test Acc: 95.26% | LR: 0.000234 s=0.999 | Time: 175.6s
Epoch 170/200 | Train Loss: 0.5166 | Valid Acc: 95.94% | Test Acc: 95.45% | LR: 0.000175 s=1.000 | Time: 177.8s
Epoch 175/200 | Train Loss: 0.5138 | Valid Acc: 95.98% | Test Acc: 95.45% | LR: 0.000124 s=1.000 | Time: 175.6s
Epoch 180/200 | Train Loss: 0.5131 | Valid Acc: 96.08% | Test Acc: 95.32% | LR: 0.000082 s=1.000 | Time: 177.6s
Epoch 185/200 | Train Loss: 0.5133 | Valid Acc: 96.14% | Test Acc: 95.32% | LR: 0.000048 s=1.000 | Time: 175.6s
Epoch 190/200 | Train Loss: 0.5123 | Valid Acc: 96.10% | Test Acc: 95.47% | LR: 0.000023 s=1.000 | Time: 177.6s
Epoch 195/200 | Train Loss: 0.5132 | Valid Acc: 96.06% | Test Acc: 95.47% | LR: 0.000008 s=1.000 | Time: 175.4s
Epoch 200/200 | Train Loss: 0.5123 | Valid Acc: 96.06% | Test Acc: 95.44% | LR: 0.000001 s=1.000 | Time: 174.6s
Results saved to ./results/v14_sprint/cifar10_resnet18_LAKTJU_seed456_20260323_093524.json
Results saved to ./results/v14_sprint/cifar10_resnet18_LAKTJU_seed456_20260323_093524.json

============================================================
Training complete: cifar10_resnet18_LAKTJU_seed456
Best Valid Acc: 96.16%
Best Test Acc:  95.43%
Avg Time/Epoch: 175.4s
============================================================
