Device: cuda
Dataset: cifar10 (10 classes)
Model: resnet18 (11,173,962 params)
Optimizer: LAKTJU

============================================================
Starting training: cifar10_resnet18_LAKTJU_seed123
============================================================

<sys>:0: UserWarning: Full backward hook is firing when gradients are computed with respect to module outputs since no inputs require gradients. See https://docs.pytorch.org/docs/main/generated/torch.nn.Module.html#torch.nn.Module.register_full_backward_hook for more details.
Epoch   1/300 | Train Loss: 1.8035 | Valid Acc: 57.58% | Test Acc: 0.00% | LR: 0.003000 s=0.017 | Time: 166.0s
Epoch   5/300 | Train Loss: 1.0506 | Valid Acc: 80.26% | Test Acc: 0.00% | LR: 0.002999 s=0.083 | Time: 176.0s
Epoch  10/300 | Train Loss: 0.9248 | Valid Acc: 83.58% | Test Acc: 83.53% | LR: 0.002993 s=0.165 | Time: 178.2s
Epoch  15/300 | Train Loss: 0.8689 | Valid Acc: 84.52% | Test Acc: 83.53% | LR: 0.002984 s=0.245 | Time: 175.9s
Epoch  20/300 | Train Loss: 0.8267 | Valid Acc: 87.06% | Test Acc: 87.14% | LR: 0.002970 s=0.322 | Time: 177.8s
Epoch  25/300 | Train Loss: 0.7976 | Valid Acc: 87.76% | Test Acc: 87.14% | LR: 0.002953 s=0.394 | Time: 175.5s
Epoch  30/300 | Train Loss: 0.7712 | Valid Acc: 88.38% | Test Acc: 88.52% | LR: 0.002931 s=0.462 | Time: 178.0s
Epoch  35/300 | Train Loss: 0.7513 | Valid Acc: 88.38% | Test Acc: 88.52% | LR: 0.002906 s=0.525 | Time: 175.5s
Epoch  40/300 | Train Loss: 0.7311 | Valid Acc: 91.06% | Test Acc: 91.04% | LR: 0.002877 s=0.583 | Time: 177.6s
Epoch  45/300 | Train Loss: 0.7164 | Valid Acc: 91.06% | Test Acc: 91.04% | LR: 0.002844 s=0.635 | Time: 175.7s
Epoch  50/300 | Train Loss: 0.7025 | Valid Acc: 91.88% | Test Acc: 92.11% | LR: 0.002807 s=0.682 | Time: 177.6s
Results saved to ./results/v14_sprint/cifar10_resnet18_LAKTJU_seed123_20260323_093524.json
Epoch  55/300 | Train Loss: 0.6866 | Valid Acc: 91.50% | Test Acc: 92.11% | LR: 0.002767 s=0.724 | Time: 175.7s
Epoch  60/300 | Train Loss: 0.6692 | Valid Acc: 92.08% | Test Acc: 91.80% | LR: 0.002723 s=0.762 | Time: 177.2s
Epoch  65/300 | Train Loss: 0.6595 | Valid Acc: 91.48% | Test Acc: 91.80% | LR: 0.002676 s=0.794 | Time: 175.5s
Epoch  70/300 | Train Loss: 0.6496 | Valid Acc: 92.04% | Test Acc: 92.12% | LR: 0.002625 s=0.823 | Time: 177.4s
Epoch  75/300 | Train Loss: 0.6401 | Valid Acc: 93.02% | Test Acc: 92.12% | LR: 0.002572 s=0.848 | Time: 175.4s
Epoch  80/300 | Train Loss: 0.6296 | Valid Acc: 92.16% | Test Acc: 92.97% | LR: 0.002515 s=0.870 | Time: 177.5s
Epoch  85/300 | Train Loss: 0.6198 | Valid Acc: 93.20% | Test Acc: 92.97% | LR: 0.002456 s=0.889 | Time: 175.6s
Epoch  90/300 | Train Loss: 0.6127 | Valid Acc: 92.06% | Test Acc: 91.81% | LR: 0.002395 s=0.905 | Time: 177.3s
Epoch  95/300 | Train Loss: 0.6013 | Valid Acc: 93.74% | Test Acc: 91.81% | LR: 0.002330 s=0.919 | Time: 175.4s
Epoch 100/300 | Train Loss: 0.5959 | Valid Acc: 93.36% | Test Acc: 93.52% | LR: 0.002264 s=0.931 | Time: 177.3s
Results saved to ./results/v14_sprint/cifar10_resnet18_LAKTJU_seed123_20260323_093524.json
Epoch 105/300 | Train Loss: 0.5893 | Valid Acc: 93.38% | Test Acc: 93.52% | LR: 0.002195 s=0.941 | Time: 175.8s
Epoch 110/300 | Train Loss: 0.5809 | Valid Acc: 93.64% | Test Acc: 93.74% | LR: 0.002125 s=0.950 | Time: 177.4s
Epoch 115/300 | Train Loss: 0.5762 | Valid Acc: 93.58% | Test Acc: 93.74% | LR: 0.002053 s=0.958 | Time: 175.7s
Epoch 120/300 | Train Loss: 0.5733 | Valid Acc: 93.46% | Test Acc: 93.79% | LR: 0.001979 s=0.964 | Time: 177.2s
Epoch 125/300 | Train Loss: 0.5665 | Valid Acc: 93.88% | Test Acc: 93.79% | LR: 0.001904 s=0.969 | Time: 175.5s
Epoch 130/300 | Train Loss: 0.5630 | Valid Acc: 94.04% | Test Acc: 94.61% | LR: 0.001828 s=0.974 | Time: 177.2s
Epoch 135/300 | Train Loss: 0.5571 | Valid Acc: 94.32% | Test Acc: 94.61% | LR: 0.001751 s=0.978 | Time: 175.3s
Epoch 140/300 | Train Loss: 0.5544 | Valid Acc: 94.36% | Test Acc: 94.49% | LR: 0.001673 s=0.981 | Time: 177.2s
Epoch 145/300 | Train Loss: 0.5494 | Valid Acc: 93.96% | Test Acc: 94.49% | LR: 0.001595 s=0.984 | Time: 175.6s
Epoch 150/300 | Train Loss: 0.5504 | Valid Acc: 94.26% | Test Acc: 94.39% | LR: 0.001516 s=0.987 | Time: 177.1s
Results saved to ./results/v14_sprint/cifar10_resnet18_LAKTJU_seed123_20260323_093524.json
Epoch 155/300 | Train Loss: 0.5456 | Valid Acc: 94.44% | Test Acc: 94.39% | LR: 0.001438 s=0.989 | Time: 175.3s
Epoch 160/300 | Train Loss: 0.5431 | Valid Acc: 94.90% | Test Acc: 94.60% | LR: 0.001359 s=0.990 | Time: 177.4s
Epoch 165/300 | Train Loss: 0.5377 | Valid Acc: 94.72% | Test Acc: 94.60% | LR: 0.001281 s=0.992 | Time: 175.5s
Epoch 170/300 | Train Loss: 0.5357 | Valid Acc: 94.76% | Test Acc: 94.94% | LR: 0.001204 s=0.993 | Time: 177.2s
Epoch 175/300 | Train Loss: 0.5320 | Valid Acc: 94.54% | Test Acc: 94.94% | LR: 0.001128 s=0.994 | Time: 175.4s
Epoch 180/300 | Train Loss: 0.5312 | Valid Acc: 95.26% | Test Acc: 94.90% | LR: 0.001052 s=0.995 | Time: 177.4s
Epoch 185/300 | Train Loss: 0.5284 | Valid Acc: 95.14% | Test Acc: 94.90% | LR: 0.000978 s=0.996 | Time: 175.6s
Epoch 190/300 | Train Loss: 0.5263 | Valid Acc: 94.94% | Test Acc: 94.86% | LR: 0.000905 s=0.996 | Time: 177.5s
Epoch 195/300 | Train Loss: 0.5221 | Valid Acc: 94.88% | Test Acc: 94.86% | LR: 0.000834 s=0.997 | Time: 175.6s
Epoch 200/300 | Train Loss: 0.5232 | Valid Acc: 94.88% | Test Acc: 94.99% | LR: 0.000764 s=0.997 | Time: 176.6s
Results saved to ./results/v14_sprint/cifar10_resnet18_LAKTJU_seed123_20260323_093524.json
Epoch 205/300 | Train Loss: 0.5226 | Valid Acc: 94.74% | Test Acc: 94.99% | LR: 0.000697 s=0.998 | Time: 34.5s
Epoch 210/300 | Train Loss: 0.5203 | Valid Acc: 94.88% | Test Acc: 95.28% | LR: 0.000632 s=0.998 | Time: 35.0s
Epoch 215/300 | Train Loss: 0.5193 | Valid Acc: 95.00% | Test Acc: 95.28% | LR: 0.000569 s=0.998 | Time: 34.5s
Epoch 220/300 | Train Loss: 0.5178 | Valid Acc: 95.02% | Test Acc: 95.38% | LR: 0.000509 s=0.999 | Time: 35.1s
Epoch 225/300 | Train Loss: 0.5163 | Valid Acc: 95.22% | Test Acc: 95.38% | LR: 0.000451 s=0.999 | Time: 34.6s
Epoch 230/300 | Train Loss: 0.5151 | Valid Acc: 95.30% | Test Acc: 95.37% | LR: 0.000397 s=0.999 | Time: 35.1s
Epoch 235/300 | Train Loss: 0.5127 | Valid Acc: 95.08% | Test Acc: 95.37% | LR: 0.000345 s=0.999 | Time: 34.6s
Epoch 240/300 | Train Loss: 0.5130 | Valid Acc: 95.44% | Test Acc: 95.41% | LR: 0.000297 s=0.999 | Time: 35.1s
Epoch 245/300 | Train Loss: 0.5123 | Valid Acc: 95.50% | Test Acc: 95.41% | LR: 0.000252 s=0.999 | Time: 34.7s
Epoch 250/300 | Train Loss: 0.5107 | Valid Acc: 95.26% | Test Acc: 95.64% | LR: 0.000210 s=1.000 | Time: 35.2s
Results saved to ./results/v14_sprint/cifar10_resnet18_LAKTJU_seed123_20260323_093524.json
Epoch 255/300 | Train Loss: 0.5111 | Valid Acc: 95.34% | Test Acc: 95.64% | LR: 0.000172 s=1.000 | Time: 34.6s
Epoch 260/300 | Train Loss: 0.5090 | Valid Acc: 95.26% | Test Acc: 95.66% | LR: 0.000137 s=1.000 | Time: 35.1s
Epoch 265/300 | Train Loss: 0.5085 | Valid Acc: 95.36% | Test Acc: 95.66% | LR: 0.000106 s=1.000 | Time: 34.6s
Epoch 270/300 | Train Loss: 0.5094 | Valid Acc: 95.34% | Test Acc: 95.52% | LR: 0.000079 s=1.000 | Time: 35.1s
Epoch 275/300 | Train Loss: 0.5080 | Valid Acc: 95.30% | Test Acc: 95.52% | LR: 0.000056 s=1.000 | Time: 34.7s
Epoch 280/300 | Train Loss: 0.5083 | Valid Acc: 95.34% | Test Acc: 95.49% | LR: 0.000037 s=1.000 | Time: 35.1s
Epoch 285/300 | Train Loss: 0.5084 | Valid Acc: 95.22% | Test Acc: 95.49% | LR: 0.000022 s=1.000 | Time: 34.6s
Epoch 290/300 | Train Loss: 0.5080 | Valid Acc: 95.26% | Test Acc: 95.59% | LR: 0.000011 s=1.000 | Time: 35.1s
Epoch 295/300 | Train Loss: 0.5076 | Valid Acc: 95.38% | Test Acc: 95.59% | LR: 0.000004 s=1.000 | Time: 34.7s
Epoch 300/300 | Train Loss: 0.5082 | Valid Acc: 95.32% | Test Acc: 95.65% | LR: 0.000001 s=1.000 | Time: 34.0s
Results saved to ./results/v14_sprint/cifar10_resnet18_LAKTJU_seed123_20260323_093524.json
Results saved to ./results/v14_sprint/cifar10_resnet18_LAKTJU_seed123_20260323_093524.json

============================================================
Training complete: cifar10_resnet18_LAKTJU_seed123
Best Valid Acc: 95.62%
Best Test Acc:  95.63%
Avg Time/Epoch: 128.5s
============================================================
