Device: cuda
Dataset: cifar10 (10 classes)
Model: resnet18 (11,173,962 params)
Optimizer: LAKTJU

============================================================
Starting training: cifar10_resnet18_LAKTJU_seed42
============================================================

<sys>:0: UserWarning: Full backward hook is firing when gradients are computed with respect to module outputs since no inputs require gradients. See https://docs.pytorch.org/docs/main/generated/torch.nn.Module.html#torch.nn.Module.register_full_backward_hook for more details.
Epoch   1/200 | Train Loss: 1.7749 | Valid Acc: 57.00% | Test Acc: 0.00% | LR: 0.003000 s=0.025 | Time: 165.9s
Epoch   5/200 | Train Loss: 1.0713 | Valid Acc: 79.16% | Test Acc: 0.00% | LR: 0.002997 s=0.124 | Time: 175.5s
Epoch  10/200 | Train Loss: 0.9650 | Valid Acc: 85.58% | Test Acc: 84.49% | LR: 0.002985 s=0.245 | Time: 177.9s
Epoch  15/200 | Train Loss: 0.8985 | Valid Acc: 81.30% | Test Acc: 84.49% | LR: 0.002964 s=0.358 | Time: 176.1s
Epoch  20/200 | Train Loss: 0.8616 | Valid Acc: 85.70% | Test Acc: 85.14% | LR: 0.002934 s=0.462 | Time: 177.3s
Epoch  25/200 | Train Loss: 0.8294 | Valid Acc: 88.22% | Test Acc: 85.14% | LR: 0.002895 s=0.555 | Time: 175.4s
Epoch  30/200 | Train Loss: 0.7997 | Valid Acc: 89.18% | Test Acc: 88.46% | LR: 0.002847 s=0.635 | Time: 176.9s
Epoch  35/200 | Train Loss: 0.7734 | Valid Acc: 80.68% | Test Acc: 88.46% | LR: 0.002791 s=0.704 | Time: 175.5s
Epoch  40/200 | Train Loss: 0.7474 | Valid Acc: 88.86% | Test Acc: 87.90% | LR: 0.002727 s=0.762 | Time: 177.4s
Epoch  45/200 | Train Loss: 0.7256 | Valid Acc: 90.92% | Test Acc: 87.90% | LR: 0.002656 s=0.809 | Time: 175.4s
Epoch  50/200 | Train Loss: 0.6995 | Valid Acc: 91.60% | Test Acc: 91.02% | LR: 0.002577 s=0.848 | Time: 177.2s
Results saved to ./results/v14_sprint/cifar10_resnet18_LAKTJU_seed42_20260323_093524.json
Epoch  55/200 | Train Loss: 0.6825 | Valid Acc: 91.82% | Test Acc: 91.02% | LR: 0.002492 s=0.880 | Time: 175.7s
Epoch  60/200 | Train Loss: 0.6672 | Valid Acc: 91.00% | Test Acc: 90.34% | LR: 0.002401 s=0.905 | Time: 177.2s
Epoch  65/200 | Train Loss: 0.6533 | Valid Acc: 93.42% | Test Acc: 90.34% | LR: 0.002304 s=0.925 | Time: 175.5s
Epoch  70/200 | Train Loss: 0.6345 | Valid Acc: 92.90% | Test Acc: 92.62% | LR: 0.002202 s=0.941 | Time: 177.2s
Epoch  75/200 | Train Loss: 0.6227 | Valid Acc: 92.84% | Test Acc: 92.62% | LR: 0.002096 s=0.954 | Time: 175.5s
Epoch  80/200 | Train Loss: 0.6125 | Valid Acc: 93.48% | Test Acc: 93.08% | LR: 0.001986 s=0.964 | Time: 177.5s
Epoch  85/200 | Train Loss: 0.5993 | Valid Acc: 94.02% | Test Acc: 93.08% | LR: 0.001873 s=0.972 | Time: 175.6s
Epoch  90/200 | Train Loss: 0.5922 | Valid Acc: 93.70% | Test Acc: 93.59% | LR: 0.001758 s=0.978 | Time: 177.5s
Epoch  95/200 | Train Loss: 0.5802 | Valid Acc: 94.48% | Test Acc: 93.59% | LR: 0.001642 s=0.983 | Time: 175.3s
Epoch 100/200 | Train Loss: 0.5741 | Valid Acc: 94.10% | Test Acc: 94.32% | LR: 0.001524 s=0.987 | Time: 177.4s
Results saved to ./results/v14_sprint/cifar10_resnet18_LAKTJU_seed42_20260323_093524.json
Epoch 105/200 | Train Loss: 0.5649 | Valid Acc: 93.96% | Test Acc: 94.32% | LR: 0.001406 s=0.990 | Time: 175.7s
Epoch 110/200 | Train Loss: 0.5618 | Valid Acc: 94.96% | Test Acc: 94.84% | LR: 0.001289 s=0.992 | Time: 177.6s
Epoch 115/200 | Train Loss: 0.5529 | Valid Acc: 94.90% | Test Acc: 94.84% | LR: 0.001173 s=0.994 | Time: 175.6s
Epoch 120/200 | Train Loss: 0.5500 | Valid Acc: 95.32% | Test Acc: 94.60% | LR: 0.001060 s=0.995 | Time: 177.6s
Epoch 125/200 | Train Loss: 0.5450 | Valid Acc: 94.78% | Test Acc: 94.60% | LR: 0.000948 s=0.996 | Time: 175.5s
Epoch 130/200 | Train Loss: 0.5408 | Valid Acc: 95.14% | Test Acc: 95.26% | LR: 0.000841 s=0.997 | Time: 177.5s
Epoch 135/200 | Train Loss: 0.5369 | Valid Acc: 95.36% | Test Acc: 95.26% | LR: 0.000737 s=0.998 | Time: 175.4s
Epoch 140/200 | Train Loss: 0.5339 | Valid Acc: 95.56% | Test Acc: 95.05% | LR: 0.000638 s=0.998 | Time: 177.6s
Epoch 145/200 | Train Loss: 0.5296 | Valid Acc: 95.78% | Test Acc: 95.05% | LR: 0.000545 s=0.999 | Time: 175.6s
Epoch 150/200 | Train Loss: 0.5271 | Valid Acc: 95.70% | Test Acc: 95.38% | LR: 0.000457 s=0.999 | Time: 177.6s
Results saved to ./results/v14_sprint/cifar10_resnet18_LAKTJU_seed42_20260323_093524.json
Epoch 155/200 | Train Loss: 0.5237 | Valid Acc: 95.70% | Test Acc: 95.38% | LR: 0.000376 s=0.999 | Time: 175.7s
Epoch 160/200 | Train Loss: 0.5217 | Valid Acc: 95.80% | Test Acc: 95.42% | LR: 0.000301 s=0.999 | Time: 177.7s
Epoch 165/200 | Train Loss: 0.5199 | Valid Acc: 95.88% | Test Acc: 95.42% | LR: 0.000234 s=0.999 | Time: 175.6s
Epoch 170/200 | Train Loss: 0.5184 | Valid Acc: 95.54% | Test Acc: 95.72% | LR: 0.000175 s=1.000 | Time: 177.7s
Epoch 175/200 | Train Loss: 0.5154 | Valid Acc: 95.72% | Test Acc: 95.72% | LR: 0.000124 s=1.000 | Time: 175.6s
Epoch 180/200 | Train Loss: 0.5154 | Valid Acc: 95.88% | Test Acc: 95.69% | LR: 0.000082 s=1.000 | Time: 177.6s
Epoch 185/200 | Train Loss: 0.5152 | Valid Acc: 96.04% | Test Acc: 95.69% | LR: 0.000048 s=1.000 | Time: 175.6s
Epoch 190/200 | Train Loss: 0.5147 | Valid Acc: 96.12% | Test Acc: 95.75% | LR: 0.000023 s=1.000 | Time: 177.6s
Epoch 195/200 | Train Loss: 0.5158 | Valid Acc: 95.98% | Test Acc: 95.75% | LR: 0.000008 s=1.000 | Time: 175.5s
Epoch 200/200 | Train Loss: 0.5142 | Valid Acc: 96.12% | Test Acc: 95.75% | LR: 0.000001 s=1.000 | Time: 175.2s
Results saved to ./results/v14_sprint/cifar10_resnet18_LAKTJU_seed42_20260323_093524.json
Results saved to ./results/v14_sprint/cifar10_resnet18_LAKTJU_seed42_20260323_093524.json

============================================================
Training complete: cifar10_resnet18_LAKTJU_seed42
Best Valid Acc: 96.18%
Best Test Acc:  95.82%
Avg Time/Epoch: 175.4s
============================================================
