Device: cuda
Dataset: cifar10 (10 classes)
Model: resnet18 (11,173,962 params)
Optimizer: LAKTJU

============================================================
Starting training: cifar10_resnet18_LAKTJU_seed42
============================================================

<sys>:0: UserWarning: Full backward hook is firing when gradients are computed with respect to module outputs since no inputs require gradients. See https://docs.pytorch.org/docs/main/generated/torch.nn.Module.html#torch.nn.Module.register_full_backward_hook for more details.
Epoch   1/200 | Train Loss: 1.7790 | Valid Acc: 58.80% | Test Acc: 0.00% | LR: 0.003000 s=0.040 | Time: 166.0s
Epoch   5/200 | Train Loss: 1.0604 | Valid Acc: 80.54% | Test Acc: 0.00% | LR: 0.002997 s=0.197 | Time: 175.9s
Epoch  10/200 | Train Loss: 0.9317 | Valid Acc: 82.22% | Test Acc: 82.25% | LR: 0.002985 s=0.380 | Time: 178.1s
Epoch  15/200 | Train Loss: 0.8666 | Valid Acc: 85.32% | Test Acc: 82.25% | LR: 0.002964 s=0.537 | Time: 176.0s
Epoch  20/200 | Train Loss: 0.8184 | Valid Acc: 88.16% | Test Acc: 86.49% | LR: 0.002934 s=0.664 | Time: 177.6s
Epoch  25/200 | Train Loss: 0.7776 | Valid Acc: 88.52% | Test Acc: 86.49% | LR: 0.002895 s=0.762 | Time: 175.5s
Epoch  30/200 | Train Loss: 0.7378 | Valid Acc: 90.98% | Test Acc: 90.33% | LR: 0.002847 s=0.834 | Time: 177.8s
Epoch  35/200 | Train Loss: 0.7074 | Valid Acc: 91.38% | Test Acc: 90.33% | LR: 0.002791 s=0.885 | Time: 175.5s
Epoch  40/200 | Train Loss: 0.6850 | Valid Acc: 91.00% | Test Acc: 90.98% | LR: 0.002727 s=0.922 | Time: 178.0s
Epoch  45/200 | Train Loss: 0.6597 | Valid Acc: 92.54% | Test Acc: 90.98% | LR: 0.002656 s=0.947 | Time: 175.7s
Epoch  50/200 | Train Loss: 0.6390 | Valid Acc: 93.20% | Test Acc: 92.54% | LR: 0.002577 s=0.964 | Time: 177.9s
Results saved to ./results/v14_sprint/cifar10_resnet18_LAKTJU_seed42_20260323_093524.json
Epoch  55/200 | Train Loss: 0.6254 | Valid Acc: 93.38% | Test Acc: 92.54% | LR: 0.002492 s=0.976 | Time: 175.5s
Epoch  60/200 | Train Loss: 0.6123 | Valid Acc: 93.70% | Test Acc: 93.26% | LR: 0.002401 s=0.984 | Time: 177.7s
Epoch  65/200 | Train Loss: 0.6015 | Valid Acc: 93.74% | Test Acc: 93.26% | LR: 0.002304 s=0.989 | Time: 175.6s
Epoch  70/200 | Train Loss: 0.5915 | Valid Acc: 94.10% | Test Acc: 93.61% | LR: 0.002202 s=0.993 | Time: 177.5s
Epoch  75/200 | Train Loss: 0.5810 | Valid Acc: 94.14% | Test Acc: 93.61% | LR: 0.002096 s=0.995 | Time: 175.5s
Epoch  80/200 | Train Loss: 0.5781 | Valid Acc: 94.32% | Test Acc: 94.03% | LR: 0.001986 s=0.997 | Time: 177.5s
Epoch  85/200 | Train Loss: 0.5693 | Valid Acc: 94.38% | Test Acc: 94.03% | LR: 0.001873 s=0.998 | Time: 175.7s
Epoch  90/200 | Train Loss: 0.5621 | Valid Acc: 94.40% | Test Acc: 94.59% | LR: 0.001758 s=0.999 | Time: 177.6s
Epoch  95/200 | Train Loss: 0.5574 | Valid Acc: 94.80% | Test Acc: 94.59% | LR: 0.001642 s=0.999 | Time: 175.6s
Epoch 100/200 | Train Loss: 0.5501 | Valid Acc: 94.46% | Test Acc: 94.50% | LR: 0.001524 s=0.999 | Time: 177.5s
Results saved to ./results/v14_sprint/cifar10_resnet18_LAKTJU_seed42_20260323_093524.json
Epoch 105/200 | Train Loss: 0.5469 | Valid Acc: 95.12% | Test Acc: 94.50% | LR: 0.001406 s=1.000 | Time: 175.7s
Epoch 110/200 | Train Loss: 0.5435 | Valid Acc: 95.04% | Test Acc: 94.45% | LR: 0.001289 s=1.000 | Time: 177.6s
Epoch 115/200 | Train Loss: 0.5412 | Valid Acc: 95.10% | Test Acc: 94.45% | LR: 0.001173 s=1.000 | Time: 175.7s
Epoch 120/200 | Train Loss: 0.5355 | Valid Acc: 95.28% | Test Acc: 94.70% | LR: 0.001060 s=1.000 | Time: 177.3s
Epoch 125/200 | Train Loss: 0.5336 | Valid Acc: 95.38% | Test Acc: 94.70% | LR: 0.000948 s=1.000 | Time: 175.5s
Epoch 130/200 | Train Loss: 0.5282 | Valid Acc: 95.34% | Test Acc: 95.03% | LR: 0.000841 s=1.000 | Time: 177.4s
Epoch 135/200 | Train Loss: 0.5263 | Valid Acc: 95.20% | Test Acc: 95.03% | LR: 0.000737 s=1.000 | Time: 175.5s
Epoch 140/200 | Train Loss: 0.5249 | Valid Acc: 95.18% | Test Acc: 95.09% | LR: 0.000638 s=1.000 | Time: 177.3s
Epoch 145/200 | Train Loss: 0.5226 | Valid Acc: 95.54% | Test Acc: 95.09% | LR: 0.000545 s=1.000 | Time: 175.5s
Epoch 150/200 | Train Loss: 0.5202 | Valid Acc: 95.70% | Test Acc: 95.28% | LR: 0.000457 s=1.000 | Time: 177.4s
Results saved to ./results/v14_sprint/cifar10_resnet18_LAKTJU_seed42_20260323_093524.json
Epoch 155/200 | Train Loss: 0.5201 | Valid Acc: 95.80% | Test Acc: 95.28% | LR: 0.000376 s=1.000 | Time: 175.4s
Epoch 160/200 | Train Loss: 0.5165 | Valid Acc: 95.46% | Test Acc: 95.34% | LR: 0.000301 s=1.000 | Time: 177.5s
Epoch 165/200 | Train Loss: 0.5149 | Valid Acc: 95.50% | Test Acc: 95.34% | LR: 0.000234 s=1.000 | Time: 175.4s
Epoch 170/200 | Train Loss: 0.5157 | Valid Acc: 95.74% | Test Acc: 95.43% | LR: 0.000175 s=1.000 | Time: 177.4s
Epoch 175/200 | Train Loss: 0.5129 | Valid Acc: 95.70% | Test Acc: 95.43% | LR: 0.000124 s=1.000 | Time: 175.5s
Epoch 180/200 | Train Loss: 0.5126 | Valid Acc: 95.76% | Test Acc: 95.33% | LR: 0.000082 s=1.000 | Time: 177.5s
Epoch 185/200 | Train Loss: 0.5126 | Valid Acc: 95.84% | Test Acc: 95.33% | LR: 0.000048 s=1.000 | Time: 175.5s
Epoch 190/200 | Train Loss: 0.5132 | Valid Acc: 95.76% | Test Acc: 95.39% | LR: 0.000023 s=1.000 | Time: 177.5s
Epoch 195/200 | Train Loss: 0.5117 | Valid Acc: 95.82% | Test Acc: 95.39% | LR: 0.000008 s=1.000 | Time: 175.5s
Epoch 200/200 | Train Loss: 0.5129 | Valid Acc: 95.80% | Test Acc: 95.33% | LR: 0.000001 s=1.000 | Time: 176.6s
Results saved to ./results/v14_sprint/cifar10_resnet18_LAKTJU_seed42_20260323_093524.json
Results saved to ./results/v14_sprint/cifar10_resnet18_LAKTJU_seed42_20260323_093524.json

============================================================
Training complete: cifar10_resnet18_LAKTJU_seed42
Best Valid Acc: 95.96%
Best Test Acc:  95.42%
Avg Time/Epoch: 175.4s
============================================================
