Device: cuda
Dataset: cifar10 (10 classes)
Model: resnet18 (11,173,962 params)
Optimizer: LAKTJU

============================================================
Starting training: cifar10_resnet18_LAKTJU_seed456
============================================================

<sys>:0: UserWarning: Full backward hook is firing when gradients are computed with respect to module outputs since no inputs require gradients. See https://docs.pytorch.org/docs/main/generated/torch.nn.Module.html#torch.nn.Module.register_full_backward_hook for more details.
Epoch   1/300 | Train Loss: 1.8023 | Valid Acc: 55.72% | Test Acc: 0.00% | LR: 0.003000 s=0.027 | Time: 171.7s
Epoch   5/300 | Train Loss: 1.0748 | Valid Acc: 79.28% | Test Acc: 0.00% | LR: 0.002999 s=0.133 | Time: 182.0s
Epoch  10/300 | Train Loss: 0.9635 | Valid Acc: 82.54% | Test Acc: 82.68% | LR: 0.002993 s=0.261 | Time: 183.6s
Epoch  15/300 | Train Loss: 0.9082 | Valid Acc: 85.78% | Test Acc: 82.68% | LR: 0.002984 s=0.380 | Time: 181.5s
Epoch  20/300 | Train Loss: 0.8698 | Valid Acc: 87.06% | Test Acc: 86.27% | LR: 0.002970 s=0.488 | Time: 184.0s
Epoch  25/300 | Train Loss: 0.8298 | Valid Acc: 86.96% | Test Acc: 86.27% | LR: 0.002953 s=0.583 | Time: 181.4s
Epoch  30/300 | Train Loss: 0.8028 | Valid Acc: 88.44% | Test Acc: 87.72% | LR: 0.002931 s=0.664 | Time: 183.5s
Epoch  35/300 | Train Loss: 0.7706 | Valid Acc: 88.30% | Test Acc: 87.72% | LR: 0.002906 s=0.732 | Time: 181.6s
Epoch  40/300 | Train Loss: 0.7537 | Valid Acc: 91.04% | Test Acc: 90.91% | LR: 0.002877 s=0.788 | Time: 183.8s
Epoch  45/300 | Train Loss: 0.7660 | Valid Acc: 91.62% | Test Acc: 90.91% | LR: 0.002844 s=0.834 | Time: 181.7s
Epoch  50/300 | Train Loss: 0.7124 | Valid Acc: 91.06% | Test Acc: 90.62% | LR: 0.002807 s=0.870 | Time: 184.0s
Results saved to results/v14_round3/cifar10_resnet18_LAKTJU_seed456_20260324_122126.json
Epoch  55/300 | Train Loss: 0.6921 | Valid Acc: 92.84% | Test Acc: 90.62% | LR: 0.002767 s=0.899 | Time: 181.5s
Epoch  60/300 | Train Loss: 0.6721 | Valid Acc: 91.70% | Test Acc: 91.60% | LR: 0.002723 s=0.922 | Time: 183.7s
Epoch  65/300 | Train Loss: 0.6775 | Valid Acc: 93.68% | Test Acc: 91.60% | LR: 0.002676 s=0.939 | Time: 181.3s
Epoch  70/300 | Train Loss: 0.6527 | Valid Acc: 92.30% | Test Acc: 91.80% | LR: 0.002625 s=0.953 | Time: 183.7s
Epoch  75/300 | Train Loss: 0.6444 | Valid Acc: 92.76% | Test Acc: 91.80% | LR: 0.002572 s=0.964 | Time: 181.9s
Epoch  80/300 | Train Loss: 0.6248 | Valid Acc: 93.06% | Test Acc: 92.20% | LR: 0.002515 s=0.972 | Time: 183.6s
Epoch  85/300 | Train Loss: 0.6221 | Valid Acc: 93.52% | Test Acc: 92.20% | LR: 0.002456 s=0.979 | Time: 181.8s
Epoch  90/300 | Train Loss: 0.6083 | Valid Acc: 93.24% | Test Acc: 92.97% | LR: 0.002395 s=0.984 | Time: 183.7s
Epoch  95/300 | Train Loss: 0.6014 | Valid Acc: 94.50% | Test Acc: 92.97% | LR: 0.002330 s=0.987 | Time: 181.6s
Epoch 100/300 | Train Loss: 0.5958 | Valid Acc: 94.06% | Test Acc: 93.43% | LR: 0.002264 s=0.990 | Time: 183.7s
Results saved to results/v14_round3/cifar10_resnet18_LAKTJU_seed456_20260324_122126.json
Epoch 105/300 | Train Loss: 0.5864 | Valid Acc: 93.24% | Test Acc: 93.43% | LR: 0.002195 s=0.993 | Time: 181.6s
Epoch 110/300 | Train Loss: 0.5786 | Valid Acc: 93.92% | Test Acc: 93.48% | LR: 0.002125 s=0.994 | Time: 183.7s
Epoch 115/300 | Train Loss: 0.5772 | Valid Acc: 94.00% | Test Acc: 93.48% | LR: 0.002053 s=0.996 | Time: 181.8s
Epoch 120/300 | Train Loss: 0.5709 | Valid Acc: 94.14% | Test Acc: 93.28% | LR: 0.001979 s=0.997 | Time: 183.9s
Epoch 125/300 | Train Loss: 0.5667 | Valid Acc: 94.32% | Test Acc: 93.28% | LR: 0.001904 s=0.997 | Time: 181.8s
Epoch 130/300 | Train Loss: 0.5622 | Valid Acc: 95.18% | Test Acc: 94.41% | LR: 0.001828 s=0.998 | Time: 183.6s
Epoch 135/300 | Train Loss: 0.5576 | Valid Acc: 94.52% | Test Acc: 94.41% | LR: 0.001751 s=0.999 | Time: 181.6s
Epoch 140/300 | Train Loss: 0.5555 | Valid Acc: 94.28% | Test Acc: 93.50% | LR: 0.001673 s=0.999 | Time: 183.7s
Epoch 145/300 | Train Loss: 0.5509 | Valid Acc: 94.02% | Test Acc: 93.50% | LR: 0.001595 s=0.999 | Time: 181.6s
Epoch 150/300 | Train Loss: 0.5462 | Valid Acc: 95.06% | Test Acc: 94.17% | LR: 0.001516 s=0.999 | Time: 183.6s
Results saved to results/v14_round3/cifar10_resnet18_LAKTJU_seed456_20260324_122126.json
Epoch 155/300 | Train Loss: 0.5604 | Valid Acc: 90.90% | Test Acc: 94.17% | LR: 0.001438 s=0.999 | Time: 181.7s
Epoch 160/300 | Train Loss: 0.5388 | Valid Acc: 95.46% | Test Acc: 94.64% | LR: 0.001359 s=1.000 | Time: 183.6s
Epoch 165/300 | Train Loss: 0.5375 | Valid Acc: 95.08% | Test Acc: 94.64% | LR: 0.001281 s=1.000 | Time: 181.7s
Epoch 170/300 | Train Loss: 0.5372 | Valid Acc: 95.24% | Test Acc: 94.50% | LR: 0.001204 s=1.000 | Time: 183.9s
Epoch 175/300 | Train Loss: 0.5331 | Valid Acc: 95.16% | Test Acc: 94.50% | LR: 0.001128 s=1.000 | Time: 181.7s
Epoch 180/300 | Train Loss: 0.5319 | Valid Acc: 95.34% | Test Acc: 94.28% | LR: 0.001052 s=1.000 | Time: 183.8s
Epoch 185/300 | Train Loss: 0.5304 | Valid Acc: 95.60% | Test Acc: 94.28% | LR: 0.000978 s=1.000 | Time: 181.6s
Epoch 190/300 | Train Loss: 0.5292 | Valid Acc: 95.92% | Test Acc: 94.84% | LR: 0.000905 s=1.000 | Time: 183.6s
Epoch 195/300 | Train Loss: 0.5267 | Valid Acc: 95.42% | Test Acc: 94.84% | LR: 0.000834 s=1.000 | Time: 181.6s
Epoch 200/300 | Train Loss: 0.5230 | Valid Acc: 95.72% | Test Acc: 94.96% | LR: 0.000764 s=1.000 | Time: 183.5s
Results saved to results/v14_round3/cifar10_resnet18_LAKTJU_seed456_20260324_122126.json
Epoch 205/300 | Train Loss: 0.5215 | Valid Acc: 95.68% | Test Acc: 94.96% | LR: 0.000697 s=1.000 | Time: 181.7s
Epoch 210/300 | Train Loss: 0.5210 | Valid Acc: 95.72% | Test Acc: 94.97% | LR: 0.000632 s=1.000 | Time: 183.7s
Epoch 215/300 | Train Loss: 0.5194 | Valid Acc: 95.90% | Test Acc: 94.97% | LR: 0.000569 s=1.000 | Time: 181.7s
Epoch 220/300 | Train Loss: 0.5182 | Valid Acc: 95.76% | Test Acc: 95.18% | LR: 0.000509 s=1.000 | Time: 183.6s
Epoch 225/300 | Train Loss: 0.5166 | Valid Acc: 96.00% | Test Acc: 95.18% | LR: 0.000451 s=1.000 | Time: 181.5s
Epoch 230/300 | Train Loss: 0.5160 | Valid Acc: 95.88% | Test Acc: 95.20% | LR: 0.000397 s=1.000 | Time: 183.6s
Epoch 235/300 | Train Loss: 0.5161 | Valid Acc: 96.12% | Test Acc: 95.20% | LR: 0.000345 s=1.000 | Time: 181.8s
Epoch 240/300 | Train Loss: 0.5146 | Valid Acc: 96.08% | Test Acc: 95.22% | LR: 0.000297 s=1.000 | Time: 183.6s
Epoch 245/300 | Train Loss: 0.5125 | Valid Acc: 95.98% | Test Acc: 95.22% | LR: 0.000252 s=1.000 | Time: 181.7s
Epoch 250/300 | Train Loss: 0.5125 | Valid Acc: 96.08% | Test Acc: 95.51% | LR: 0.000210 s=1.000 | Time: 183.5s
Results saved to results/v14_round3/cifar10_resnet18_LAKTJU_seed456_20260324_122126.json
Epoch 255/300 | Train Loss: 0.5124 | Valid Acc: 96.26% | Test Acc: 95.51% | LR: 0.000172 s=1.000 | Time: 181.5s
Epoch 260/300 | Train Loss: 0.5123 | Valid Acc: 96.08% | Test Acc: 95.54% | LR: 0.000137 s=1.000 | Time: 183.6s
Epoch 265/300 | Train Loss: 0.5125 | Valid Acc: 96.08% | Test Acc: 95.54% | LR: 0.000106 s=1.000 | Time: 181.6s
Epoch 270/300 | Train Loss: 0.5113 | Valid Acc: 96.28% | Test Acc: 95.47% | LR: 0.000079 s=1.000 | Time: 183.5s
Epoch 275/300 | Train Loss: 0.5099 | Valid Acc: 96.42% | Test Acc: 95.47% | LR: 0.000056 s=1.000 | Time: 181.7s
Epoch 280/300 | Train Loss: 0.5092 | Valid Acc: 96.38% | Test Acc: 95.63% | LR: 0.000037 s=1.000 | Time: 183.6s
Epoch 285/300 | Train Loss: 0.5092 | Valid Acc: 96.42% | Test Acc: 95.63% | LR: 0.000022 s=1.000 | Time: 181.5s
Epoch 290/300 | Train Loss: 0.5088 | Valid Acc: 96.44% | Test Acc: 95.61% | LR: 0.000011 s=1.000 | Time: 183.9s
Epoch 295/300 | Train Loss: 0.5098 | Valid Acc: 96.38% | Test Acc: 95.61% | LR: 0.000004 s=1.000 | Time: 181.7s
Epoch 300/300 | Train Loss: 0.5097 | Valid Acc: 96.40% | Test Acc: 95.64% | LR: 0.000001 s=1.000 | Time: 179.3s
Results saved to results/v14_round3/cifar10_resnet18_LAKTJU_seed456_20260324_122126.json
Results saved to results/v14_round3/cifar10_resnet18_LAKTJU_seed456_20260324_122126.json

============================================================
Training complete: cifar10_resnet18_LAKTJU_seed456
Best Valid Acc: 96.48%
Best Test Acc:  95.59%
Avg Time/Epoch: 181.5s
============================================================
