Device: cuda
Dataset: cifar10 (10 classes)
Model: resnet18 (11,173,962 params)
Optimizer: LAKTJU

============================================================
Starting training: cifar10_resnet18_LAKTJU_seed123
============================================================

<sys>:0: UserWarning: Full backward hook is firing when gradients are computed with respect to module outputs since no inputs require gradients. See https://docs.pytorch.org/docs/main/generated/torch.nn.Module.html#torch.nn.Module.register_full_backward_hook for more details.
Epoch   1/300 | Train Loss: 1.7965 | Valid Acc: 56.28% | Test Acc: 0.00% | LR: 0.003000 s=0.027 | Time: 182.1s
Epoch   5/300 | Train Loss: 1.0579 | Valid Acc: 79.80% | Test Acc: 0.00% | LR: 0.002999 s=0.133 | Time: 192.3s
Epoch  10/300 | Train Loss: 0.9466 | Valid Acc: 83.90% | Test Acc: 84.18% | LR: 0.002993 s=0.261 | Time: 194.1s
Epoch  15/300 | Train Loss: 0.8846 | Valid Acc: 87.14% | Test Acc: 84.18% | LR: 0.002984 s=0.380 | Time: 192.0s
Epoch  20/300 | Train Loss: 0.8425 | Valid Acc: 87.76% | Test Acc: 87.84% | LR: 0.002970 s=0.488 | Time: 193.6s
Epoch  25/300 | Train Loss: 0.8075 | Valid Acc: 88.68% | Test Acc: 87.84% | LR: 0.002953 s=0.583 | Time: 191.9s
Epoch  30/300 | Train Loss: 0.7781 | Valid Acc: 88.76% | Test Acc: 88.96% | LR: 0.002931 s=0.664 | Time: 193.4s
Epoch  35/300 | Train Loss: 0.7466 | Valid Acc: 90.32% | Test Acc: 88.96% | LR: 0.002906 s=0.732 | Time: 192.1s
Epoch  40/300 | Train Loss: 0.7621 | Valid Acc: 90.90% | Test Acc: 91.38% | LR: 0.002877 s=0.788 | Time: 193.7s
Epoch  45/300 | Train Loss: 0.7099 | Valid Acc: 90.06% | Test Acc: 91.38% | LR: 0.002844 s=0.834 | Time: 192.0s
Epoch  50/300 | Train Loss: 0.8689 | Valid Acc: 90.12% | Test Acc: 90.20% | LR: 0.002807 s=0.870 | Time: 193.6s
Results saved to results/v14_round3/cifar10_resnet18_LAKTJU_seed123_20260324_122126.json
Epoch  55/300 | Train Loss: 0.6760 | Valid Acc: 92.82% | Test Acc: 90.20% | LR: 0.002767 s=0.899 | Time: 191.9s
Epoch  60/300 | Train Loss: 0.9872 | Valid Acc: 89.06% | Test Acc: 88.93% | LR: 0.002723 s=0.922 | Time: 193.7s
Epoch  65/300 | Train Loss: 0.6648 | Valid Acc: 92.48% | Test Acc: 88.93% | LR: 0.002676 s=0.939 | Time: 192.0s
Epoch  70/300 | Train Loss: 0.6527 | Valid Acc: 91.04% | Test Acc: 90.03% | LR: 0.002625 s=0.953 | Time: 193.6s
Epoch  75/300 | Train Loss: 0.6407 | Valid Acc: 92.90% | Test Acc: 90.03% | LR: 0.002572 s=0.964 | Time: 191.9s
Epoch  80/300 | Train Loss: 0.6264 | Valid Acc: 94.10% | Test Acc: 94.02% | LR: 0.002515 s=0.972 | Time: 193.5s
Epoch  85/300 | Train Loss: 0.7232 | Valid Acc: 92.20% | Test Acc: 94.02% | LR: 0.002456 s=0.979 | Time: 192.1s
Epoch  90/300 | Train Loss: 0.6054 | Valid Acc: 94.16% | Test Acc: 93.98% | LR: 0.002395 s=0.984 | Time: 193.5s
Epoch  95/300 | Train Loss: 0.6007 | Valid Acc: 93.74% | Test Acc: 93.98% | LR: 0.002330 s=0.987 | Time: 192.3s
Epoch 100/300 | Train Loss: 0.6070 | Valid Acc: 93.30% | Test Acc: 92.85% | LR: 0.002264 s=0.990 | Time: 193.5s
Results saved to results/v14_round3/cifar10_resnet18_LAKTJU_seed123_20260324_122126.json
Epoch 105/300 | Train Loss: 0.5870 | Valid Acc: 93.36% | Test Acc: 92.85% | LR: 0.002195 s=0.993 | Time: 192.2s
Epoch 110/300 | Train Loss: 0.6107 | Valid Acc: 94.16% | Test Acc: 93.96% | LR: 0.002125 s=0.994 | Time: 193.4s
Epoch 115/300 | Train Loss: 0.5750 | Valid Acc: 94.62% | Test Acc: 93.96% | LR: 0.002053 s=0.996 | Time: 191.8s
Epoch 120/300 | Train Loss: 0.5770 | Valid Acc: 94.38% | Test Acc: 94.05% | LR: 0.001979 s=0.997 | Time: 193.7s
Epoch 125/300 | Train Loss: 0.5705 | Valid Acc: 94.40% | Test Acc: 94.05% | LR: 0.001904 s=0.997 | Time: 191.8s
Epoch 130/300 | Train Loss: 0.5695 | Valid Acc: 92.86% | Test Acc: 92.70% | LR: 0.001828 s=0.998 | Time: 193.8s
Epoch 135/300 | Train Loss: 0.5610 | Valid Acc: 94.60% | Test Acc: 92.70% | LR: 0.001751 s=0.999 | Time: 191.8s
Epoch 140/300 | Train Loss: 0.5560 | Valid Acc: 92.94% | Test Acc: 93.66% | LR: 0.001673 s=0.999 | Time: 193.5s
Epoch 145/300 | Train Loss: 0.5770 | Valid Acc: 94.74% | Test Acc: 93.66% | LR: 0.001595 s=0.999 | Time: 191.8s
Epoch 150/300 | Train Loss: 0.5489 | Valid Acc: 94.48% | Test Acc: 95.07% | LR: 0.001516 s=0.999 | Time: 193.5s
Results saved to results/v14_round3/cifar10_resnet18_LAKTJU_seed123_20260324_122126.json
Epoch 155/300 | Train Loss: 0.5460 | Valid Acc: 94.80% | Test Acc: 95.07% | LR: 0.001438 s=0.999 | Time: 191.7s
Epoch 160/300 | Train Loss: 0.5419 | Valid Acc: 94.56% | Test Acc: 94.96% | LR: 0.001359 s=1.000 | Time: 193.4s
Epoch 165/300 | Train Loss: 0.5384 | Valid Acc: 94.86% | Test Acc: 94.96% | LR: 0.001281 s=1.000 | Time: 191.5s
Epoch 170/300 | Train Loss: 0.5382 | Valid Acc: 94.30% | Test Acc: 94.90% | LR: 0.001204 s=1.000 | Time: 193.5s
Epoch 175/300 | Train Loss: 0.5373 | Valid Acc: 94.12% | Test Acc: 94.90% | LR: 0.001128 s=1.000 | Time: 191.8s
Epoch 180/300 | Train Loss: 0.5374 | Valid Acc: 94.68% | Test Acc: 94.92% | LR: 0.001052 s=1.000 | Time: 194.2s
Epoch 185/300 | Train Loss: 0.5277 | Valid Acc: 94.82% | Test Acc: 94.92% | LR: 0.000978 s=1.000 | Time: 191.9s
Epoch 190/300 | Train Loss: 0.5276 | Valid Acc: 94.90% | Test Acc: 95.33% | LR: 0.000905 s=1.000 | Time: 194.2s
Epoch 195/300 | Train Loss: 0.5251 | Valid Acc: 94.88% | Test Acc: 95.33% | LR: 0.000834 s=1.000 | Time: 192.0s
Epoch 200/300 | Train Loss: 0.5247 | Valid Acc: 95.06% | Test Acc: 95.17% | LR: 0.000764 s=1.000 | Time: 193.7s
Results saved to results/v14_round3/cifar10_resnet18_LAKTJU_seed123_20260324_122126.json
Epoch 205/300 | Train Loss: 0.5231 | Valid Acc: 95.06% | Test Acc: 95.17% | LR: 0.000697 s=1.000 | Time: 192.0s
Epoch 210/300 | Train Loss: 0.5203 | Valid Acc: 94.56% | Test Acc: 94.96% | LR: 0.000632 s=1.000 | Time: 193.8s
Epoch 215/300 | Train Loss: 0.5178 | Valid Acc: 94.58% | Test Acc: 94.96% | LR: 0.000569 s=1.000 | Time: 192.1s
Epoch 220/300 | Train Loss: 0.5183 | Valid Acc: 94.86% | Test Acc: 95.12% | LR: 0.000509 s=1.000 | Time: 193.7s
Epoch 225/300 | Train Loss: 0.5162 | Valid Acc: 95.40% | Test Acc: 95.12% | LR: 0.000451 s=1.000 | Time: 191.9s
Epoch 230/300 | Train Loss: 0.5151 | Valid Acc: 95.50% | Test Acc: 95.76% | LR: 0.000397 s=1.000 | Time: 193.5s
Epoch 235/300 | Train Loss: 0.5149 | Valid Acc: 95.14% | Test Acc: 95.76% | LR: 0.000345 s=1.000 | Time: 191.9s
Epoch 240/300 | Train Loss: 0.5140 | Valid Acc: 95.20% | Test Acc: 95.67% | LR: 0.000297 s=1.000 | Time: 193.8s
Epoch 245/300 | Train Loss: 0.5133 | Valid Acc: 94.72% | Test Acc: 95.67% | LR: 0.000252 s=1.000 | Time: 191.9s
Epoch 250/300 | Train Loss: 0.5126 | Valid Acc: 95.18% | Test Acc: 95.66% | LR: 0.000210 s=1.000 | Time: 193.5s
Results saved to results/v14_round3/cifar10_resnet18_LAKTJU_seed123_20260324_122126.json
Epoch 255/300 | Train Loss: 0.5120 | Valid Acc: 95.20% | Test Acc: 95.66% | LR: 0.000172 s=1.000 | Time: 191.8s
Epoch 260/300 | Train Loss: 0.5116 | Valid Acc: 94.80% | Test Acc: 95.39% | LR: 0.000137 s=1.000 | Time: 193.5s
Epoch 265/300 | Train Loss: 0.5110 | Valid Acc: 95.20% | Test Acc: 95.39% | LR: 0.000106 s=1.000 | Time: 192.2s
Epoch 270/300 | Train Loss: 0.5104 | Valid Acc: 95.20% | Test Acc: 95.82% | LR: 0.000079 s=1.000 | Time: 193.5s
Epoch 275/300 | Train Loss: 0.5097 | Valid Acc: 95.28% | Test Acc: 95.82% | LR: 0.000056 s=1.000 | Time: 192.3s
Epoch 280/300 | Train Loss: 0.5090 | Valid Acc: 95.34% | Test Acc: 95.79% | LR: 0.000037 s=1.000 | Time: 193.5s
Epoch 285/300 | Train Loss: 0.5102 | Valid Acc: 95.24% | Test Acc: 95.79% | LR: 0.000022 s=1.000 | Time: 42.9s
Epoch 290/300 | Train Loss: 0.5093 | Valid Acc: 95.38% | Test Acc: 95.92% | LR: 0.000011 s=1.000 | Time: 43.3s
Epoch 295/300 | Train Loss: 0.5100 | Valid Acc: 95.28% | Test Acc: 95.92% | LR: 0.000004 s=1.000 | Time: 43.0s
Epoch 300/300 | Train Loss: 0.5097 | Valid Acc: 95.24% | Test Acc: 95.56% | LR: 0.000001 s=1.000 | Time: 42.5s
Results saved to results/v14_round3/cifar10_resnet18_LAKTJU_seed123_20260324_122126.json
Results saved to results/v14_round3/cifar10_resnet18_LAKTJU_seed123_20260324_122126.json

============================================================
Training complete: cifar10_resnet18_LAKTJU_seed123
Best Valid Acc: 95.58%
Best Test Acc:  95.78%
Avg Time/Epoch: 183.8s
============================================================
