Device: cuda
Dataset: cifar10 (10 classes)
Model: resnet18 (11,173,962 params)
Optimizer: LAKTJU

============================================================
Starting training: cifar10_resnet18_LAKTJU_seed42
============================================================

<sys>:0: UserWarning: Full backward hook is firing when gradients are computed with respect to module outputs since no inputs require gradients. See https://docs.pytorch.org/docs/main/generated/torch.nn.Module.html#torch.nn.Module.register_full_backward_hook for more details.
Epoch   1/300 | Train Loss: 1.8724 | Valid Acc: 48.30% | Test Acc: 0.00% | LR: 0.003000 s=0.027 | Time: 171.8s
Epoch   5/300 | Train Loss: 1.1656 | Valid Acc: 73.52% | Test Acc: 0.00% | LR: 0.002999 s=0.133 | Time: 182.0s
Epoch  10/300 | Train Loss: 1.0203 | Valid Acc: 79.96% | Test Acc: 79.79% | LR: 0.002993 s=0.261 | Time: 184.1s
Epoch  15/300 | Train Loss: 0.9437 | Valid Acc: 81.60% | Test Acc: 79.79% | LR: 0.002984 s=0.380 | Time: 181.6s
Epoch  20/300 | Train Loss: 0.8884 | Valid Acc: 82.54% | Test Acc: 82.81% | LR: 0.002970 s=0.488 | Time: 184.0s
Epoch  25/300 | Train Loss: 0.8499 | Valid Acc: 86.92% | Test Acc: 82.81% | LR: 0.002953 s=0.583 | Time: 181.6s
Epoch  30/300 | Train Loss: 0.8206 | Valid Acc: 88.62% | Test Acc: 87.79% | LR: 0.002931 s=0.664 | Time: 183.8s
Epoch  35/300 | Train Loss: 0.7884 | Valid Acc: 90.28% | Test Acc: 87.79% | LR: 0.002906 s=0.732 | Time: 181.6s
Epoch  40/300 | Train Loss: 0.7641 | Valid Acc: 89.50% | Test Acc: 88.51% | LR: 0.002877 s=0.788 | Time: 183.9s
Epoch  45/300 | Train Loss: 0.7341 | Valid Acc: 90.88% | Test Acc: 88.51% | LR: 0.002844 s=0.834 | Time: 181.7s
Epoch  50/300 | Train Loss: 0.7119 | Valid Acc: 90.92% | Test Acc: 90.71% | LR: 0.002807 s=0.870 | Time: 183.8s
Results saved to results/v14_round3/cifar10_resnet18_LAKTJU_seed42_20260324_122126.json
Epoch  55/300 | Train Loss: 0.6940 | Valid Acc: 91.50% | Test Acc: 90.71% | LR: 0.002767 s=0.899 | Time: 181.5s
Epoch  60/300 | Train Loss: 0.6757 | Valid Acc: 92.78% | Test Acc: 92.35% | LR: 0.002723 s=0.922 | Time: 183.7s
Epoch  65/300 | Train Loss: 0.6630 | Valid Acc: 93.16% | Test Acc: 92.35% | LR: 0.002676 s=0.939 | Time: 181.5s
Epoch  70/300 | Train Loss: 0.6470 | Valid Acc: 92.70% | Test Acc: 92.20% | LR: 0.002625 s=0.953 | Time: 183.6s
Epoch  75/300 | Train Loss: 0.6326 | Valid Acc: 92.80% | Test Acc: 92.20% | LR: 0.002572 s=0.964 | Time: 181.3s
Epoch  80/300 | Train Loss: 0.6253 | Valid Acc: 91.82% | Test Acc: 91.45% | LR: 0.002515 s=0.972 | Time: 183.9s
Epoch  85/300 | Train Loss: 0.6139 | Valid Acc: 93.30% | Test Acc: 91.45% | LR: 0.002456 s=0.979 | Time: 181.6s
Epoch  90/300 | Train Loss: 0.6062 | Valid Acc: 94.36% | Test Acc: 93.82% | LR: 0.002395 s=0.984 | Time: 183.8s
Epoch  95/300 | Train Loss: 0.5965 | Valid Acc: 93.66% | Test Acc: 93.82% | LR: 0.002330 s=0.987 | Time: 181.7s
Epoch 100/300 | Train Loss: 0.5892 | Valid Acc: 94.28% | Test Acc: 93.91% | LR: 0.002264 s=0.990 | Time: 183.8s
Results saved to results/v14_round3/cifar10_resnet18_LAKTJU_seed42_20260324_122126.json
Epoch 105/300 | Train Loss: 0.5826 | Valid Acc: 94.08% | Test Acc: 93.91% | LR: 0.002195 s=0.993 | Time: 181.6s
Epoch 110/300 | Train Loss: 0.5732 | Valid Acc: 94.18% | Test Acc: 94.07% | LR: 0.002125 s=0.994 | Time: 183.7s
Epoch 115/300 | Train Loss: 0.5689 | Valid Acc: 94.30% | Test Acc: 94.07% | LR: 0.002053 s=0.996 | Time: 181.9s
Epoch 120/300 | Train Loss: 0.5662 | Valid Acc: 94.74% | Test Acc: 94.12% | LR: 0.001979 s=0.997 | Time: 183.8s
Epoch 125/300 | Train Loss: 0.5639 | Valid Acc: 94.14% | Test Acc: 94.12% | LR: 0.001904 s=0.997 | Time: 181.8s
Epoch 130/300 | Train Loss: 0.5561 | Valid Acc: 94.76% | Test Acc: 94.62% | LR: 0.001828 s=0.998 | Time: 183.8s
Epoch 135/300 | Train Loss: 0.5552 | Valid Acc: 94.34% | Test Acc: 94.62% | LR: 0.001751 s=0.999 | Time: 181.6s
Epoch 140/300 | Train Loss: 0.5514 | Valid Acc: 94.52% | Test Acc: 94.70% | LR: 0.001673 s=0.999 | Time: 183.9s
Epoch 145/300 | Train Loss: 0.5482 | Valid Acc: 94.74% | Test Acc: 94.70% | LR: 0.001595 s=0.999 | Time: 181.6s
Epoch 150/300 | Train Loss: 0.5436 | Valid Acc: 94.98% | Test Acc: 94.81% | LR: 0.001516 s=0.999 | Time: 183.6s
Results saved to results/v14_round3/cifar10_resnet18_LAKTJU_seed42_20260324_122126.json
Epoch 155/300 | Train Loss: 0.5404 | Valid Acc: 94.56% | Test Acc: 94.81% | LR: 0.001438 s=0.999 | Time: 181.7s
Epoch 160/300 | Train Loss: 0.5391 | Valid Acc: 94.44% | Test Acc: 94.99% | LR: 0.001359 s=1.000 | Time: 183.7s
Epoch 165/300 | Train Loss: 0.5350 | Valid Acc: 94.80% | Test Acc: 94.99% | LR: 0.001281 s=1.000 | Time: 181.5s
Epoch 170/300 | Train Loss: 0.5346 | Valid Acc: 94.86% | Test Acc: 94.83% | LR: 0.001204 s=1.000 | Time: 183.7s
Epoch 175/300 | Train Loss: 0.5312 | Valid Acc: 95.36% | Test Acc: 94.83% | LR: 0.001128 s=1.000 | Time: 181.4s
Epoch 180/300 | Train Loss: 0.5263 | Valid Acc: 94.94% | Test Acc: 95.00% | LR: 0.001052 s=1.000 | Time: 184.0s
Epoch 185/300 | Train Loss: 0.5277 | Valid Acc: 95.20% | Test Acc: 95.00% | LR: 0.000978 s=1.000 | Time: 181.5s
Epoch 190/300 | Train Loss: 0.5261 | Valid Acc: 95.28% | Test Acc: 95.18% | LR: 0.000905 s=1.000 | Time: 183.9s
Epoch 195/300 | Train Loss: 0.5229 | Valid Acc: 94.86% | Test Acc: 95.18% | LR: 0.000834 s=1.000 | Time: 181.7s
Epoch 200/300 | Train Loss: 0.5208 | Valid Acc: 95.12% | Test Acc: 95.15% | LR: 0.000764 s=1.000 | Time: 183.8s
Results saved to results/v14_round3/cifar10_resnet18_LAKTJU_seed42_20260324_122126.json
Epoch 205/300 | Train Loss: 0.5219 | Valid Acc: 95.20% | Test Acc: 95.15% | LR: 0.000697 s=1.000 | Time: 181.6s
Epoch 210/300 | Train Loss: 0.5195 | Valid Acc: 95.24% | Test Acc: 95.53% | LR: 0.000632 s=1.000 | Time: 183.8s
Epoch 215/300 | Train Loss: 0.5183 | Valid Acc: 95.18% | Test Acc: 95.53% | LR: 0.000569 s=1.000 | Time: 181.6s
Epoch 220/300 | Train Loss: 0.5164 | Valid Acc: 95.58% | Test Acc: 95.30% | LR: 0.000509 s=1.000 | Time: 183.7s
Epoch 225/300 | Train Loss: 0.5143 | Valid Acc: 95.40% | Test Acc: 95.30% | LR: 0.000451 s=1.000 | Time: 181.5s
Epoch 230/300 | Train Loss: 0.5144 | Valid Acc: 95.40% | Test Acc: 95.43% | LR: 0.000397 s=1.000 | Time: 183.7s
Epoch 235/300 | Train Loss: 0.5132 | Valid Acc: 95.44% | Test Acc: 95.43% | LR: 0.000345 s=1.000 | Time: 181.6s
Epoch 240/300 | Train Loss: 0.5133 | Valid Acc: 95.28% | Test Acc: 95.57% | LR: 0.000297 s=1.000 | Time: 183.9s
Epoch 245/300 | Train Loss: 0.5125 | Valid Acc: 95.50% | Test Acc: 95.57% | LR: 0.000252 s=1.000 | Time: 181.5s
Epoch 250/300 | Train Loss: 0.5111 | Valid Acc: 95.46% | Test Acc: 95.78% | LR: 0.000210 s=1.000 | Time: 183.9s
Results saved to results/v14_round3/cifar10_resnet18_LAKTJU_seed42_20260324_122126.json
Epoch 255/300 | Train Loss: 0.5102 | Valid Acc: 95.40% | Test Acc: 95.78% | LR: 0.000172 s=1.000 | Time: 181.6s
Epoch 260/300 | Train Loss: 0.5100 | Valid Acc: 95.32% | Test Acc: 95.62% | LR: 0.000137 s=1.000 | Time: 183.7s
Epoch 265/300 | Train Loss: 0.5098 | Valid Acc: 95.56% | Test Acc: 95.62% | LR: 0.000106 s=1.000 | Time: 181.7s
Epoch 270/300 | Train Loss: 0.5092 | Valid Acc: 95.68% | Test Acc: 95.72% | LR: 0.000079 s=1.000 | Time: 183.5s
Epoch 275/300 | Train Loss: 0.5080 | Valid Acc: 95.62% | Test Acc: 95.72% | LR: 0.000056 s=1.000 | Time: 181.8s
Epoch 280/300 | Train Loss: 0.5078 | Valid Acc: 95.68% | Test Acc: 95.77% | LR: 0.000037 s=1.000 | Time: 183.8s
Epoch 285/300 | Train Loss: 0.5080 | Valid Acc: 95.52% | Test Acc: 95.77% | LR: 0.000022 s=1.000 | Time: 181.5s
Epoch 290/300 | Train Loss: 0.5084 | Valid Acc: 95.44% | Test Acc: 95.71% | LR: 0.000011 s=1.000 | Time: 183.6s
Epoch 295/300 | Train Loss: 0.5087 | Valid Acc: 95.58% | Test Acc: 95.71% | LR: 0.000004 s=1.000 | Time: 181.7s
Epoch 300/300 | Train Loss: 0.5089 | Valid Acc: 95.56% | Test Acc: 95.65% | LR: 0.000001 s=1.000 | Time: 179.3s
Results saved to results/v14_round3/cifar10_resnet18_LAKTJU_seed42_20260324_122126.json
Results saved to results/v14_round3/cifar10_resnet18_LAKTJU_seed42_20260324_122126.json

============================================================
Training complete: cifar10_resnet18_LAKTJU_seed42
Best Valid Acc: 95.72%
Best Test Acc:  95.73%
Avg Time/Epoch: 181.5s
============================================================
