Device: cuda
Dataset: cifar100 (100 classes)
Model: resnet18 (11,220,132 params)
Optimizer: LAKTJU

============================================================
Starting training: cifar100_resnet18_LAKTJU_seed123
============================================================

<sys>:0: UserWarning: Full backward hook is firing when gradients are computed with respect to module outputs since no inputs require gradients. See https://docs.pytorch.org/docs/main/generated/torch.nn.Module.html#torch.nn.Module.register_full_backward_hook for more details.
Epoch   1/200 | Train Loss: 4.0909 | Valid Acc: 11.90% | Test Acc: 0.00% | LR: 0.001000 s=0.010 | Time: 98.9s
Epoch   5/200 | Train Loss: 3.2015 | Valid Acc: 26.80% | Test Acc: 0.00% | LR: 0.000999 s=0.050 | Time: 104.9s
Epoch  10/200 | Train Loss: 2.2040 | Valid Acc: 45.98% | Test Acc: 47.38% | LR: 0.000995 s=0.100 | Time: 106.3s
Epoch  15/200 | Train Loss: 1.6194 | Valid Acc: 55.68% | Test Acc: 47.38% | LR: 0.000988 s=0.149 | Time: 105.0s
Epoch  20/200 | Train Loss: 1.2673 | Valid Acc: 61.28% | Test Acc: 62.27% | LR: 0.000978 s=0.197 | Time: 106.3s
Epoch  25/200 | Train Loss: 1.0286 | Valid Acc: 63.16% | Test Acc: 62.27% | LR: 0.000965 s=0.245 | Time: 105.0s
Epoch  30/200 | Train Loss: 0.8282 | Valid Acc: 64.60% | Test Acc: 65.44% | LR: 0.000949 s=0.291 | Time: 106.1s
Epoch  35/200 | Train Loss: 0.6746 | Valid Acc: 65.40% | Test Acc: 65.44% | LR: 0.000930 s=0.336 | Time: 104.9s
Epoch  40/200 | Train Loss: 0.5788 | Valid Acc: 65.86% | Test Acc: 66.60% | LR: 0.000909 s=0.380 | Time: 106.3s
Epoch  45/200 | Train Loss: 0.4787 | Valid Acc: 65.44% | Test Acc: 66.60% | LR: 0.000885 s=0.422 | Time: 104.8s
Epoch  50/200 | Train Loss: 0.4121 | Valid Acc: 65.58% | Test Acc: 65.60% | LR: 0.000859 s=0.462 | Time: 106.1s
Results saved to ./results/cifar100_resnet18_LAKTJU_seed123_20260318_092625.json
Epoch  55/200 | Train Loss: 0.3627 | Valid Acc: 66.44% | Test Acc: 65.60% | LR: 0.000831 s=0.501 | Time: 104.8s
Epoch  60/200 | Train Loss: 0.3207 | Valid Acc: 66.90% | Test Acc: 67.55% | LR: 0.000800 s=0.537 | Time: 106.0s
Epoch  65/200 | Train Loss: 0.2818 | Valid Acc: 67.20% | Test Acc: 67.55% | LR: 0.000768 s=0.572 | Time: 104.8s
Epoch  70/200 | Train Loss: 0.2585 | Valid Acc: 66.84% | Test Acc: 68.04% | LR: 0.000734 s=0.604 | Time: 106.0s
Epoch  75/200 | Train Loss: 0.2232 | Valid Acc: 66.42% | Test Acc: 68.04% | LR: 0.000699 s=0.635 | Time: 104.9s
Epoch  80/200 | Train Loss: 0.2026 | Valid Acc: 66.32% | Test Acc: 67.36% | LR: 0.000662 s=0.664 | Time: 105.8s
Epoch  85/200 | Train Loss: 0.1799 | Valid Acc: 67.48% | Test Acc: 67.36% | LR: 0.000625 s=0.691 | Time: 104.8s
Epoch  90/200 | Train Loss: 0.1622 | Valid Acc: 67.40% | Test Acc: 67.93% | LR: 0.000586 s=0.716 | Time: 105.9s
Epoch  95/200 | Train Loss: 0.1523 | Valid Acc: 67.56% | Test Acc: 67.93% | LR: 0.000548 s=0.740 | Time: 104.8s
Epoch 100/200 | Train Loss: 0.1325 | Valid Acc: 67.78% | Test Acc: 67.69% | LR: 0.000508 s=0.762 | Time: 106.0s
Results saved to ./results/cifar100_resnet18_LAKTJU_seed123_20260318_092625.json
Epoch 105/200 | Train Loss: 0.1269 | Valid Acc: 67.32% | Test Acc: 67.69% | LR: 0.000469 s=0.782 | Time: 104.9s
Epoch 110/200 | Train Loss: 0.1134 | Valid Acc: 67.10% | Test Acc: 67.95% | LR: 0.000430 s=0.800 | Time: 105.9s
Epoch 115/200 | Train Loss: 0.0980 | Valid Acc: 68.10% | Test Acc: 67.95% | LR: 0.000392 s=0.818 | Time: 104.9s
Epoch 120/200 | Train Loss: 0.0886 | Valid Acc: 67.90% | Test Acc: 68.53% | LR: 0.000354 s=0.834 | Time: 106.0s
Epoch 125/200 | Train Loss: 0.0813 | Valid Acc: 68.46% | Test Acc: 68.53% | LR: 0.000317 s=0.848 | Time: 104.7s
Epoch 130/200 | Train Loss: 0.0704 | Valid Acc: 68.32% | Test Acc: 68.87% | LR: 0.000281 s=0.862 | Time: 106.1s
Epoch 135/200 | Train Loss: 0.0608 | Valid Acc: 68.14% | Test Acc: 68.87% | LR: 0.000246 s=0.874 | Time: 104.8s
Epoch 140/200 | Train Loss: 0.0545 | Valid Acc: 68.78% | Test Acc: 68.84% | LR: 0.000213 s=0.885 | Time: 106.0s
Epoch 145/200 | Train Loss: 0.0498 | Valid Acc: 68.50% | Test Acc: 68.84% | LR: 0.000182 s=0.896 | Time: 104.7s
Epoch 150/200 | Train Loss: 0.0460 | Valid Acc: 69.22% | Test Acc: 68.78% | LR: 0.000153 s=0.905 | Time: 106.1s
Results saved to ./results/cifar100_resnet18_LAKTJU_seed123_20260318_092625.json
Epoch 155/200 | Train Loss: 0.0386 | Valid Acc: 68.76% | Test Acc: 68.78% | LR: 0.000126 s=0.914 | Time: 104.8s
Epoch 160/200 | Train Loss: 0.0367 | Valid Acc: 68.78% | Test Acc: 69.44% | LR: 0.000101 s=0.922 | Time: 106.0s
Epoch 165/200 | Train Loss: 0.0313 | Valid Acc: 69.20% | Test Acc: 69.44% | LR: 0.000079 s=0.929 | Time: 104.8s
Epoch 170/200 | Train Loss: 0.0278 | Valid Acc: 69.10% | Test Acc: 69.60% | LR: 0.000059 s=0.935 | Time: 106.1s
Epoch 175/200 | Train Loss: 0.0255 | Valid Acc: 69.30% | Test Acc: 69.60% | LR: 0.000042 s=0.941 | Time: 104.7s
Epoch 180/200 | Train Loss: 0.0244 | Valid Acc: 69.26% | Test Acc: 69.77% | LR: 0.000028 s=0.947 | Time: 106.1s
Epoch 185/200 | Train Loss: 0.0237 | Valid Acc: 69.06% | Test Acc: 69.77% | LR: 0.000017 s=0.952 | Time: 104.9s
Epoch 190/200 | Train Loss: 0.0216 | Valid Acc: 69.40% | Test Acc: 69.97% | LR: 0.000008 s=0.956 | Time: 106.1s
Epoch 195/200 | Train Loss: 0.0218 | Valid Acc: 69.30% | Test Acc: 69.97% | LR: 0.000003 s=0.960 | Time: 104.8s
Epoch 200/200 | Train Loss: 0.0204 | Valid Acc: 69.56% | Test Acc: 69.99% | LR: 0.000001 s=0.964 | Time: 100.2s
Results saved to ./results/cifar100_resnet18_LAKTJU_seed123_20260318_092625.json
Results saved to ./results/cifar100_resnet18_LAKTJU_seed123_20260318_092625.json

============================================================
Training complete: cifar100_resnet18_LAKTJU_seed123
Best Valid Acc: 69.74%
Best Test Acc:  69.71%
Avg Time/Epoch: 104.7s
============================================================
