Device: cuda
Dataset: cifar10 (10 classes)
Model: resnet18 (11,173,962 params)
Optimizer: LAKTJU

============================================================
Starting training: cifar10_resnet18_LAKTJU_seed456
============================================================

<sys>:0: UserWarning: Full backward hook is firing when gradients are computed with respect to module outputs since no inputs require gradients. See https://docs.pytorch.org/docs/main/generated/torch.nn.Module.html#torch.nn.Module.register_full_backward_hook for more details.
Epoch   1/200 | Train Loss: 1.7105 | Valid Acc: 48.64% | Test Acc: 0.00% | LR: 0.001000 s=0.010 | Time: 98.7s
Epoch   5/200 | Train Loss: 0.9521 | Valid Acc: 72.14% | Test Acc: 0.00% | LR: 0.000999 s=0.050 | Time: 104.6s
Epoch  10/200 | Train Loss: 0.6244 | Valid Acc: 82.04% | Test Acc: 82.98% | LR: 0.000995 s=0.100 | Time: 106.3s
Epoch  15/200 | Train Loss: 0.4806 | Valid Acc: 86.64% | Test Acc: 82.98% | LR: 0.000988 s=0.149 | Time: 104.9s
Epoch  20/200 | Train Loss: 0.4000 | Valid Acc: 87.78% | Test Acc: 87.35% | LR: 0.000978 s=0.197 | Time: 105.9s
Epoch  25/200 | Train Loss: 0.3437 | Valid Acc: 88.64% | Test Acc: 87.35% | LR: 0.000965 s=0.245 | Time: 105.1s
Epoch  30/200 | Train Loss: 0.2941 | Valid Acc: 90.36% | Test Acc: 89.35% | LR: 0.000949 s=0.291 | Time: 105.9s
Epoch  35/200 | Train Loss: 0.2638 | Valid Acc: 90.66% | Test Acc: 89.35% | LR: 0.000930 s=0.336 | Time: 104.9s
Epoch  40/200 | Train Loss: 0.2346 | Valid Acc: 91.12% | Test Acc: 90.59% | LR: 0.000909 s=0.380 | Time: 106.0s
Epoch  45/200 | Train Loss: 0.2113 | Valid Acc: 91.40% | Test Acc: 90.59% | LR: 0.000885 s=0.422 | Time: 104.7s
Epoch  50/200 | Train Loss: 0.1937 | Valid Acc: 91.32% | Test Acc: 90.65% | LR: 0.000859 s=0.462 | Time: 106.0s
Results saved to ./results/cifar10_resnet18_LAKTJU_seed456_20260318_092625.json
Epoch  55/200 | Train Loss: 0.1769 | Valid Acc: 91.92% | Test Acc: 90.65% | LR: 0.000831 s=0.501 | Time: 104.6s
Epoch  60/200 | Train Loss: 0.1673 | Valid Acc: 92.02% | Test Acc: 91.53% | LR: 0.000800 s=0.537 | Time: 105.9s
Epoch  65/200 | Train Loss: 0.1535 | Valid Acc: 91.22% | Test Acc: 91.53% | LR: 0.000768 s=0.572 | Time: 104.8s
Epoch  70/200 | Train Loss: 0.1391 | Valid Acc: 92.52% | Test Acc: 91.87% | LR: 0.000734 s=0.604 | Time: 105.9s
Epoch  75/200 | Train Loss: 0.1254 | Valid Acc: 92.24% | Test Acc: 91.87% | LR: 0.000699 s=0.635 | Time: 104.8s
Epoch  80/200 | Train Loss: 0.1236 | Valid Acc: 92.74% | Test Acc: 92.28% | LR: 0.000662 s=0.664 | Time: 105.8s
Epoch  85/200 | Train Loss: 0.1130 | Valid Acc: 92.92% | Test Acc: 92.28% | LR: 0.000625 s=0.691 | Time: 104.7s
Epoch  90/200 | Train Loss: 0.0996 | Valid Acc: 92.40% | Test Acc: 92.29% | LR: 0.000586 s=0.716 | Time: 105.8s
Epoch  95/200 | Train Loss: 0.0945 | Valid Acc: 93.02% | Test Acc: 92.29% | LR: 0.000548 s=0.740 | Time: 104.8s
Epoch 100/200 | Train Loss: 0.0854 | Valid Acc: 92.64% | Test Acc: 92.22% | LR: 0.000508 s=0.762 | Time: 106.0s
Results saved to ./results/cifar10_resnet18_LAKTJU_seed456_20260318_092625.json
Epoch 105/200 | Train Loss: 0.0798 | Valid Acc: 92.86% | Test Acc: 92.22% | LR: 0.000469 s=0.782 | Time: 104.9s
Epoch 110/200 | Train Loss: 0.0726 | Valid Acc: 93.02% | Test Acc: 92.47% | LR: 0.000430 s=0.800 | Time: 105.9s
Epoch 115/200 | Train Loss: 0.0664 | Valid Acc: 92.96% | Test Acc: 92.47% | LR: 0.000392 s=0.818 | Time: 104.8s
Epoch 120/200 | Train Loss: 0.0620 | Valid Acc: 93.58% | Test Acc: 92.55% | LR: 0.000354 s=0.834 | Time: 105.8s
Epoch 125/200 | Train Loss: 0.0575 | Valid Acc: 93.74% | Test Acc: 92.55% | LR: 0.000317 s=0.848 | Time: 104.7s
Epoch 130/200 | Train Loss: 0.0550 | Valid Acc: 93.62% | Test Acc: 92.87% | LR: 0.000281 s=0.862 | Time: 106.0s
Epoch 135/200 | Train Loss: 0.0483 | Valid Acc: 93.88% | Test Acc: 92.87% | LR: 0.000246 s=0.874 | Time: 104.9s
Epoch 140/200 | Train Loss: 0.0451 | Valid Acc: 93.90% | Test Acc: 92.95% | LR: 0.000213 s=0.885 | Time: 105.9s
Epoch 145/200 | Train Loss: 0.0398 | Valid Acc: 94.00% | Test Acc: 92.95% | LR: 0.000182 s=0.896 | Time: 104.7s
Epoch 150/200 | Train Loss: 0.0371 | Valid Acc: 93.98% | Test Acc: 93.15% | LR: 0.000153 s=0.905 | Time: 106.0s
Results saved to ./results/cifar10_resnet18_LAKTJU_seed456_20260318_092625.json
Epoch 155/200 | Train Loss: 0.0354 | Valid Acc: 94.14% | Test Acc: 93.15% | LR: 0.000126 s=0.914 | Time: 104.8s
Epoch 160/200 | Train Loss: 0.0308 | Valid Acc: 94.20% | Test Acc: 93.34% | LR: 0.000101 s=0.922 | Time: 106.1s
Epoch 165/200 | Train Loss: 0.0308 | Valid Acc: 94.02% | Test Acc: 93.34% | LR: 0.000079 s=0.929 | Time: 104.9s
Epoch 170/200 | Train Loss: 0.0265 | Valid Acc: 94.20% | Test Acc: 93.46% | LR: 0.000059 s=0.935 | Time: 106.2s
Epoch 175/200 | Train Loss: 0.0251 | Valid Acc: 94.34% | Test Acc: 93.46% | LR: 0.000042 s=0.941 | Time: 104.8s
Epoch 180/200 | Train Loss: 0.0244 | Valid Acc: 94.14% | Test Acc: 93.55% | LR: 0.000028 s=0.947 | Time: 105.9s
Epoch 185/200 | Train Loss: 0.0229 | Valid Acc: 94.42% | Test Acc: 93.55% | LR: 0.000017 s=0.952 | Time: 104.8s
Epoch 190/200 | Train Loss: 0.0230 | Valid Acc: 94.40% | Test Acc: 93.67% | LR: 0.000008 s=0.956 | Time: 105.8s
Epoch 195/200 | Train Loss: 0.0221 | Valid Acc: 94.58% | Test Acc: 93.67% | LR: 0.000003 s=0.960 | Time: 104.9s
Epoch 200/200 | Train Loss: 0.0221 | Valid Acc: 94.46% | Test Acc: 93.70% | LR: 0.000001 s=0.964 | Time: 105.7s
Results saved to ./results/cifar10_resnet18_LAKTJU_seed456_20260318_092625.json
Results saved to ./results/cifar10_resnet18_LAKTJU_seed456_20260318_092625.json

============================================================
Training complete: cifar10_resnet18_LAKTJU_seed456
Best Valid Acc: 94.66%
Best Test Acc:  93.46%
Avg Time/Epoch: 104.7s
============================================================
