Device: cuda
Dataset: cifar100 (100 classes)
Model: resnet18 (11,220,132 params)
Optimizer: LAKTJU

============================================================
Starting training: cifar100_resnet18_LAKTJU_seed123
============================================================

<sys>:0: UserWarning: Full backward hook is firing when gradients are computed with respect to module outputs since no inputs require gradients. See https://docs.pytorch.org/docs/main/generated/torch.nn.Module.html#torch.nn.Module.register_full_backward_hook for more details.
Epoch   1/200 | Train Loss: 3.9398 | Valid Acc: 16.28% | Test Acc: 0.00% | LR: 0.003000 s=0.025 | Time: 132.2s
Epoch   5/200 | Train Loss: 2.1548 | Valid Acc: 45.30% | Test Acc: 0.00% | LR: 0.002997 s=0.124 | Time: 140.5s
Epoch  10/200 | Train Loss: 1.5326 | Valid Acc: 56.50% | Test Acc: 56.22% | LR: 0.002985 s=0.245 | Time: 142.3s
Epoch  15/200 | Train Loss: 1.2602 | Valid Acc: 60.74% | Test Acc: 56.22% | LR: 0.002964 s=0.358 | Time: 140.2s
Epoch  20/200 | Train Loss: 1.0564 | Valid Acc: 63.22% | Test Acc: 63.38% | LR: 0.002934 s=0.462 | Time: 142.0s
Epoch  25/200 | Train Loss: 0.9281 | Valid Acc: 62.90% | Test Acc: 63.38% | LR: 0.002895 s=0.555 | Time: 140.3s
Epoch  30/200 | Train Loss: 0.7954 | Valid Acc: 65.64% | Test Acc: 66.38% | LR: 0.002847 s=0.635 | Time: 141.8s
Epoch  35/200 | Train Loss: 0.6681 | Valid Acc: 63.68% | Test Acc: 66.38% | LR: 0.002791 s=0.704 | Time: 140.3s
Epoch  40/200 | Train Loss: 0.5740 | Valid Acc: 67.00% | Test Acc: 67.45% | LR: 0.002727 s=0.762 | Time: 141.8s
Epoch  45/200 | Train Loss: 0.4804 | Valid Acc: 66.88% | Test Acc: 67.45% | LR: 0.002656 s=0.809 | Time: 140.3s
Epoch  50/200 | Train Loss: 0.4176 | Valid Acc: 66.56% | Test Acc: 68.05% | LR: 0.002577 s=0.848 | Time: 141.9s
Results saved to ./results/cifar100_resnet18_LAKTJU_seed123_20260318_164531.json
Epoch  55/200 | Train Loss: 0.3663 | Valid Acc: 67.92% | Test Acc: 68.05% | LR: 0.002492 s=0.880 | Time: 104.9s
Epoch  60/200 | Train Loss: 0.3064 | Valid Acc: 68.36% | Test Acc: 68.14% | LR: 0.002401 s=0.905 | Time: 106.1s
Epoch  65/200 | Train Loss: 0.2812 | Valid Acc: 69.06% | Test Acc: 68.14% | LR: 0.002304 s=0.925 | Time: 104.6s
Epoch  70/200 | Train Loss: 0.2476 | Valid Acc: 69.22% | Test Acc: 69.76% | LR: 0.002202 s=0.941 | Time: 106.1s
Epoch  75/200 | Train Loss: 0.2183 | Valid Acc: 69.58% | Test Acc: 69.76% | LR: 0.002096 s=0.954 | Time: 104.9s
Epoch  80/200 | Train Loss: 0.1905 | Valid Acc: 69.56% | Test Acc: 69.97% | LR: 0.001986 s=0.964 | Time: 106.0s
Epoch  85/200 | Train Loss: 0.1634 | Valid Acc: 70.12% | Test Acc: 69.97% | LR: 0.001873 s=0.972 | Time: 104.8s
Epoch  90/200 | Train Loss: 0.1543 | Valid Acc: 71.18% | Test Acc: 70.55% | LR: 0.001758 s=0.978 | Time: 106.1s
Epoch  95/200 | Train Loss: 0.1368 | Valid Acc: 70.52% | Test Acc: 70.55% | LR: 0.001642 s=0.983 | Time: 104.9s
Epoch 100/200 | Train Loss: 0.1103 | Valid Acc: 71.30% | Test Acc: 70.96% | LR: 0.001524 s=0.987 | Time: 106.1s
Results saved to ./results/cifar100_resnet18_LAKTJU_seed123_20260318_164531.json
Epoch 105/200 | Train Loss: 0.0980 | Valid Acc: 71.18% | Test Acc: 70.96% | LR: 0.001406 s=0.990 | Time: 104.7s
Epoch 110/200 | Train Loss: 0.0847 | Valid Acc: 71.74% | Test Acc: 71.25% | LR: 0.001289 s=0.992 | Time: 106.3s
Epoch 115/200 | Train Loss: 0.0764 | Valid Acc: 71.44% | Test Acc: 71.25% | LR: 0.001173 s=0.994 | Time: 104.9s
Epoch 120/200 | Train Loss: 0.0644 | Valid Acc: 71.46% | Test Acc: 71.79% | LR: 0.001060 s=0.995 | Time: 106.0s
Epoch 125/200 | Train Loss: 0.0588 | Valid Acc: 71.78% | Test Acc: 71.79% | LR: 0.000948 s=0.996 | Time: 104.6s
Epoch 130/200 | Train Loss: 0.0519 | Valid Acc: 71.88% | Test Acc: 72.39% | LR: 0.000841 s=0.997 | Time: 106.0s
Epoch 135/200 | Train Loss: 0.0446 | Valid Acc: 71.94% | Test Acc: 72.39% | LR: 0.000737 s=0.998 | Time: 104.7s
Epoch 140/200 | Train Loss: 0.0384 | Valid Acc: 72.10% | Test Acc: 72.46% | LR: 0.000638 s=0.998 | Time: 105.9s
Epoch 145/200 | Train Loss: 0.0339 | Valid Acc: 72.64% | Test Acc: 72.46% | LR: 0.000545 s=0.999 | Time: 104.7s
Epoch 150/200 | Train Loss: 0.0283 | Valid Acc: 73.36% | Test Acc: 73.13% | LR: 0.000457 s=0.999 | Time: 106.3s
Results saved to ./results/cifar100_resnet18_LAKTJU_seed123_20260318_164531.json
Epoch 155/200 | Train Loss: 0.0242 | Valid Acc: 72.86% | Test Acc: 73.13% | LR: 0.000376 s=0.999 | Time: 104.7s
Epoch 160/200 | Train Loss: 0.0212 | Valid Acc: 72.84% | Test Acc: 73.29% | LR: 0.000301 s=0.999 | Time: 106.1s
Epoch 165/200 | Train Loss: 0.0193 | Valid Acc: 72.76% | Test Acc: 73.29% | LR: 0.000234 s=0.999 | Time: 104.7s
Epoch 170/200 | Train Loss: 0.0172 | Valid Acc: 73.28% | Test Acc: 73.79% | LR: 0.000175 s=1.000 | Time: 106.0s
Epoch 175/200 | Train Loss: 0.0141 | Valid Acc: 73.54% | Test Acc: 73.79% | LR: 0.000124 s=1.000 | Time: 104.8s
Epoch 180/200 | Train Loss: 0.0146 | Valid Acc: 73.64% | Test Acc: 73.93% | LR: 0.000082 s=1.000 | Time: 106.1s
Epoch 185/200 | Train Loss: 0.0125 | Valid Acc: 73.66% | Test Acc: 73.93% | LR: 0.000048 s=1.000 | Time: 104.6s
Epoch 190/200 | Train Loss: 0.0114 | Valid Acc: 73.98% | Test Acc: 73.80% | LR: 0.000023 s=1.000 | Time: 105.9s
Epoch 195/200 | Train Loss: 0.0109 | Valid Acc: 73.94% | Test Acc: 73.80% | LR: 0.000008 s=1.000 | Time: 104.6s
Epoch 200/200 | Train Loss: 0.0107 | Valid Acc: 73.92% | Test Acc: 74.00% | LR: 0.000001 s=1.000 | Time: 96.2s
Results saved to ./results/cifar100_resnet18_LAKTJU_seed123_20260318_164531.json
Results saved to ./results/cifar100_resnet18_LAKTJU_seed123_20260318_164531.json

============================================================
Training complete: cifar100_resnet18_LAKTJU_seed123
Best Valid Acc: 74.08%
Best Test Acc:  73.98%
Avg Time/Epoch: 113.5s
============================================================
