Device: cuda
Dataset: cifar10 (10 classes)
Model: resnet18 (11,173,962 params)
Optimizer: LAKTJU

============================================================
Starting training: cifar10_resnet18_LAKTJU_seed42
============================================================

<sys>:0: UserWarning: Full backward hook is firing when gradients are computed with respect to module outputs since no inputs require gradients. See https://docs.pytorch.org/docs/main/generated/torch.nn.Module.html#torch.nn.Module.register_full_backward_hook for more details.
Epoch   1/50 | Train Loss: 1.7233 | Valid Acc: 50.92% | Test Acc: 0.00% | LR: 0.001000 s=0.100 | Time: 65.8s
Epoch   5/50 | Train Loss: 0.8254 | Valid Acc: 73.04% | Test Acc: 0.00% | LR: 0.000984 s=0.462 | Time: 69.7s
Epoch  10/50 | Train Loss: 0.5789 | Valid Acc: 83.50% | Test Acc: 82.94% | LR: 0.000922 s=0.762 | Time: 70.6s
Epoch  15/50 | Train Loss: 0.4638 | Valid Acc: 83.50% | Test Acc: 82.94% | LR: 0.000819 s=0.905 | Time: 69.5s
Epoch  20/50 | Train Loss: 0.3788 | Valid Acc: 87.98% | Test Acc: 87.60% | LR: 0.000684 s=0.964 | Time: 70.6s
Epoch  25/50 | Train Loss: 0.3105 | Valid Acc: 90.10% | Test Acc: 89.91% | LR: 0.000532 s=0.987 | Time: 70.5s
Epoch  30/50 | Train Loss: 0.2503 | Valid Acc: 91.40% | Test Acc: 90.72% | LR: 0.000376 s=0.995 | Time: 70.5s
Epoch  35/50 | Train Loss: 0.2011 | Valid Acc: 92.50% | Test Acc: 90.72% | LR: 0.000233 s=0.998 | Time: 69.7s
Epoch  40/50 | Train Loss: 0.1599 | Valid Acc: 92.96% | Test Acc: 92.32% | LR: 0.000116 s=0.999 | Time: 70.4s
Epoch  45/50 | Train Loss: 0.1346 | Valid Acc: 93.34% | Test Acc: 92.32% | LR: 0.000036 s=1.000 | Time: 69.6s
Epoch  50/50 | Train Loss: 0.1275 | Valid Acc: 93.46% | Test Acc: 92.76% | LR: 0.000002 s=1.000 | Time: 69.5s
Results saved to ./results/cifar10_resnet18_LAKTJU_seed42_20260318_152238.json
Results saved to ./results/cifar10_resnet18_LAKTJU_seed42_20260318_152238.json

============================================================
Training complete: cifar10_resnet18_LAKTJU_seed42
Best Valid Acc: 93.54%
Best Test Acc:  92.76%
Avg Time/Epoch: 69.5s
============================================================
