Device: cuda
Dataset: cifar10 (10 classes)
Model: resnet18 (11,173,962 params)
Optimizer: LAKTJU

============================================================
Starting training: cifar10_resnet18_LAKTJU_seed42
============================================================

<sys>:0: UserWarning: Full backward hook is firing when gradients are computed with respect to module outputs since no inputs require gradients. See https://docs.pytorch.org/docs/main/generated/torch.nn.Module.html#torch.nn.Module.register_full_backward_hook for more details.
Epoch   1/50 | Train Loss: 1.5932 | Valid Acc: 55.58% | Test Acc: 0.00% | LR: 0.003000 s=0.100 | Time: 131.5s
Epoch   5/50 | Train Loss: 0.7261 | Valid Acc: 78.46% | Test Acc: 0.00% | LR: 0.002953 s=0.462 | Time: 140.4s
Epoch  10/50 | Train Loss: 0.5315 | Valid Acc: 84.06% | Test Acc: 83.55% | LR: 0.002767 s=0.762 | Time: 142.1s
Epoch  15/50 | Train Loss: 0.4272 | Valid Acc: 87.24% | Test Acc: 83.55% | LR: 0.002456 s=0.905 | Time: 140.3s
Epoch  20/50 | Train Loss: 0.3442 | Valid Acc: 90.14% | Test Acc: 89.67% | LR: 0.002053 s=0.964 | Time: 141.9s
Epoch  25/50 | Train Loss: 0.2745 | Valid Acc: 90.72% | Test Acc: 90.62% | LR: 0.001595 s=0.987 | Time: 141.6s
Epoch  30/50 | Train Loss: 0.2136 | Valid Acc: 92.68% | Test Acc: 91.78% | LR: 0.001128 s=0.995 | Time: 142.1s
Epoch  35/50 | Train Loss: 0.1623 | Valid Acc: 93.80% | Test Acc: 91.78% | LR: 0.000697 s=0.998 | Time: 140.3s
Epoch  40/50 | Train Loss: 0.1250 | Valid Acc: 94.04% | Test Acc: 93.58% | LR: 0.000345 s=0.999 | Time: 142.1s
Epoch  45/50 | Train Loss: 0.1004 | Valid Acc: 94.56% | Test Acc: 93.58% | LR: 0.000106 s=1.000 | Time: 140.3s
Epoch  50/50 | Train Loss: 0.0904 | Valid Acc: 94.56% | Test Acc: 94.36% | LR: 0.000004 s=1.000 | Time: 141.8s
Results saved to ./results/cifar10_resnet18_LAKTJU_seed42_20260318_164531.json
Results saved to ./results/cifar10_resnet18_LAKTJU_seed42_20260318_164531.json

============================================================
Training complete: cifar10_resnet18_LAKTJU_seed42
Best Valid Acc: 94.64%
Best Test Acc:  94.33%
Avg Time/Epoch: 140.0s
============================================================
