Device: cuda
Dataset: cifar10 (10 classes)
Model: resnet18 (11,173,962 params)
Optimizer: AdamW

============================================================
Starting training: cifar10_resnet18_AdamW_seed42
============================================================

Epoch   1/200 | Train Loss: 1.7039 | Valid Acc: 51.60% | Test Acc: 0.00% | LR: 0.001000 | Time: 25.1s
Epoch   5/200 | Train Loss: 1.0872 | Valid Acc: 79.50% | Test Acc: 0.00% | LR: 0.000998 | Time: 24.5s
Epoch  10/200 | Train Loss: 0.9111 | Valid Acc: 82.16% | Test Acc: 81.02% | LR: 0.000994 | Time: 25.4s
Epoch  15/200 | Train Loss: 0.8266 | Valid Acc: 87.50% | Test Acc: 81.02% | LR: 0.000986 | Time: 23.9s
Epoch  20/200 | Train Loss: 0.7699 | Valid Acc: 90.78% | Test Acc: 89.81% | LR: 0.000976 | Time: 26.2s
Epoch  25/200 | Train Loss: 0.7259 | Valid Acc: 90.92% | Test Acc: 89.81% | LR: 0.000962 | Time: 24.8s
Epoch  30/200 | Train Loss: 0.6973 | Valid Acc: 90.92% | Test Acc: 90.34% | LR: 0.000946 | Time: 26.7s
Epoch  35/200 | Train Loss: 0.6712 | Valid Acc: 92.60% | Test Acc: 90.34% | LR: 0.000926 | Time: 24.4s
Epoch  40/200 | Train Loss: 0.6497 | Valid Acc: 92.42% | Test Acc: 92.16% | LR: 0.000905 | Time: 26.7s
Epoch  45/200 | Train Loss: 0.6327 | Valid Acc: 93.52% | Test Acc: 92.16% | LR: 0.000880 | Time: 24.5s
Epoch  50/200 | Train Loss: 0.6177 | Valid Acc: 93.28% | Test Acc: 92.72% | LR: 0.000854 | Time: 26.9s
Results saved to ./results/cifar10_resnet18_AdamW_seed42_20260319_071628.json
Epoch  55/200 | Train Loss: 0.6061 | Valid Acc: 93.96% | Test Acc: 92.72% | LR: 0.000825 | Time: 24.6s
Epoch  60/200 | Train Loss: 0.5940 | Valid Acc: 93.74% | Test Acc: 92.95% | LR: 0.000794 | Time: 27.0s
Epoch  65/200 | Train Loss: 0.5871 | Valid Acc: 94.18% | Test Acc: 92.95% | LR: 0.000761 | Time: 23.8s
Epoch  70/200 | Train Loss: 0.5820 | Valid Acc: 94.06% | Test Acc: 93.32% | LR: 0.000727 | Time: 27.1s
Epoch  75/200 | Train Loss: 0.5739 | Valid Acc: 93.98% | Test Acc: 93.32% | LR: 0.000692 | Time: 24.2s
Epoch  80/200 | Train Loss: 0.5695 | Valid Acc: 94.52% | Test Acc: 93.98% | LR: 0.000655 | Time: 27.2s
Epoch  85/200 | Train Loss: 0.5626 | Valid Acc: 94.48% | Test Acc: 93.98% | LR: 0.000617 | Time: 24.4s
Epoch  90/200 | Train Loss: 0.5566 | Valid Acc: 94.08% | Test Acc: 93.87% | LR: 0.000579 | Time: 26.7s
Epoch  95/200 | Train Loss: 0.5550 | Valid Acc: 94.38% | Test Acc: 93.87% | LR: 0.000540 | Time: 24.1s
Epoch 100/200 | Train Loss: 0.5473 | Valid Acc: 94.80% | Test Acc: 94.17% | LR: 0.000501 | Time: 27.0s
Results saved to ./results/cifar10_resnet18_AdamW_seed42_20260319_071628.json
Epoch 105/200 | Train Loss: 0.5445 | Valid Acc: 94.54% | Test Acc: 94.17% | LR: 0.000461 | Time: 24.8s
Epoch 110/200 | Train Loss: 0.5417 | Valid Acc: 94.86% | Test Acc: 94.23% | LR: 0.000422 | Time: 27.3s
Epoch 115/200 | Train Loss: 0.5381 | Valid Acc: 95.20% | Test Acc: 94.23% | LR: 0.000384 | Time: 24.5s
Epoch 120/200 | Train Loss: 0.5344 | Valid Acc: 95.22% | Test Acc: 94.49% | LR: 0.000346 | Time: 26.7s
Epoch 125/200 | Train Loss: 0.5329 | Valid Acc: 95.30% | Test Acc: 94.49% | LR: 0.000309 | Time: 24.5s
Epoch 130/200 | Train Loss: 0.5297 | Valid Acc: 95.32% | Test Acc: 94.39% | LR: 0.000274 | Time: 27.3s
Epoch 135/200 | Train Loss: 0.5283 | Valid Acc: 95.46% | Test Acc: 94.39% | LR: 0.000240 | Time: 24.1s
Epoch 140/200 | Train Loss: 0.5260 | Valid Acc: 95.54% | Test Acc: 94.65% | LR: 0.000207 | Time: 27.0s
Epoch 145/200 | Train Loss: 0.5238 | Valid Acc: 95.22% | Test Acc: 94.65% | LR: 0.000176 | Time: 24.5s
Epoch 150/200 | Train Loss: 0.5206 | Valid Acc: 95.40% | Test Acc: 94.80% | LR: 0.000147 | Time: 26.4s
Results saved to ./results/cifar10_resnet18_AdamW_seed42_20260319_071628.json
Epoch 155/200 | Train Loss: 0.5203 | Valid Acc: 95.38% | Test Acc: 94.80% | LR: 0.000121 | Time: 24.4s
Epoch 160/200 | Train Loss: 0.5188 | Valid Acc: 95.52% | Test Acc: 94.90% | LR: 0.000096 | Time: 27.0s
Epoch 165/200 | Train Loss: 0.5176 | Valid Acc: 95.56% | Test Acc: 94.90% | LR: 0.000075 | Time: 24.3s
Epoch 170/200 | Train Loss: 0.5181 | Valid Acc: 95.56% | Test Acc: 95.01% | LR: 0.000055 | Time: 26.9s
Epoch 175/200 | Train Loss: 0.5153 | Valid Acc: 95.78% | Test Acc: 95.01% | LR: 0.000039 | Time: 24.2s
Epoch 180/200 | Train Loss: 0.5143 | Valid Acc: 95.76% | Test Acc: 95.15% | LR: 0.000025 | Time: 26.9s
Epoch 185/200 | Train Loss: 0.5146 | Valid Acc: 95.66% | Test Acc: 95.15% | LR: 0.000015 | Time: 24.3s
Epoch 190/200 | Train Loss: 0.5148 | Valid Acc: 95.70% | Test Acc: 95.07% | LR: 0.000007 | Time: 27.2s
Epoch 195/200 | Train Loss: 0.5140 | Valid Acc: 95.66% | Test Acc: 95.07% | LR: 0.000003 | Time: 24.5s
Epoch 200/200 | Train Loss: 0.5130 | Valid Acc: 95.60% | Test Acc: 95.11% | LR: 0.000001 | Time: 20.7s
Results saved to ./results/cifar10_resnet18_AdamW_seed42_20260319_071628.json
Results saved to ./results/cifar10_resnet18_AdamW_seed42_20260319_071628.json

============================================================
Training complete: cifar10_resnet18_AdamW_seed42
Best Valid Acc: 95.84%
Best Test Acc:  95.02%
Avg Time/Epoch: 24.6s
============================================================
