Device: cuda
Dataset: cifar100 (100 classes)
Model: resnet18 (11,220,132 params)
Optimizer: LAKTJU

============================================================
Starting training: cifar100_resnet18_LAKTJU_seed42
============================================================

<sys>:0: UserWarning: Full backward hook is firing when gradients are computed with respect to module outputs since no inputs require gradients. See https://docs.pytorch.org/docs/main/generated/torch.nn.Module.html#torch.nn.Module.register_full_backward_hook for more details.
Epoch   1/200 | Train Loss: 4.0837 | Valid Acc: 16.80% | Test Acc: 0.00% | LR: 0.003000 s=0.025 | Time: 98.9s
Epoch   5/200 | Train Loss: 2.5933 | Valid Acc: 48.28% | Test Acc: 0.00% | LR: 0.002997 s=0.124 | Time: 105.3s
Epoch  10/200 | Train Loss: 2.1164 | Valid Acc: 57.36% | Test Acc: 57.54% | LR: 0.002985 s=0.245 | Time: 106.5s
Epoch  15/200 | Train Loss: 1.9211 | Valid Acc: 61.40% | Test Acc: 57.54% | LR: 0.002964 s=0.358 | Time: 105.1s
Epoch  20/200 | Train Loss: 1.7825 | Valid Acc: 64.34% | Test Acc: 63.06% | LR: 0.002934 s=0.462 | Time: 106.3s
Epoch  25/200 | Train Loss: 1.6550 | Valid Acc: 65.60% | Test Acc: 63.06% | LR: 0.002895 s=0.555 | Time: 105.0s
Epoch  30/200 | Train Loss: 1.5352 | Valid Acc: 66.34% | Test Acc: 65.96% | LR: 0.002847 s=0.635 | Time: 106.2s
Epoch  35/200 | Train Loss: 1.4347 | Valid Acc: 67.98% | Test Acc: 65.96% | LR: 0.002791 s=0.704 | Time: 104.8s
Epoch  40/200 | Train Loss: 1.3516 | Valid Acc: 69.56% | Test Acc: 67.84% | LR: 0.002727 s=0.762 | Time: 106.4s
Epoch  45/200 | Train Loss: 1.2745 | Valid Acc: 70.66% | Test Acc: 67.84% | LR: 0.002656 s=0.809 | Time: 104.9s
Epoch  50/200 | Train Loss: 1.2086 | Valid Acc: 69.54% | Test Acc: 69.28% | LR: 0.002577 s=0.848 | Time: 106.2s
Results saved to ./results/cifar100_resnet18_LAKTJU_seed42_20260319_011919.json
Epoch  55/200 | Train Loss: 1.1597 | Valid Acc: 69.70% | Test Acc: 69.28% | LR: 0.002492 s=0.880 | Time: 104.9s
Epoch  60/200 | Train Loss: 1.1177 | Valid Acc: 71.04% | Test Acc: 69.89% | LR: 0.002401 s=0.905 | Time: 106.2s
Epoch  65/200 | Train Loss: 1.0802 | Valid Acc: 71.84% | Test Acc: 69.89% | LR: 0.002304 s=0.925 | Time: 104.8s
Epoch  70/200 | Train Loss: 1.0481 | Valid Acc: 71.66% | Test Acc: 71.31% | LR: 0.002202 s=0.941 | Time: 106.2s
Epoch  75/200 | Train Loss: 1.0259 | Valid Acc: 72.42% | Test Acc: 71.31% | LR: 0.002096 s=0.954 | Time: 104.8s
Epoch  80/200 | Train Loss: 0.9993 | Valid Acc: 71.96% | Test Acc: 71.56% | LR: 0.001986 s=0.964 | Time: 106.0s
Epoch  85/200 | Train Loss: 0.9759 | Valid Acc: 72.66% | Test Acc: 71.56% | LR: 0.001873 s=0.972 | Time: 104.9s
Epoch  90/200 | Train Loss: 0.9581 | Valid Acc: 73.12% | Test Acc: 72.75% | LR: 0.001758 s=0.978 | Time: 106.0s
Epoch  95/200 | Train Loss: 0.9421 | Valid Acc: 74.34% | Test Acc: 72.75% | LR: 0.001642 s=0.983 | Time: 104.9s
Epoch 100/200 | Train Loss: 0.9264 | Valid Acc: 74.34% | Test Acc: 72.85% | LR: 0.001524 s=0.987 | Time: 106.1s
Results saved to ./results/cifar100_resnet18_LAKTJU_seed42_20260319_011919.json
Epoch 105/200 | Train Loss: 0.9128 | Valid Acc: 74.18% | Test Acc: 72.85% | LR: 0.001406 s=0.990 | Time: 105.0s
Epoch 110/200 | Train Loss: 0.8960 | Valid Acc: 74.74% | Test Acc: 72.78% | LR: 0.001289 s=0.992 | Time: 106.2s
Epoch 115/200 | Train Loss: 0.8878 | Valid Acc: 75.24% | Test Acc: 72.78% | LR: 0.001173 s=0.994 | Time: 104.9s
Epoch 120/200 | Train Loss: 0.8766 | Valid Acc: 75.44% | Test Acc: 73.49% | LR: 0.001060 s=0.995 | Time: 106.2s
Epoch 125/200 | Train Loss: 0.8702 | Valid Acc: 75.60% | Test Acc: 73.49% | LR: 0.000948 s=0.996 | Time: 104.9s
Epoch 130/200 | Train Loss: 0.8639 | Valid Acc: 75.22% | Test Acc: 74.19% | LR: 0.000841 s=0.997 | Time: 106.0s
Epoch 135/200 | Train Loss: 0.8568 | Valid Acc: 75.44% | Test Acc: 74.19% | LR: 0.000737 s=0.998 | Time: 104.8s
Epoch 140/200 | Train Loss: 0.8509 | Valid Acc: 76.16% | Test Acc: 74.73% | LR: 0.000638 s=0.998 | Time: 106.1s
Epoch 145/200 | Train Loss: 0.8447 | Valid Acc: 75.96% | Test Acc: 74.73% | LR: 0.000545 s=0.999 | Time: 104.9s
Epoch 150/200 | Train Loss: 0.8389 | Valid Acc: 76.62% | Test Acc: 75.18% | LR: 0.000457 s=0.999 | Time: 106.3s
Results saved to ./results/cifar100_resnet18_LAKTJU_seed42_20260319_011919.json
Epoch 155/200 | Train Loss: 0.8346 | Valid Acc: 76.22% | Test Acc: 75.18% | LR: 0.000376 s=0.999 | Time: 104.8s
Epoch 160/200 | Train Loss: 0.8299 | Valid Acc: 76.80% | Test Acc: 75.10% | LR: 0.000301 s=0.999 | Time: 106.2s
Epoch 165/200 | Train Loss: 0.8276 | Valid Acc: 76.70% | Test Acc: 75.10% | LR: 0.000234 s=0.999 | Time: 104.9s
Epoch 170/200 | Train Loss: 0.8257 | Valid Acc: 77.08% | Test Acc: 75.39% | LR: 0.000175 s=1.000 | Time: 106.2s
Epoch 175/200 | Train Loss: 0.8225 | Valid Acc: 77.00% | Test Acc: 75.39% | LR: 0.000124 s=1.000 | Time: 104.8s
Epoch 180/200 | Train Loss: 0.8208 | Valid Acc: 76.84% | Test Acc: 75.50% | LR: 0.000082 s=1.000 | Time: 106.1s
Epoch 185/200 | Train Loss: 0.8201 | Valid Acc: 77.36% | Test Acc: 75.50% | LR: 0.000048 s=1.000 | Time: 104.9s
Epoch 190/200 | Train Loss: 0.8201 | Valid Acc: 77.34% | Test Acc: 75.61% | LR: 0.000023 s=1.000 | Time: 106.1s
Epoch 195/200 | Train Loss: 0.8194 | Valid Acc: 77.22% | Test Acc: 75.61% | LR: 0.000008 s=1.000 | Time: 104.9s
Epoch 200/200 | Train Loss: 0.8183 | Valid Acc: 77.30% | Test Acc: 75.67% | LR: 0.000001 s=1.000 | Time: 98.8s
Results saved to ./results/cifar100_resnet18_LAKTJU_seed42_20260319_011919.json
Results saved to ./results/cifar100_resnet18_LAKTJU_seed42_20260319_011919.json

============================================================
Training complete: cifar100_resnet18_LAKTJU_seed42
Best Valid Acc: 77.44%
Best Test Acc:  75.35%
Avg Time/Epoch: 104.8s
============================================================
