Device: cuda
Dataset: cifar10 (10 classes)
Model: resnet18 (11,173,962 params)
Optimizer: LAKTJU

============================================================
Starting training: cifar10_resnet18_LAKTJU_seed123
============================================================

<sys>:0: UserWarning: Full backward hook is firing when gradients are computed with respect to module outputs since no inputs require gradients. See https://docs.pytorch.org/docs/main/generated/torch.nn.Module.html#torch.nn.Module.register_full_backward_hook for more details.
Epoch   1/200 | Train Loss: 1.8109 | Valid Acc: 57.34% | Test Acc: 0.00% | LR: 0.003000 s=0.025 | Time: 99.0s
Epoch   5/200 | Train Loss: 1.0532 | Valid Acc: 78.30% | Test Acc: 0.00% | LR: 0.002997 s=0.124 | Time: 105.3s
Epoch  10/200 | Train Loss: 0.9339 | Valid Acc: 85.00% | Test Acc: 85.48% | LR: 0.002985 s=0.245 | Time: 106.6s
Epoch  15/200 | Train Loss: 0.8681 | Valid Acc: 84.28% | Test Acc: 85.48% | LR: 0.002964 s=0.358 | Time: 105.2s
Epoch  20/200 | Train Loss: 0.8306 | Valid Acc: 87.62% | Test Acc: 88.18% | LR: 0.002934 s=0.462 | Time: 106.4s
Epoch  25/200 | Train Loss: 0.7943 | Valid Acc: 88.74% | Test Acc: 88.18% | LR: 0.002895 s=0.555 | Time: 105.1s
Epoch  30/200 | Train Loss: 0.7616 | Valid Acc: 89.60% | Test Acc: 89.74% | LR: 0.002847 s=0.635 | Time: 106.2s
Epoch  35/200 | Train Loss: 0.7373 | Valid Acc: 90.76% | Test Acc: 89.74% | LR: 0.002791 s=0.704 | Time: 105.0s
Epoch  40/200 | Train Loss: 0.7133 | Valid Acc: 90.04% | Test Acc: 90.53% | LR: 0.002727 s=0.762 | Time: 106.2s
Epoch  45/200 | Train Loss: 0.6894 | Valid Acc: 91.38% | Test Acc: 90.53% | LR: 0.002656 s=0.809 | Time: 104.9s
Epoch  50/200 | Train Loss: 0.6734 | Valid Acc: 91.36% | Test Acc: 91.63% | LR: 0.002577 s=0.848 | Time: 106.4s
Results saved to ./results/cifar10_resnet18_LAKTJU_seed123_20260319_011919.json
Epoch  55/200 | Train Loss: 0.6561 | Valid Acc: 91.56% | Test Acc: 91.63% | LR: 0.002492 s=0.880 | Time: 105.0s
Epoch  60/200 | Train Loss: 0.6395 | Valid Acc: 93.18% | Test Acc: 92.88% | LR: 0.002401 s=0.905 | Time: 106.2s
Epoch  65/200 | Train Loss: 0.6273 | Valid Acc: 92.94% | Test Acc: 92.88% | LR: 0.002304 s=0.925 | Time: 104.9s
Epoch  70/200 | Train Loss: 0.6130 | Valid Acc: 93.16% | Test Acc: 92.83% | LR: 0.002202 s=0.941 | Time: 106.2s
Epoch  75/200 | Train Loss: 0.6017 | Valid Acc: 93.88% | Test Acc: 92.83% | LR: 0.002096 s=0.954 | Time: 104.8s
Epoch  80/200 | Train Loss: 0.5932 | Valid Acc: 93.92% | Test Acc: 93.74% | LR: 0.001986 s=0.964 | Time: 106.0s
Epoch  85/200 | Train Loss: 0.5844 | Valid Acc: 93.90% | Test Acc: 93.74% | LR: 0.001873 s=0.972 | Time: 104.8s
Epoch  90/200 | Train Loss: 0.5782 | Valid Acc: 94.36% | Test Acc: 93.33% | LR: 0.001758 s=0.978 | Time: 106.0s
Epoch  95/200 | Train Loss: 0.5676 | Valid Acc: 94.54% | Test Acc: 93.33% | LR: 0.001642 s=0.983 | Time: 105.0s
Epoch 100/200 | Train Loss: 0.5627 | Valid Acc: 94.28% | Test Acc: 93.69% | LR: 0.001524 s=0.987 | Time: 106.2s
Results saved to ./results/cifar10_resnet18_LAKTJU_seed123_20260319_011919.json
Epoch 105/200 | Train Loss: 0.5571 | Valid Acc: 94.20% | Test Acc: 93.69% | LR: 0.001406 s=0.990 | Time: 104.8s
Epoch 110/200 | Train Loss: 0.5529 | Valid Acc: 94.60% | Test Acc: 94.47% | LR: 0.001289 s=0.992 | Time: 105.9s
Epoch 115/200 | Train Loss: 0.5469 | Valid Acc: 94.62% | Test Acc: 94.47% | LR: 0.001173 s=0.994 | Time: 104.8s
Epoch 120/200 | Train Loss: 0.5437 | Valid Acc: 94.82% | Test Acc: 94.52% | LR: 0.001060 s=0.995 | Time: 106.1s
Epoch 125/200 | Train Loss: 0.5389 | Valid Acc: 94.72% | Test Acc: 94.52% | LR: 0.000948 s=0.996 | Time: 104.9s
Epoch 130/200 | Train Loss: 0.5369 | Valid Acc: 95.08% | Test Acc: 94.88% | LR: 0.000841 s=0.997 | Time: 106.1s
Epoch 135/200 | Train Loss: 0.5316 | Valid Acc: 94.72% | Test Acc: 94.88% | LR: 0.000737 s=0.998 | Time: 105.0s
Epoch 140/200 | Train Loss: 0.5278 | Valid Acc: 95.12% | Test Acc: 94.94% | LR: 0.000638 s=0.998 | Time: 106.1s
Epoch 145/200 | Train Loss: 0.5261 | Valid Acc: 94.98% | Test Acc: 94.94% | LR: 0.000545 s=0.999 | Time: 104.9s
Epoch 150/200 | Train Loss: 0.5229 | Valid Acc: 95.58% | Test Acc: 95.30% | LR: 0.000457 s=0.999 | Time: 106.2s
Results saved to ./results/cifar10_resnet18_LAKTJU_seed123_20260319_011919.json
Epoch 155/200 | Train Loss: 0.5222 | Valid Acc: 95.38% | Test Acc: 95.30% | LR: 0.000376 s=0.999 | Time: 104.8s
Epoch 160/200 | Train Loss: 0.5185 | Valid Acc: 95.54% | Test Acc: 95.31% | LR: 0.000301 s=0.999 | Time: 106.1s
Epoch 165/200 | Train Loss: 0.5170 | Valid Acc: 95.44% | Test Acc: 95.31% | LR: 0.000234 s=0.999 | Time: 104.8s
Epoch 170/200 | Train Loss: 0.5170 | Valid Acc: 95.60% | Test Acc: 95.42% | LR: 0.000175 s=1.000 | Time: 106.0s
Epoch 175/200 | Train Loss: 0.5149 | Valid Acc: 95.54% | Test Acc: 95.42% | LR: 0.000124 s=1.000 | Time: 104.8s
Epoch 180/200 | Train Loss: 0.5148 | Valid Acc: 95.62% | Test Acc: 95.51% | LR: 0.000082 s=1.000 | Time: 106.0s
Epoch 185/200 | Train Loss: 0.5139 | Valid Acc: 95.86% | Test Acc: 95.51% | LR: 0.000048 s=1.000 | Time: 104.8s
Epoch 190/200 | Train Loss: 0.5132 | Valid Acc: 95.80% | Test Acc: 95.54% | LR: 0.000023 s=1.000 | Time: 106.1s
Epoch 195/200 | Train Loss: 0.5131 | Valid Acc: 95.78% | Test Acc: 95.54% | LR: 0.000008 s=1.000 | Time: 104.8s
Epoch 200/200 | Train Loss: 0.5131 | Valid Acc: 95.68% | Test Acc: 95.59% | LR: 0.000001 s=1.000 | Time: 102.0s
Results saved to ./results/cifar10_resnet18_LAKTJU_seed123_20260319_011919.json
Results saved to ./results/cifar10_resnet18_LAKTJU_seed123_20260319_011919.json

============================================================
Training complete: cifar10_resnet18_LAKTJU_seed123
Best Valid Acc: 95.88%
Best Test Acc:  95.61%
Avg Time/Epoch: 104.8s
============================================================
