Device: cuda
Dataset: cifar10 (10 classes)
Model: resnet18 (11,173,962 params)
Optimizer: LAKTJU

============================================================
Starting training: cifar10_resnet18_LAKTJU_seed42
============================================================

<sys>:0: UserWarning: Full backward hook is firing when gradients are computed with respect to module outputs since no inputs require gradients. See https://docs.pytorch.org/docs/main/generated/torch.nn.Module.html#torch.nn.Module.register_full_backward_hook for more details.
Epoch   1/50 | Train Loss: 1.7687 | Valid Acc: 57.12% | Test Acc: 0.00% | LR: 0.003000 s=0.100 | Time: 66.0s
Epoch   5/50 | Train Loss: 1.0781 | Valid Acc: 77.58% | Test Acc: 0.00% | LR: 0.002953 s=0.462 | Time: 69.9s
Epoch  10/50 | Train Loss: 0.9244 | Valid Acc: 82.48% | Test Acc: 82.23% | LR: 0.002767 s=0.762 | Time: 70.6s
Epoch  15/50 | Train Loss: 0.8289 | Valid Acc: 85.62% | Test Acc: 82.23% | LR: 0.002456 s=0.905 | Time: 69.9s
Epoch  20/50 | Train Loss: 0.7602 | Valid Acc: 90.06% | Test Acc: 89.66% | LR: 0.002053 s=0.964 | Time: 70.7s
Epoch  25/50 | Train Loss: 0.7019 | Valid Acc: 92.14% | Test Acc: 91.32% | LR: 0.001595 s=0.987 | Time: 70.8s
Epoch  30/50 | Train Loss: 0.6541 | Valid Acc: 92.40% | Test Acc: 92.02% | LR: 0.001128 s=0.995 | Time: 70.8s
Epoch  35/50 | Train Loss: 0.6154 | Valid Acc: 93.58% | Test Acc: 92.02% | LR: 0.000697 s=0.998 | Time: 70.0s
Epoch  40/50 | Train Loss: 0.5897 | Valid Acc: 94.18% | Test Acc: 94.26% | LR: 0.000345 s=0.999 | Time: 70.6s
Epoch  45/50 | Train Loss: 0.5733 | Valid Acc: 94.46% | Test Acc: 94.26% | LR: 0.000106 s=1.000 | Time: 69.9s
Epoch  50/50 | Train Loss: 0.5667 | Valid Acc: 94.50% | Test Acc: 94.85% | LR: 0.000004 s=1.000 | Time: 69.4s
Results saved to ./results/cifar10_resnet18_LAKTJU_seed42_20260319_001816.json
Results saved to ./results/cifar10_resnet18_LAKTJU_seed42_20260319_001816.json

============================================================
Training complete: cifar10_resnet18_LAKTJU_seed42
Best Valid Acc: 94.62%
Best Test Acc:  94.65%
Avg Time/Epoch: 69.8s
============================================================
