Device: cuda
Dataset: cifar10 (10 classes)
Model: resnet18 (11,173,962 params)
Optimizer: LAKTJU

============================================================
Starting training: cifar10_resnet18_LAKTJU_seed42
============================================================

<sys>:0: UserWarning: Full backward hook is firing when gradients are computed with respect to module outputs since no inputs require gradients. See https://docs.pytorch.org/docs/main/generated/torch.nn.Module.html#torch.nn.Module.register_full_backward_hook for more details.
Epoch   1/50 | Train Loss: 1.6857 | Valid Acc: 57.96% | Test Acc: 0.00% | LR: 0.003000 s=0.100 | Time: 65.9s
Epoch   5/50 | Train Loss: 0.9193 | Valid Acc: 75.12% | Test Acc: 0.00% | LR: 0.002953 s=0.462 | Time: 69.9s
Epoch  10/50 | Train Loss: 0.7543 | Valid Acc: 82.44% | Test Acc: 82.21% | LR: 0.002767 s=0.762 | Time: 70.6s
Epoch  15/50 | Train Loss: 0.6542 | Valid Acc: 87.34% | Test Acc: 82.21% | LR: 0.002456 s=0.905 | Time: 70.0s
Epoch  20/50 | Train Loss: 0.5814 | Valid Acc: 89.64% | Test Acc: 88.90% | LR: 0.002053 s=0.964 | Time: 70.8s
Epoch  25/50 | Train Loss: 0.5199 | Valid Acc: 91.36% | Test Acc: 91.24% | LR: 0.001595 s=0.987 | Time: 70.9s
Epoch  30/50 | Train Loss: 0.4628 | Valid Acc: 93.54% | Test Acc: 92.51% | LR: 0.001128 s=0.995 | Time: 70.8s
Epoch  35/50 | Train Loss: 0.4204 | Valid Acc: 93.76% | Test Acc: 92.51% | LR: 0.000697 s=0.998 | Time: 70.0s
Epoch  40/50 | Train Loss: 0.3849 | Valid Acc: 94.38% | Test Acc: 93.77% | LR: 0.000345 s=0.999 | Time: 70.6s
Epoch  45/50 | Train Loss: 0.3662 | Valid Acc: 94.84% | Test Acc: 93.77% | LR: 0.000106 s=1.000 | Time: 70.0s
Epoch  50/50 | Train Loss: 0.3563 | Valid Acc: 94.98% | Test Acc: 94.29% | LR: 0.000004 s=1.000 | Time: 69.4s
Results saved to ./results/cifar10_resnet18_LAKTJU_seed42_20260319_001816.json
Results saved to ./results/cifar10_resnet18_LAKTJU_seed42_20260319_001816.json

============================================================
Training complete: cifar10_resnet18_LAKTJU_seed42
Best Valid Acc: 94.98%
Best Test Acc:  94.29%
Avg Time/Epoch: 69.8s
============================================================
