Device: cuda
Dataset: cifar10 (10 classes)
Model: resnet18 (11,173,962 params)
Optimizer: LAKTJU

============================================================
Starting training: cifar10_resnet18_LAKTJU_seed42
============================================================

<sys>:0: UserWarning: Full backward hook is firing when gradients are computed with respect to module outputs since no inputs require gradients. See https://docs.pytorch.org/docs/main/generated/torch.nn.Module.html#torch.nn.Module.register_full_backward_hook for more details.
Epoch   1/50 | Train Loss: 1.7842 | Valid Acc: 57.16% | Test Acc: 0.00% | LR: 0.003000 s=0.100 | Time: 65.6s
Epoch   5/50 | Train Loss: 1.0775 | Valid Acc: 76.48% | Test Acc: 0.00% | LR: 0.002953 s=0.462 | Time: 69.4s
Epoch  10/50 | Train Loss: 0.9211 | Valid Acc: 83.44% | Test Acc: 83.57% | LR: 0.002767 s=0.762 | Time: 70.8s
Epoch  15/50 | Train Loss: 0.8302 | Valid Acc: 86.78% | Test Acc: 83.57% | LR: 0.002456 s=0.905 | Time: 69.9s
Epoch  20/50 | Train Loss: 0.7658 | Valid Acc: 90.94% | Test Acc: 89.79% | LR: 0.002053 s=0.964 | Time: 70.5s
Epoch  25/50 | Train Loss: 0.7099 | Valid Acc: 91.94% | Test Acc: 91.17% | LR: 0.001595 s=0.987 | Time: 70.6s
Epoch  30/50 | Train Loss: 0.6574 | Valid Acc: 92.48% | Test Acc: 92.06% | LR: 0.001128 s=0.995 | Time: 70.7s
Epoch  35/50 | Train Loss: 0.6186 | Valid Acc: 93.78% | Test Acc: 92.06% | LR: 0.000697 s=0.998 | Time: 69.8s
Epoch  40/50 | Train Loss: 0.5909 | Valid Acc: 93.90% | Test Acc: 93.79% | LR: 0.000345 s=0.999 | Time: 70.7s
Epoch  45/50 | Train Loss: 0.5754 | Valid Acc: 94.48% | Test Acc: 93.79% | LR: 0.000106 s=1.000 | Time: 70.0s
Epoch  50/50 | Train Loss: 0.5716 | Valid Acc: 94.52% | Test Acc: 94.32% | LR: 0.000004 s=1.000 | Time: 70.5s
Results saved to ./results/cifar10_resnet18_LAKTJU_seed42_20260319_001816.json
Results saved to ./results/cifar10_resnet18_LAKTJU_seed42_20260319_001816.json

============================================================
Training complete: cifar10_resnet18_LAKTJU_seed42
Best Valid Acc: 94.88%
Best Test Acc:  94.13%
Avg Time/Epoch: 69.7s
============================================================
