Device: cuda
Dataset: cifar10 (10 classes)
Model: resnet18 (11,173,962 params)
Optimizer: SGD

============================================================
Starting training: cifar10_resnet18_SGD_seed42
============================================================

Epoch   1/200 | Train Loss: 2.3560 | Valid Acc: 22.56% | Test Acc: 0.00% | LR: 0.099994 | Time: 51.0s
Epoch   5/200 | Train Loss: 1.4756 | Valid Acc: 62.06% | Test Acc: 0.00% | LR: 0.099846 | Time: 50.4s
Epoch  10/200 | Train Loss: 1.1702 | Valid Acc: 74.98% | Test Acc: 74.97% | LR: 0.099384 | Time: 52.3s
Epoch  15/200 | Train Loss: 1.0844 | Valid Acc: 78.56% | Test Acc: 74.97% | LR: 0.098619 | Time: 49.9s
Epoch  20/200 | Train Loss: 1.0407 | Valid Acc: 76.52% | Test Acc: 76.15% | LR: 0.097553 | Time: 53.3s
Epoch  25/200 | Train Loss: 1.0195 | Valid Acc: 80.72% | Test Acc: 76.15% | LR: 0.096194 | Time: 49.9s
Epoch  30/200 | Train Loss: 0.9976 | Valid Acc: 76.52% | Test Acc: 75.54% | LR: 0.094550 | Time: 53.4s
Epoch  35/200 | Train Loss: 0.9833 | Valid Acc: 81.50% | Test Acc: 75.54% | LR: 0.092632 | Time: 49.9s
Epoch  40/200 | Train Loss: 0.9695 | Valid Acc: 78.84% | Test Acc: 78.41% | LR: 0.090451 | Time: 53.8s
Epoch  45/200 | Train Loss: 0.9601 | Valid Acc: 80.60% | Test Acc: 78.41% | LR: 0.088020 | Time: 50.2s
Epoch  50/200 | Train Loss: 0.9532 | Valid Acc: 83.66% | Test Acc: 83.14% | LR: 0.085355 | Time: 53.4s
Results saved to ./results/cifar10_resnet18_SGD_seed42_20260319_133150.json
Epoch  55/200 | Train Loss: 0.9357 | Valid Acc: 79.56% | Test Acc: 83.14% | LR: 0.082473 | Time: 50.4s
Epoch  60/200 | Train Loss: 0.9337 | Valid Acc: 80.44% | Test Acc: 79.52% | LR: 0.079389 | Time: 53.4s
Epoch  65/200 | Train Loss: 0.9239 | Valid Acc: 84.98% | Test Acc: 79.52% | LR: 0.076125 | Time: 50.4s
Epoch  70/200 | Train Loss: 0.9051 | Valid Acc: 83.40% | Test Acc: 82.95% | LR: 0.072700 | Time: 53.4s
Epoch  75/200 | Train Loss: 0.9049 | Valid Acc: 83.70% | Test Acc: 82.95% | LR: 0.069134 | Time: 49.8s
Epoch  80/200 | Train Loss: 0.8870 | Valid Acc: 87.80% | Test Acc: 86.97% | LR: 0.065451 | Time: 53.3s
Epoch  85/200 | Train Loss: 0.8725 | Valid Acc: 86.98% | Test Acc: 86.97% | LR: 0.061673 | Time: 50.0s
Epoch  90/200 | Train Loss: 0.8610 | Valid Acc: 86.00% | Test Acc: 85.86% | LR: 0.057822 | Time: 53.8s
Epoch  95/200 | Train Loss: 0.8464 | Valid Acc: 86.48% | Test Acc: 85.86% | LR: 0.053923 | Time: 49.8s
Epoch 100/200 | Train Loss: 0.8361 | Valid Acc: 87.94% | Test Acc: 87.01% | LR: 0.050001 | Time: 53.5s
Results saved to ./results/cifar10_resnet18_SGD_seed42_20260319_133150.json
Epoch 105/200 | Train Loss: 0.8128 | Valid Acc: 88.32% | Test Acc: 87.01% | LR: 0.046078 | Time: 50.0s
Epoch 110/200 | Train Loss: 0.8042 | Valid Acc: 89.52% | Test Acc: 89.42% | LR: 0.042179 | Time: 53.8s
Epoch 115/200 | Train Loss: 0.7895 | Valid Acc: 91.12% | Test Acc: 89.42% | LR: 0.038328 | Time: 50.3s
Epoch 120/200 | Train Loss: 0.7764 | Valid Acc: 90.90% | Test Acc: 90.11% | LR: 0.034550 | Time: 53.4s
Epoch 125/200 | Train Loss: 0.7540 | Valid Acc: 90.58% | Test Acc: 90.11% | LR: 0.030867 | Time: 50.0s
Epoch 130/200 | Train Loss: 0.7413 | Valid Acc: 92.02% | Test Acc: 91.45% | LR: 0.027301 | Time: 53.4s
Epoch 135/200 | Train Loss: 0.7222 | Valid Acc: 90.58% | Test Acc: 91.45% | LR: 0.023876 | Time: 50.1s
Epoch 140/200 | Train Loss: 0.7009 | Valid Acc: 92.30% | Test Acc: 91.63% | LR: 0.020612 | Time: 53.0s
Epoch 145/200 | Train Loss: 0.6856 | Valid Acc: 93.42% | Test Acc: 91.63% | LR: 0.017528 | Time: 50.0s
Epoch 150/200 | Train Loss: 0.6654 | Valid Acc: 93.50% | Test Acc: 93.10% | LR: 0.014646 | Time: 53.3s
Results saved to ./results/cifar10_resnet18_SGD_seed42_20260319_133150.json
Epoch 155/200 | Train Loss: 0.6477 | Valid Acc: 94.22% | Test Acc: 93.10% | LR: 0.011981 | Time: 50.2s
Epoch 160/200 | Train Loss: 0.6263 | Valid Acc: 94.86% | Test Acc: 94.81% | LR: 0.009550 | Time: 52.6s
Epoch 165/200 | Train Loss: 0.6097 | Valid Acc: 95.10% | Test Acc: 94.81% | LR: 0.007369 | Time: 50.1s
Epoch 170/200 | Train Loss: 0.5944 | Valid Acc: 95.60% | Test Acc: 95.62% | LR: 0.005451 | Time: 53.4s
Epoch 175/200 | Train Loss: 0.5801 | Valid Acc: 95.88% | Test Acc: 95.62% | LR: 0.003807 | Time: 50.0s
Epoch 180/200 | Train Loss: 0.5680 | Valid Acc: 96.26% | Test Acc: 96.08% | LR: 0.002448 | Time: 53.4s
Epoch 185/200 | Train Loss: 0.5579 | Valid Acc: 96.24% | Test Acc: 96.08% | LR: 0.001382 | Time: 50.4s
Epoch 190/200 | Train Loss: 0.5535 | Valid Acc: 96.50% | Test Acc: 96.22% | LR: 0.000617 | Time: 53.4s
Epoch 195/200 | Train Loss: 0.5491 | Valid Acc: 96.40% | Test Acc: 96.22% | LR: 0.000155 | Time: 50.0s
Epoch 200/200 | Train Loss: 0.5481 | Valid Acc: 96.42% | Test Acc: 96.35% | LR: 0.000001 | Time: 45.0s
Results saved to ./results/cifar10_resnet18_SGD_seed42_20260319_133150.json
Results saved to ./results/cifar10_resnet18_SGD_seed42_20260319_133150.json

============================================================
Training complete: cifar10_resnet18_SGD_seed42
Best Valid Acc: 96.58%
Best Test Acc:  96.32%
Avg Time/Epoch: 50.4s
============================================================
