Device: cuda
Dataset: cifar100 (100 classes)
Model: resnet18 (11,220,132 params)
Optimizer: AdamW

============================================================
Starting training: cifar100_resnet18_AdamW_seed42
============================================================

Epoch   1/200 | Train Loss: 3.9866 | Valid Acc: 16.86% | Test Acc: 0.00% | LR: 0.001000 | Time: 51.0s
Epoch   5/200 | Train Loss: 2.7304 | Valid Acc: 43.58% | Test Acc: 0.00% | LR: 0.000998 | Time: 50.4s
Epoch  10/200 | Train Loss: 2.1641 | Valid Acc: 57.30% | Test Acc: 56.69% | LR: 0.000994 | Time: 51.4s
Epoch  15/200 | Train Loss: 1.8522 | Valid Acc: 64.18% | Test Acc: 56.69% | LR: 0.000986 | Time: 49.4s
Epoch  20/200 | Train Loss: 1.6236 | Valid Acc: 66.94% | Test Acc: 66.20% | LR: 0.000976 | Time: 52.3s
Epoch  25/200 | Train Loss: 1.4536 | Valid Acc: 68.52% | Test Acc: 66.20% | LR: 0.000962 | Time: 49.7s
Epoch  30/200 | Train Loss: 1.3308 | Valid Acc: 69.70% | Test Acc: 69.34% | LR: 0.000946 | Time: 52.6s
Epoch  35/200 | Train Loss: 1.2355 | Valid Acc: 68.78% | Test Acc: 69.34% | LR: 0.000926 | Time: 50.0s
Epoch  40/200 | Train Loss: 1.1574 | Valid Acc: 69.96% | Test Acc: 69.53% | LR: 0.000905 | Time: 52.2s
Epoch  45/200 | Train Loss: 1.1144 | Valid Acc: 70.86% | Test Acc: 69.53% | LR: 0.000880 | Time: 50.4s
Epoch  50/200 | Train Loss: 1.0736 | Valid Acc: 70.46% | Test Acc: 69.85% | LR: 0.000854 | Time: 52.4s
Results saved to ./results/cifar100_resnet18_AdamW_seed42_20260319_133150.json
Epoch  55/200 | Train Loss: 1.0435 | Valid Acc: 70.94% | Test Acc: 69.85% | LR: 0.000825 | Time: 50.3s
Epoch  60/200 | Train Loss: 1.0173 | Valid Acc: 70.90% | Test Acc: 70.81% | LR: 0.000794 | Time: 53.0s
Epoch  65/200 | Train Loss: 0.9976 | Valid Acc: 71.34% | Test Acc: 70.81% | LR: 0.000761 | Time: 50.4s
Epoch  70/200 | Train Loss: 0.9792 | Valid Acc: 70.74% | Test Acc: 70.91% | LR: 0.000727 | Time: 52.7s
Epoch  75/200 | Train Loss: 0.9646 | Valid Acc: 71.40% | Test Acc: 70.91% | LR: 0.000692 | Time: 50.1s
Epoch  80/200 | Train Loss: 0.9498 | Valid Acc: 72.64% | Test Acc: 71.52% | LR: 0.000655 | Time: 53.0s
Epoch  85/200 | Train Loss: 0.9373 | Valid Acc: 71.62% | Test Acc: 71.52% | LR: 0.000617 | Time: 50.4s
Epoch  90/200 | Train Loss: 0.9269 | Valid Acc: 72.66% | Test Acc: 72.19% | LR: 0.000579 | Time: 52.6s
Epoch  95/200 | Train Loss: 0.9187 | Valid Acc: 72.82% | Test Acc: 72.19% | LR: 0.000540 | Time: 50.2s
Epoch 100/200 | Train Loss: 0.9096 | Valid Acc: 72.56% | Test Acc: 72.00% | LR: 0.000501 | Time: 52.6s
Results saved to ./results/cifar100_resnet18_AdamW_seed42_20260319_133150.json
Epoch 105/200 | Train Loss: 0.8999 | Valid Acc: 72.20% | Test Acc: 72.00% | LR: 0.000461 | Time: 50.5s
Epoch 110/200 | Train Loss: 0.8942 | Valid Acc: 72.80% | Test Acc: 72.43% | LR: 0.000422 | Time: 52.6s
Epoch 115/200 | Train Loss: 0.8879 | Valid Acc: 72.84% | Test Acc: 72.43% | LR: 0.000384 | Time: 50.5s
Epoch 120/200 | Train Loss: 0.8812 | Valid Acc: 73.42% | Test Acc: 72.35% | LR: 0.000346 | Time: 52.6s
Epoch 125/200 | Train Loss: 0.8749 | Valid Acc: 73.44% | Test Acc: 72.35% | LR: 0.000309 | Time: 50.4s
Epoch 130/200 | Train Loss: 0.8696 | Valid Acc: 73.42% | Test Acc: 72.32% | LR: 0.000274 | Time: 53.0s
Epoch 135/200 | Train Loss: 0.8658 | Valid Acc: 73.76% | Test Acc: 72.32% | LR: 0.000240 | Time: 49.3s
Epoch 140/200 | Train Loss: 0.8618 | Valid Acc: 74.24% | Test Acc: 72.92% | LR: 0.000207 | Time: 52.9s
Epoch 145/200 | Train Loss: 0.8578 | Valid Acc: 73.54% | Test Acc: 72.92% | LR: 0.000176 | Time: 50.5s
Epoch 150/200 | Train Loss: 0.8542 | Valid Acc: 74.10% | Test Acc: 72.98% | LR: 0.000147 | Time: 52.6s
Results saved to ./results/cifar100_resnet18_AdamW_seed42_20260319_133150.json
Epoch 155/200 | Train Loss: 0.8521 | Valid Acc: 74.00% | Test Acc: 72.98% | LR: 0.000121 | Time: 50.5s
Epoch 160/200 | Train Loss: 0.8487 | Valid Acc: 74.08% | Test Acc: 72.85% | LR: 0.000096 | Time: 52.6s
Epoch 165/200 | Train Loss: 0.8471 | Valid Acc: 74.40% | Test Acc: 72.85% | LR: 0.000075 | Time: 50.0s
Epoch 170/200 | Train Loss: 0.8453 | Valid Acc: 74.36% | Test Acc: 73.13% | LR: 0.000055 | Time: 52.6s
Epoch 175/200 | Train Loss: 0.8446 | Valid Acc: 74.50% | Test Acc: 73.13% | LR: 0.000039 | Time: 49.6s
Epoch 180/200 | Train Loss: 0.8434 | Valid Acc: 74.56% | Test Acc: 73.16% | LR: 0.000025 | Time: 52.6s
Epoch 185/200 | Train Loss: 0.8428 | Valid Acc: 74.26% | Test Acc: 73.16% | LR: 0.000015 | Time: 50.4s
Epoch 190/200 | Train Loss: 0.8426 | Valid Acc: 74.44% | Test Acc: 73.44% | LR: 0.000007 | Time: 53.3s
Epoch 195/200 | Train Loss: 0.8417 | Valid Acc: 74.14% | Test Acc: 73.44% | LR: 0.000003 | Time: 50.1s
Epoch 200/200 | Train Loss: 0.8421 | Valid Acc: 74.32% | Test Acc: 73.47% | LR: 0.000001 | Time: 43.8s
Results saved to ./results/cifar100_resnet18_AdamW_seed42_20260319_133150.json
Results saved to ./results/cifar100_resnet18_AdamW_seed42_20260319_133150.json

============================================================
Training complete: cifar100_resnet18_AdamW_seed42
Best Valid Acc: 74.90%
Best Test Acc:  73.20%
Avg Time/Epoch: 50.3s
============================================================
