Device: cuda
Dataset: cifar100 (100 classes)
Model: resnet18 (11,220,132 params)
Optimizer: LAKTJU

============================================================
Starting training: cifar100_resnet18_LAKTJU_seed456
============================================================

<sys>:0: UserWarning: Full backward hook is firing when gradients are computed with respect to module outputs since no inputs require gradients. See https://docs.pytorch.org/docs/main/generated/torch.nn.Module.html#torch.nn.Module.register_full_backward_hook for more details.
Epoch   1/200 | Train Loss: 4.1301 | Valid Acc: 15.40% | Test Acc: 0.00% | LR: 0.003000 s=0.025 | Time: 164.7s
Epoch   5/200 | Train Loss: 2.6232 | Valid Acc: 47.22% | Test Acc: 0.00% | LR: 0.002997 s=0.124 | Time: 475.5s
Epoch  10/200 | Train Loss: 2.1110 | Valid Acc: 59.36% | Test Acc: 59.51% | LR: 0.002985 s=0.245 | Time: 487.9s
Epoch  15/200 | Train Loss: 1.8941 | Valid Acc: 61.60% | Test Acc: 59.51% | LR: 0.002964 s=0.358 | Time: 485.0s
Epoch  20/200 | Train Loss: 1.7282 | Valid Acc: 64.42% | Test Acc: 65.16% | LR: 0.002934 s=0.462 | Time: 488.4s
Epoch  25/200 | Train Loss: 1.5991 | Valid Acc: 66.20% | Test Acc: 65.16% | LR: 0.002895 s=0.555 | Time: 480.8s
Epoch  30/200 | Train Loss: 1.4850 | Valid Acc: 67.30% | Test Acc: 67.85% | LR: 0.002847 s=0.635 | Time: 171.9s
Traceback (most recent call last):
  File "/home/hadoop/workstation/md/TJU-V5(ATJU)-sourcecode/ATJU/experiments/train_laktju.py", line 426, in <module>
    main()
    ~~~~^^
  File "/home/hadoop/workstation/md/TJU-V5(ATJU)-sourcecode/ATJU/experiments/train_laktju.py", line 355, in main
    train_loss = train_one_epoch(model, train_loader, criterion, optimizer, device, epoch, args)
  File "/home/hadoop/workstation/md/TJU-V5(ATJU)-sourcecode/ATJU/experiments/train_laktju.py", line 223, in train_one_epoch
    output2 = model(data)
  File "/home/hadoop/anaconda3/lib/python3.13/site-packages/torch/nn/modules/module.py", line 1775, in _wrapped_call_impl
    return self._call_impl(*args, **kwargs)
           ~~~~~~~~~~~~~~~^^^^^^^^^^^^^^^^^
  File "/home/hadoop/anaconda3/lib/python3.13/site-packages/torch/nn/modules/module.py", line 1786, in _call_impl
    return forward_call(*args, **kwargs)
  File "/home/hadoop/workstation/md/TJU-V5(ATJU)-sourcecode/ATJU/experiments/ResNet.py", line 198, in forward
    return self._forward_impl(x)
           ~~~~~~~~~~~~~~~~~~^^^
  File "/home/hadoop/workstation/md/TJU-V5(ATJU)-sourcecode/ATJU/experiments/ResNet.py", line 187, in _forward_impl
    x = self.layer2(x)
  File "/home/hadoop/anaconda3/lib/python3.13/site-packages/torch/nn/modules/module.py", line 1775, in _wrapped_call_impl
    return self._call_impl(*args, **kwargs)
           ~~~~~~~~~~~~~~~^^^^^^^^^^^^^^^^^
  File "/home/hadoop/anaconda3/lib/python3.13/site-packages/torch/nn/modules/module.py", line 1786, in _call_impl
    return forward_call(*args, **kwargs)
  File "/home/hadoop/anaconda3/lib/python3.13/site-packages/torch/nn/modules/container.py", line 250, in forward
    input = module(input)
  File "/home/hadoop/anaconda3/lib/python3.13/site-packages/torch/nn/modules/module.py", line 1775, in _wrapped_call_impl
    return self._call_impl(*args, **kwargs)
           ~~~~~~~~~~~~~~~^^^^^^^^^^^^^^^^^
  File "/home/hadoop/anaconda3/lib/python3.13/site-packages/torch/utils/data/_utils/signal_handling.py", line 73, in handler
    _error_if_any_worker_fails()
    ~~~~~~~~~~~~~~~~~~~~~~~~~~^^
RuntimeError: DataLoader worker (pid 2855417) is killed by signal: Terminated. 
