Device: cuda
Dataset: cifar100 (100 classes)
Model: resnet18 (11,220,132 params)
Optimizer: LAKTJU

============================================================
Starting training: cifar100_resnet18_LAKTJU_seed42
============================================================

<sys>:0: UserWarning: Full backward hook is firing when gradients are computed with respect to module outputs since no inputs require gradients. See https://docs.pytorch.org/docs/main/generated/torch.nn.Module.html#torch.nn.Module.register_full_backward_hook for more details.
Epoch   1/200 | Train Loss: 4.1135 | Valid Acc: 15.38% | Test Acc: 0.00% | LR: 0.003000 s=0.025 | Time: 164.7s
Epoch   5/200 | Train Loss: 2.6454 | Valid Acc: 47.84% | Test Acc: 0.00% | LR: 0.002997 s=0.124 | Time: 475.6s
Epoch  10/200 | Train Loss: 2.1289 | Valid Acc: 58.18% | Test Acc: 57.47% | LR: 0.002985 s=0.245 | Time: 487.9s
Epoch  15/200 | Train Loss: 1.9022 | Valid Acc: 64.04% | Test Acc: 57.47% | LR: 0.002964 s=0.358 | Time: 485.3s
Epoch  20/200 | Train Loss: 1.7419 | Valid Acc: 65.12% | Test Acc: 64.25% | LR: 0.002934 s=0.462 | Time: 488.6s
Epoch  25/200 | Train Loss: 1.6087 | Valid Acc: 66.66% | Test Acc: 64.25% | LR: 0.002895 s=0.555 | Time: 480.9s
Epoch  30/200 | Train Loss: 1.4990 | Valid Acc: 68.38% | Test Acc: 68.42% | LR: 0.002847 s=0.635 | Time: 172.0s
Traceback (most recent call last):
  File "/home/hadoop/workstation/md/TJU-V5(ATJU)-sourcecode/ATJU/experiments/train_laktju.py", line 426, in <module>
    main()
    ~~~~^^
  File "/home/hadoop/workstation/md/TJU-V5(ATJU)-sourcecode/ATJU/experiments/train_laktju.py", line 355, in main
    train_loss = train_one_epoch(model, train_loader, criterion, optimizer, device, epoch, args)
  File "/home/hadoop/workstation/md/TJU-V5(ATJU)-sourcecode/ATJU/experiments/train_laktju.py", line 223, in train_one_epoch
    output2 = model(data)
  File "/home/hadoop/anaconda3/lib/python3.13/site-packages/torch/nn/modules/module.py", line 1775, in _wrapped_call_impl
    return self._call_impl(*args, **kwargs)
           ~~~~~~~~~~~~~~~^^^^^^^^^^^^^^^^^
  File "/home/hadoop/anaconda3/lib/python3.13/site-packages/torch/nn/modules/module.py", line 1786, in _call_impl
    return forward_call(*args, **kwargs)
  File "/home/hadoop/workstation/md/TJU-V5(ATJU)-sourcecode/ATJU/experiments/ResNet.py", line 198, in forward
    return self._forward_impl(x)
           ~~~~~~~~~~~~~~~~~~^^^
  File "/home/hadoop/workstation/md/TJU-V5(ATJU)-sourcecode/ATJU/experiments/ResNet.py", line 187, in _forward_impl
    x = self.layer2(x)
  File "/home/hadoop/anaconda3/lib/python3.13/site-packages/torch/nn/modules/module.py", line 1775, in _wrapped_call_impl
    return self._call_impl(*args, **kwargs)
           ~~~~~~~~~~~~~~~^^^^^^^^^^^^^^^^^
  File "/home/hadoop/anaconda3/lib/python3.13/site-packages/torch/nn/modules/module.py", line 1786, in _call_impl
    return forward_call(*args, **kwargs)
  File "/home/hadoop/anaconda3/lib/python3.13/site-packages/torch/nn/modules/container.py", line 250, in forward
    input = module(input)
  File "/home/hadoop/anaconda3/lib/python3.13/site-packages/torch/nn/modules/module.py", line 1775, in _wrapped_call_impl
    return self._call_impl(*args, **kwargs)
           ~~~~~~~~~~~~~~~^^^^^^^^^^^^^^^^^
  File "/home/hadoop/anaconda3/lib/python3.13/site-packages/torch/nn/modules/module.py", line 1786, in _call_impl
    return forward_call(*args, **kwargs)
  File "/home/hadoop/workstation/md/TJU-V5(ATJU)-sourcecode/ATJU/experiments/ResNet.py", line 41, in forward
    out = self.conv2(out)
  File "/home/hadoop/anaconda3/lib/python3.13/site-packages/torch/nn/modules/module.py", line 1775, in _wrapped_call_impl
    return self._call_impl(*args, **kwargs)
           ~~~~~~~~~~~~~~~^^^^^^^^^^^^^^^^^
  File "/home/hadoop/anaconda3/lib/python3.13/site-packages/torch/nn/modules/module.py", line 1881, in _call_impl
    return inner()
  File "/home/hadoop/anaconda3/lib/python3.13/site-packages/torch/nn/modules/module.py", line 1818, in inner
    args_result = hook(self, args)
  File "/home/hadoop/workstation/md/TJU-V5(ATJU)-sourcecode/ATJU/experiments/../LAKTJU.py", line 105, in _forward_hook
    a = self._extract_conv_input(module, a)
  File "/home/hadoop/workstation/md/TJU-V5(ATJU)-sourcecode/ATJU/experiments/../LAKTJU.py", line 150, in _extract_conv_input
    a_unf = torch.nn.functional.unfold(a, kernel_size=k, stride=s, padding=p)
  File "/home/hadoop/anaconda3/lib/python3.13/site-packages/torch/nn/functional.py", line 5615, in unfold
    return torch._C._nn.im2col(
           ~~~~~~~~~~~~~~~~~~~^
        input, _pair(kernel_size), _pair(dilation), _pair(padding), _pair(stride)
        ^^^^^^^^^^^^^^^^^^^^^^^^^^^^^^^^^^^^^^^^^^^^^^^^^^^^^^^^^^^^^^^^^^^^^^^^^
    )
    ^
  File "/home/hadoop/anaconda3/lib/python3.13/site-packages/torch/utils/data/_utils/signal_handling.py", line 73, in handler
    _error_if_any_worker_fails()
    ~~~~~~~~~~~~~~~~~~~~~~~~~~^^
RuntimeError: DataLoader worker (pid 2855243) is killed by signal: Terminated. 
