Device: cuda
Dataset: cifar10 (10 classes)
Model: resnet18 (11,173,962 params)
Optimizer: LAKTJU

============================================================
Starting training: cifar10_resnet18_LAKTJU_seed42
============================================================

<sys>:0: UserWarning: Full backward hook is firing when gradients are computed with respect to module outputs since no inputs require gradients. See https://docs.pytorch.org/docs/main/generated/torch.nn.Module.html#torch.nn.Module.register_full_backward_hook for more details.
Epoch   1/50 | Train Loss: 1.8614 | Valid Acc: 49.44% | Test Acc: 0.00% | LR: 0.003000 s=0.100 | Time: 109.7s
Epoch   5/50 | Train Loss: 1.1281 | Valid Acc: 77.68% | Test Acc: 0.00% | LR: 0.002953 s=0.462 | Time: 113.7s
Epoch  10/50 | Train Loss: 0.9350 | Valid Acc: 84.70% | Test Acc: 84.01% | LR: 0.002767 s=0.762 | Time: 114.6s
Epoch  15/50 | Train Loss: 0.8318 | Valid Acc: 88.00% | Test Acc: 84.01% | LR: 0.002456 s=0.905 | Time: 113.5s
Epoch  20/50 | Train Loss: 0.7552 | Valid Acc: 91.72% | Test Acc: 90.54% | LR: 0.002053 s=0.964 | Time: 114.4s
Epoch  25/50 | Train Loss: 0.7024 | Valid Acc: 92.76% | Test Acc: 92.05% | LR: 0.001595 s=0.987 | Time: 114.3s
Epoch  30/50 | Train Loss: 0.6511 | Valid Acc: 93.20% | Test Acc: 92.74% | LR: 0.001128 s=0.995 | Time: 114.5s
Epoch  35/50 | Train Loss: 0.6209 | Valid Acc: 94.28% | Test Acc: 92.74% | LR: 0.000697 s=0.998 | Time: 113.4s
Epoch  40/50 | Train Loss: 0.5934 | Valid Acc: 94.52% | Test Acc: 94.10% | LR: 0.000345 s=0.999 | Time: 114.4s
Epoch  45/50 | Train Loss: 0.5777 | Valid Acc: 95.00% | Test Acc: 94.10% | LR: 0.000106 s=1.000 | Time: 113.5s
Epoch  50/50 | Train Loss: 0.5701 | Valid Acc: 95.06% | Test Acc: 94.45% | LR: 0.000004 s=1.000 | Time: 111.6s
Results saved to ./results/cifar10_resnet18_LAKTJU_seed42_20260319_114058.json
Results saved to ./results/cifar10_resnet18_LAKTJU_seed42_20260319_114058.json

============================================================
Training complete: cifar10_resnet18_LAKTJU_seed42
Best Valid Acc: 95.06%
Best Test Acc:  94.52%
Avg Time/Epoch: 113.4s
============================================================
