Device: cuda
Dataset: cifar10 (10 classes)
Model: resnet18 (11,173,962 params)
Optimizer: LAKTJU

============================================================
Starting training: cifar10_resnet18_LAKTJU_seed42
============================================================

<sys>:0: UserWarning: Full backward hook is firing when gradients are computed with respect to module outputs since no inputs require gradients. See https://docs.pytorch.org/docs/main/generated/torch.nn.Module.html#torch.nn.Module.register_full_backward_hook for more details.
Epoch   1/50 | Train Loss: 1.7841 | Valid Acc: 57.58% | Test Acc: 0.00% | LR: 0.010000 s=0.100 | Time: 66.0s
Epoch   5/50 | Train Loss: 1.1613 | Valid Acc: 75.70% | Test Acc: 0.00% | LR: 0.009843 s=0.462 | Time: 70.0s
Epoch  10/50 | Train Loss: 1.0168 | Valid Acc: 83.64% | Test Acc: 83.04% | LR: 0.009222 s=0.762 | Time: 70.9s
Epoch  15/50 | Train Loss: 0.8938 | Valid Acc: 86.06% | Test Acc: 83.04% | LR: 0.008187 s=0.905 | Time: 70.1s
Epoch  20/50 | Train Loss: 0.8385 | Valid Acc: 89.18% | Test Acc: 88.47% | LR: 0.006841 s=0.964 | Time: 70.8s
Epoch  25/50 | Train Loss: 0.7311 | Valid Acc: 91.12% | Test Acc: 90.88% | LR: 0.005314 s=0.987 | Time: 70.7s
Epoch  30/50 | Train Loss: 0.6815 | Valid Acc: 92.76% | Test Acc: 91.98% | LR: 0.003757 s=0.995 | Time: 70.8s
Epoch  35/50 | Train Loss: 0.6328 | Valid Acc: 92.50% | Test Acc: 91.98% | LR: 0.002322 s=0.998 | Time: 70.1s
Epoch  40/50 | Train Loss: 0.6022 | Valid Acc: 93.74% | Test Acc: 93.47% | LR: 0.001148 s=0.999 | Time: 70.9s
Epoch  45/50 | Train Loss: 0.5812 | Valid Acc: 94.14% | Test Acc: 93.47% | LR: 0.000352 s=1.000 | Time: 70.0s
Epoch  50/50 | Train Loss: 0.5731 | Valid Acc: 94.68% | Test Acc: 94.32% | LR: 0.000011 s=1.000 | Time: 67.5s
Results saved to ./results/cifar10_resnet18_LAKTJU_seed42_20260319_101659.json
Results saved to ./results/cifar10_resnet18_LAKTJU_seed42_20260319_101659.json

============================================================
Training complete: cifar10_resnet18_LAKTJU_seed42
Best Valid Acc: 94.68%
Best Test Acc:  94.32%
Avg Time/Epoch: 69.8s
============================================================
