Warning: You are sending unauthenticated requests to the HF Hub. Please set a HF_TOKEN to enable higher rate limits and faster downloads.
Token indices sequence length is longer than the specified maximum sequence length for this model (1063 > 1024). Running this sequence through the model will result in indexing errors
Model: GPT-2 small (124.4M parameters)
Loading dataset: wikitext...
Tokenizing...
  Tokenizing train (1165029 texts)...
  Tokenizing val (2461 texts)...
Train tokens: 117,920,140, Val tokens: 247,289
Train: 115156 chunks, Val: 241 chunks

======================================================================
GPT-2 small | Optimizer: Adan_lr0.001 | Seed: 456
LR: 0.001 | WD: 0.02 | Betas: (0.98, 0.92, 0.99)
Steps: 20000 | Batch: 8x4=32
Seq len: 1024 | Tokens/step: 32,768
======================================================================
`loss_type=None` was set in the config but it is unrecognized. Using the default loss: `ForCausalLMLoss`.
  step    100/20000 | loss=9.4510 | ppl=12721.11 | lr=5.00e-05 | 21.1K tok/s | 155s
  step    200/20000 | loss=7.4907 | ppl=1791.28 | lr=1.00e-04 | 21.2K tok/s | 309s
  step    300/20000 | loss=6.8985 | ppl=990.78 | lr=1.50e-04 | 21.3K tok/s | 462s
  step    400/20000 | loss=6.5939 | ppl=730.59 | lr=2.00e-04 | 21.3K tok/s | 616s
  step    500/20000 | loss=6.3071 | ppl=548.47 | lr=2.50e-04 | 21.3K tok/s | 769s
  step    600/20000 | loss=6.0792 | ppl=436.70 | lr=3.00e-04 | 21.3K tok/s | 922s
  step    700/20000 | loss=5.9167 | ppl=371.20 | lr=3.50e-04 | 21.3K tok/s | 1076s
  step    800/20000 | loss=5.7778 | ppl=323.06 | lr=4.00e-04 | 21.3K tok/s | 1229s
  step    900/20000 | loss=5.6614 | ppl=287.56 | lr=4.50e-04 | 21.3K tok/s | 1382s
  step   1000/20000 | loss=5.5505 | ppl=257.36 | lr=5.00e-04 | 21.3K tok/s | 1535s
  [EVAL] step 1000 | val_loss=5.3666 | val_ppl=214.14 | best_ppl=214.14 (step 1000) | 1540s
  step   1100/20000 | loss=5.3993 | ppl=221.25 | lr=5.50e-04 | 21.3K tok/s | 1693s
  step   1200/20000 | loss=5.2764 | ppl=195.66 | lr=6.00e-04 | 21.3K tok/s | 1846s
  step   1300/20000 | loss=5.1500 | ppl=172.43 | lr=6.50e-04 | 21.3K tok/s | 1999s
  step   1400/20000 | loss=5.0273 | ppl=152.53 | lr=7.00e-04 | 21.3K tok/s | 2153s
  step   1500/20000 | loss=4.9119 | ppl=135.90 | lr=7.50e-04 | 21.3K tok/s | 2306s
  step   1600/20000 | loss=4.8035 | ppl=121.94 | lr=8.00e-04 | 21.3K tok/s | 2459s
  step   1700/20000 | loss=4.7084 | ppl=110.87 | lr=8.50e-04 | 21.3K tok/s | 2612s
  step   1800/20000 | loss=4.6225 | ppl=101.74 | lr=9.00e-04 | 21.3K tok/s | 2765s
  step   1900/20000 | loss=4.5364 | ppl=93.35 | lr=9.50e-04 | 21.3K tok/s | 2918s
  step   2000/20000 | loss=4.4813 | ppl=88.35 | lr=1.00e-03 | 21.3K tok/s | 3071s
  [EVAL] step 2000 | val_loss=4.2980 | val_ppl=73.55 | best_ppl=73.55 (step 2000) | 3076s
  step   2100/20000 | loss=4.3964 | ppl=81.16 | lr=1.00e-03 | 21.6K tok/s | 3191s
  step   2200/20000 | loss=4.3241 | ppl=75.50 | lr=1.00e-03 | 21.8K tok/s | 3305s
  step   2300/20000 | loss=4.2701 | ppl=71.53 | lr=9.99e-04 | 22.0K tok/s | 3420s
  step   2400/20000 | loss=4.1954 | ppl=66.38 | lr=9.99e-04 | 22.2K tok/s | 3535s
  step   2500/20000 | loss=4.1123 | ppl=61.09 | lr=9.98e-04 | 22.4K tok/s | 3650s
  step   2600/20000 | loss=4.0484 | ppl=57.30 | lr=9.97e-04 | 22.6K tok/s | 3765s
  step   2700/20000 | loss=4.0076 | ppl=55.02 | lr=9.96e-04 | 22.8K tok/s | 3879s
  step   2800/20000 | loss=3.9632 | ppl=52.63 | lr=9.95e-04 | 23.0K tok/s | 3994s
  step   2900/20000 | loss=3.9373 | ppl=51.28 | lr=9.94e-04 | 23.1K tok/s | 4109s
  step   3000/20000 | loss=3.9092 | ppl=49.86 | lr=9.92e-04 | 23.3K tok/s | 4224s
  [EVAL] step 3000 | val_loss=3.7538 | val_ppl=42.68 | best_ppl=42.68 (step 3000) | 4227s
  step   3100/20000 | loss=3.8853 | ppl=48.68 | lr=9.91e-04 | 23.4K tok/s | 4342s
  step   3200/20000 | loss=3.8602 | ppl=47.48 | lr=9.89e-04 | 23.5K tok/s | 4457s
  step   3300/20000 | loss=3.8222 | ppl=45.71 | lr=9.87e-04 | 23.7K tok/s | 4572s
  step   3400/20000 | loss=3.7916 | ppl=44.33 | lr=9.85e-04 | 23.8K tok/s | 4686s
  step   3500/20000 | loss=3.7678 | ppl=43.29 | lr=9.83e-04 | 23.9K tok/s | 4801s
  step   3600/20000 | loss=3.7604 | ppl=42.96 | lr=9.81e-04 | 24.0K tok/s | 4917s
  step   3700/20000 | loss=3.6773 | ppl=39.54 | lr=9.78e-04 | 24.1K tok/s | 5033s
  step   3800/20000 | loss=3.6756 | ppl=39.47 | lr=9.76e-04 | 24.2K tok/s | 5149s
  step   3900/20000 | loss=3.6635 | ppl=39.00 | lr=9.73e-04 | 24.3K tok/s | 5264s
  step   4000/20000 | loss=3.6519 | ppl=38.55 | lr=9.70e-04 | 24.4K tok/s | 5379s
  [EVAL] step 4000 | val_loss=3.5535 | val_ppl=34.94 | best_ppl=34.94 (step 4000) | 5382s
  step   4100/20000 | loss=3.6266 | ppl=37.58 | lr=9.67e-04 | 24.4K tok/s | 5497s
  step   4200/20000 | loss=3.6269 | ppl=37.60 | lr=9.64e-04 | 24.5K tok/s | 5612s
  step   4300/20000 | loss=3.6178 | ppl=37.25 | lr=9.60e-04 | 24.6K tok/s | 5727s
  step   4400/20000 | loss=3.5961 | ppl=36.45 | lr=9.57e-04 | 24.7K tok/s | 5842s
  step   4500/20000 | loss=3.6100 | ppl=36.97 | lr=9.53e-04 | 24.8K tok/s | 5957s
  step   4600/20000 | loss=3.5814 | ppl=35.92 | lr=9.49e-04 | 24.8K tok/s | 6071s
  step   4700/20000 | loss=3.5642 | ppl=35.31 | lr=9.46e-04 | 24.9K tok/s | 6186s
  step   4800/20000 | loss=3.5565 | ppl=35.04 | lr=9.41e-04 | 25.0K tok/s | 6301s
  step   4900/20000 | loss=3.5567 | ppl=35.05 | lr=9.37e-04 | 25.0K tok/s | 6416s
  step   5000/20000 | loss=3.5268 | ppl=34.01 | lr=9.33e-04 | 25.1K tok/s | 6531s
  [EVAL] step 5000 | val_loss=3.4306 | val_ppl=30.89 | best_ppl=30.89 (step 5000) | 6534s
  step   5100/20000 | loss=3.5210 | ppl=33.82 | lr=9.29e-04 | 25.1K tok/s | 6649s
  step   5200/20000 | loss=3.5246 | ppl=33.94 | lr=9.24e-04 | 25.2K tok/s | 6764s
  step   5300/20000 | loss=3.4993 | ppl=33.09 | lr=9.19e-04 | 25.2K tok/s | 6879s
  step   5400/20000 | loss=3.5046 | ppl=33.27 | lr=9.15e-04 | 25.3K tok/s | 6993s
  step   5500/20000 | loss=3.4986 | ppl=33.07 | lr=9.10e-04 | 25.4K tok/s | 7108s
  step   5600/20000 | loss=3.4864 | ppl=32.67 | lr=9.05e-04 | 25.4K tok/s | 7223s
  step   5700/20000 | loss=3.4763 | ppl=32.34 | lr=8.99e-04 | 25.5K tok/s | 7338s
  step   5800/20000 | loss=3.4628 | ppl=31.90 | lr=8.94e-04 | 25.5K tok/s | 7453s
  step   5900/20000 | loss=3.4621 | ppl=31.88 | lr=8.89e-04 | 25.5K tok/s | 7568s
  step   6000/20000 | loss=3.4531 | ppl=31.60 | lr=8.83e-04 | 25.6K tok/s | 7682s
  [EVAL] step 6000 | val_loss=3.3354 | val_ppl=28.09 | best_ppl=28.09 (step 6000) | 7686s
  step   6100/20000 | loss=3.4464 | ppl=31.39 | lr=8.77e-04 | 25.6K tok/s | 7801s
  step   6200/20000 | loss=3.4424 | ppl=31.26 | lr=8.72e-04 | 25.7K tok/s | 7915s
  step   6300/20000 | loss=3.4298 | ppl=30.87 | lr=8.66e-04 | 25.7K tok/s | 8030s
  step   6400/20000 | loss=3.4208 | ppl=30.60 | lr=8.60e-04 | 25.7K tok/s | 8145s
  step   6500/20000 | loss=3.4286 | ppl=30.83 | lr=8.54e-04 | 25.8K tok/s | 8260s
  step   6600/20000 | loss=3.4257 | ppl=30.74 | lr=8.47e-04 | 25.8K tok/s | 8375s
  step   6700/20000 | loss=3.3956 | ppl=29.83 | lr=8.41e-04 | 25.9K tok/s | 8490s
  step   6800/20000 | loss=3.3952 | ppl=29.82 | lr=8.35e-04 | 25.9K tok/s | 8605s
  step   6900/20000 | loss=3.3914 | ppl=29.71 | lr=8.28e-04 | 25.9K tok/s | 8720s
  step   7000/20000 | loss=3.3874 | ppl=29.59 | lr=8.21e-04 | 26.0K tok/s | 8835s
  [EVAL] step 7000 | val_loss=3.2743 | val_ppl=26.43 | best_ppl=26.43 (step 7000) | 8838s
  step   7100/20000 | loss=3.3678 | ppl=29.02 | lr=8.15e-04 | 26.0K tok/s | 8953s
  step   7200/20000 | loss=3.3785 | ppl=29.33 | lr=8.08e-04 | 26.0K tok/s | 9068s
  step   7300/20000 | loss=3.2746 | ppl=26.43 | lr=8.01e-04 | 26.1K tok/s | 9182s
  step   7400/20000 | loss=3.2707 | ppl=26.33 | lr=7.94e-04 | 26.1K tok/s | 9297s
  step   7500/20000 | loss=3.2677 | ppl=26.25 | lr=7.87e-04 | 26.1K tok/s | 9412s
  step   7600/20000 | loss=3.2742 | ppl=26.42 | lr=7.80e-04 | 26.1K tok/s | 9527s
  step   7700/20000 | loss=3.2690 | ppl=26.28 | lr=7.72e-04 | 26.2K tok/s | 9642s
  step   7800/20000 | loss=3.2781 | ppl=26.52 | lr=7.65e-04 | 26.2K tok/s | 9757s
  step   7900/20000 | loss=3.2680 | ppl=26.26 | lr=7.58e-04 | 26.2K tok/s | 9872s
  step   8000/20000 | loss=3.2600 | ppl=26.05 | lr=7.50e-04 | 26.2K tok/s | 9987s
  [EVAL] step 8000 | val_loss=3.2196 | val_ppl=25.02 | best_ppl=25.02 (step 8000) | 9990s
  step   8100/20000 | loss=3.2617 | ppl=26.09 | lr=7.42e-04 | 26.3K tok/s | 10105s
  step   8200/20000 | loss=3.2577 | ppl=25.99 | lr=7.35e-04 | 26.3K tok/s | 10220s
  step   8300/20000 | loss=3.2539 | ppl=25.89 | lr=7.27e-04 | 26.3K tok/s | 10335s
  step   8400/20000 | loss=3.2612 | ppl=26.08 | lr=7.19e-04 | 26.3K tok/s | 10450s
  step   8500/20000 | loss=3.2440 | ppl=25.64 | lr=7.11e-04 | 26.4K tok/s | 10565s
  step   8600/20000 | loss=3.2601 | ppl=26.05 | lr=7.03e-04 | 26.4K tok/s | 10679s
  step   8700/20000 | loss=3.2617 | ppl=26.09 | lr=6.95e-04 | 26.4K tok/s | 10795s
  step   8800/20000 | loss=3.2344 | ppl=25.39 | lr=6.87e-04 | 26.4K tok/s | 10909s
  step   8900/20000 | loss=3.2334 | ppl=25.37 | lr=6.79e-04 | 26.5K tok/s | 11024s
  step   9000/20000 | loss=3.2429 | ppl=25.61 | lr=6.71e-04 | 26.5K tok/s | 11139s
  [EVAL] step 9000 | val_loss=3.1754 | val_ppl=23.94 | best_ppl=23.94 (step 9000) | 11143s
  step   9100/20000 | loss=3.2359 | ppl=25.43 | lr=6.63e-04 | 26.5K tok/s | 11258s
  step   9200/20000 | loss=3.2158 | ppl=24.92 | lr=6.55e-04 | 26.5K tok/s | 11373s
  step   9300/20000 | loss=3.2355 | ppl=25.42 | lr=6.46e-04 | 26.5K tok/s | 11487s
  step   9400/20000 | loss=3.2286 | ppl=25.24 | lr=6.38e-04 | 26.5K tok/s | 11602s
  step   9500/20000 | loss=3.2164 | ppl=24.94 | lr=6.29e-04 | 26.6K tok/s | 11717s
  step   9600/20000 | loss=3.2129 | ppl=24.85 | lr=6.21e-04 | 26.6K tok/s | 11832s
  step   9700/20000 | loss=3.2150 | ppl=24.90 | lr=6.12e-04 | 26.6K tok/s | 11947s
  step   9800/20000 | loss=3.1886 | ppl=24.25 | lr=6.04e-04 | 26.6K tok/s | 12062s
  step   9900/20000 | loss=3.1989 | ppl=24.50 | lr=5.95e-04 | 26.6K tok/s | 12177s
  step  10000/20000 | loss=3.1959 | ppl=24.43 | lr=5.87e-04 | 26.7K tok/s | 12292s
  [EVAL] step 10000 | val_loss=3.1320 | val_ppl=22.92 | best_ppl=22.92 (step 10000) | 12295s
  step  10100/20000 | loss=3.2076 | ppl=24.72 | lr=5.78e-04 | 26.7K tok/s | 12410s
  step  10200/20000 | loss=3.1873 | ppl=24.22 | lr=5.70e-04 | 26.7K tok/s | 12525s
  step  10300/20000 | loss=3.1732 | ppl=23.88 | lr=5.61e-04 | 26.7K tok/s | 12640s
  step  10400/20000 | loss=3.1931 | ppl=24.36 | lr=5.52e-04 | 26.7K tok/s | 12755s
  step  10500/20000 | loss=3.1775 | ppl=23.99 | lr=5.44e-04 | 26.7K tok/s | 12870s
  step  10600/20000 | loss=3.1912 | ppl=24.32 | lr=5.35e-04 | 26.7K tok/s | 12985s
  step  10700/20000 | loss=3.1765 | ppl=23.96 | lr=5.26e-04 | 26.8K tok/s | 13100s
  step  10800/20000 | loss=3.1770 | ppl=23.97 | lr=5.17e-04 | 26.8K tok/s | 13215s
  step  10900/20000 | loss=3.0514 | ppl=21.14 | lr=5.09e-04 | 26.8K tok/s | 13330s
  step  11000/20000 | loss=3.0677 | ppl=21.49 | lr=5.00e-04 | 26.8K tok/s | 13445s
  [EVAL] step 11000 | val_loss=3.0985 | val_ppl=22.17 | best_ppl=22.17 (step 11000) | 13448s
  step  11100/20000 | loss=3.0771 | ppl=21.69 | lr=4.91e-04 | 26.8K tok/s | 13563s
  step  11200/20000 | loss=3.0629 | ppl=21.39 | lr=4.83e-04 | 26.8K tok/s | 13678s
  step  11300/20000 | loss=3.0643 | ppl=21.42 | lr=4.74e-04 | 26.8K tok/s | 13793s
  step  11400/20000 | loss=3.0633 | ppl=21.40 | lr=4.65e-04 | 26.9K tok/s | 13908s
  step  11500/20000 | loss=3.0769 | ppl=21.69 | lr=4.56e-04 | 26.9K tok/s | 14023s
  step  11600/20000 | loss=3.0813 | ppl=21.79 | lr=4.48e-04 | 26.9K tok/s | 14138s
  step  11700/20000 | loss=3.0622 | ppl=21.38 | lr=4.39e-04 | 26.9K tok/s | 14253s
  step  11800/20000 | loss=3.0636 | ppl=21.40 | lr=4.30e-04 | 26.9K tok/s | 14368s
  step  11900/20000 | loss=3.0628 | ppl=21.39 | lr=4.22e-04 | 26.9K tok/s | 14483s
  step  12000/20000 | loss=3.0638 | ppl=21.41 | lr=4.13e-04 | 26.9K tok/s | 14598s
  [EVAL] step 12000 | val_loss=3.0738 | val_ppl=21.62 | best_ppl=21.62 (step 12000) | 14601s
  step  12100/20000 | loss=3.0673 | ppl=21.48 | lr=4.05e-04 | 26.9K tok/s | 14716s
  step  12200/20000 | loss=3.0748 | ppl=21.64 | lr=3.96e-04 | 27.0K tok/s | 14831s
  step  12300/20000 | loss=3.0553 | ppl=21.23 | lr=3.88e-04 | 27.0K tok/s | 14946s
  step  12400/20000 | loss=3.0541 | ppl=21.20 | lr=3.79e-04 | 27.0K tok/s | 15061s
  step  12500/20000 | loss=3.0512 | ppl=21.14 | lr=3.71e-04 | 27.0K tok/s | 15176s
  step  12600/20000 | loss=3.0626 | ppl=21.38 | lr=3.62e-04 | 27.0K tok/s | 15291s
  step  12700/20000 | loss=3.0584 | ppl=21.29 | lr=3.54e-04 | 27.0K tok/s | 15406s
  step  12800/20000 | loss=3.0571 | ppl=21.27 | lr=3.45e-04 | 27.0K tok/s | 15521s
  step  12900/20000 | loss=3.0518 | ppl=21.15 | lr=3.37e-04 | 27.0K tok/s | 15636s
  step  13000/20000 | loss=3.0583 | ppl=21.29 | lr=3.29e-04 | 27.0K tok/s | 15751s
  [EVAL] step 13000 | val_loss=3.0455 | val_ppl=21.02 | best_ppl=21.02 (step 13000) | 15754s
  step  13100/20000 | loss=3.0396 | ppl=20.90 | lr=3.21e-04 | 27.1K tok/s | 15869s
  step  13200/20000 | loss=3.0495 | ppl=21.10 | lr=3.13e-04 | 27.1K tok/s | 15984s
  step  13300/20000 | loss=3.0450 | ppl=21.01 | lr=3.05e-04 | 27.1K tok/s | 16099s
  step  13400/20000 | loss=3.0478 | ppl=21.07 | lr=2.97e-04 | 27.1K tok/s | 16214s
  step  13500/20000 | loss=3.0520 | ppl=21.16 | lr=2.89e-04 | 27.1K tok/s | 16329s
  step  13600/20000 | loss=3.0387 | ppl=20.88 | lr=2.81e-04 | 27.1K tok/s | 16444s
  step  13700/20000 | loss=3.0519 | ppl=21.16 | lr=2.73e-04 | 27.1K tok/s | 16558s
  step  13800/20000 | loss=3.0310 | ppl=20.72 | lr=2.65e-04 | 27.1K tok/s | 16673s
  step  13900/20000 | loss=3.0271 | ppl=20.64 | lr=2.58e-04 | 27.1K tok/s | 16788s
  step  14000/20000 | loss=3.0240 | ppl=20.57 | lr=2.50e-04 | 27.1K tok/s | 16903s
  [EVAL] step 14000 | val_loss=3.0159 | val_ppl=20.41 | best_ppl=20.41 (step 14000) | 16906s
  step  14100/20000 | loss=3.0392 | ppl=20.89 | lr=2.42e-04 | 27.1K tok/s | 17021s
  step  14200/20000 | loss=3.0433 | ppl=20.98 | lr=2.35e-04 | 27.2K tok/s | 17136s
  step  14300/20000 | loss=3.0198 | ppl=20.49 | lr=2.28e-04 | 27.2K tok/s | 17251s
  step  14400/20000 | loss=3.0330 | ppl=20.76 | lr=2.20e-04 | 27.2K tok/s | 17366s
  step  14500/20000 | loss=2.9450 | ppl=19.01 | lr=2.13e-04 | 27.2K tok/s | 17481s
  step  14600/20000 | loss=2.9352 | ppl=18.83 | lr=2.06e-04 | 27.2K tok/s | 17596s
  step  14700/20000 | loss=2.9313 | ppl=18.75 | lr=1.99e-04 | 27.2K tok/s | 17711s
  step  14800/20000 | loss=2.9349 | ppl=18.82 | lr=1.92e-04 | 27.2K tok/s | 17826s
  step  14900/20000 | loss=2.9409 | ppl=18.93 | lr=1.85e-04 | 27.2K tok/s | 17941s
  step  15000/20000 | loss=2.9420 | ppl=18.95 | lr=1.79e-04 | 27.2K tok/s | 18056s
  [EVAL] step 15000 | val_loss=3.0043 | val_ppl=20.17 | best_ppl=20.17 (step 15000) | 18059s
  step  15100/20000 | loss=2.9432 | ppl=18.98 | lr=1.72e-04 | 27.2K tok/s | 18174s
  step  15200/20000 | loss=2.9297 | ppl=18.72 | lr=1.65e-04 | 27.2K tok/s | 18289s
  step  15300/20000 | loss=2.9385 | ppl=18.89 | lr=1.59e-04 | 27.2K tok/s | 18404s
  step  15400/20000 | loss=2.9266 | ppl=18.66 | lr=1.53e-04 | 27.2K tok/s | 18519s
  step  15500/20000 | loss=2.9495 | ppl=19.10 | lr=1.46e-04 | 27.3K tok/s | 18634s
  step  15600/20000 | loss=2.9314 | ppl=18.75 | lr=1.40e-04 | 27.3K tok/s | 18749s
  step  15700/20000 | loss=2.9284 | ppl=18.70 | lr=1.34e-04 | 27.3K tok/s | 18864s
  step  15800/20000 | loss=2.9241 | ppl=18.62 | lr=1.28e-04 | 27.3K tok/s | 18979s
  step  15900/20000 | loss=2.9313 | ppl=18.75 | lr=1.23e-04 | 27.3K tok/s | 19094s
  step  16000/20000 | loss=2.9188 | ppl=18.52 | lr=1.17e-04 | 27.3K tok/s | 19209s
  [EVAL] step 16000 | val_loss=2.9896 | val_ppl=19.88 | best_ppl=19.88 (step 16000) | 19212s
  step  16100/20000 | loss=2.9263 | ppl=18.66 | lr=1.11e-04 | 27.3K tok/s | 19327s
  step  16200/20000 | loss=2.9237 | ppl=18.61 | lr=1.06e-04 | 27.3K tok/s | 19442s
  step  16300/20000 | loss=2.9123 | ppl=18.40 | lr=1.01e-04 | 27.3K tok/s | 19557s
  step  16400/20000 | loss=2.9293 | ppl=18.71 | lr=9.55e-05 | 27.3K tok/s | 19672s
  step  16500/20000 | loss=2.9178 | ppl=18.50 | lr=9.04e-05 | 27.3K tok/s | 19787s
  step  16600/20000 | loss=2.9193 | ppl=18.53 | lr=8.55e-05 | 27.3K tok/s | 19902s
  step  16700/20000 | loss=2.9204 | ppl=18.55 | lr=8.07e-05 | 27.3K tok/s | 20017s
  step  16800/20000 | loss=2.9375 | ppl=18.87 | lr=7.60e-05 | 27.3K tok/s | 20131s
  step  16900/20000 | loss=2.9206 | ppl=18.55 | lr=7.14e-05 | 27.4K tok/s | 20246s
  step  17000/20000 | loss=2.9284 | ppl=18.70 | lr=6.70e-05 | 27.4K tok/s | 20361s
  [EVAL] step 17000 | val_loss=2.9772 | val_ppl=19.63 | best_ppl=19.63 (step 17000) | 20365s
  step  17100/20000 | loss=2.9125 | ppl=18.40 | lr=6.27e-05 | 27.4K tok/s | 20479s
  step  17200/20000 | loss=2.9129 | ppl=18.41 | lr=5.85e-05 | 27.4K tok/s | 20594s
  step  17300/20000 | loss=2.9275 | ppl=18.68 | lr=5.45e-05 | 27.4K tok/s | 20709s
  step  17400/20000 | loss=2.9180 | ppl=18.50 | lr=5.06e-05 | 27.4K tok/s | 20824s
  step  17500/20000 | loss=2.9166 | ppl=18.48 | lr=4.68e-05 | 27.4K tok/s | 20939s
  step  17600/20000 | loss=2.9165 | ppl=18.48 | lr=4.32e-05 | 27.4K tok/s | 21054s
  step  17700/20000 | loss=2.9236 | ppl=18.61 | lr=3.97e-05 | 27.4K tok/s | 21169s
  step  17800/20000 | loss=2.9105 | ppl=18.37 | lr=3.64e-05 | 27.4K tok/s | 21284s
  step  17900/20000 | loss=2.9193 | ppl=18.53 | lr=3.32e-05 | 27.4K tok/s | 21399s
  step  18000/20000 | loss=2.9028 | ppl=18.23 | lr=3.02e-05 | 27.4K tok/s | 21514s
  [EVAL] step 18000 | val_loss=2.9707 | val_ppl=19.51 | best_ppl=19.51 (step 18000) | 21517s
  step  18100/20000 | loss=2.8631 | ppl=17.52 | lr=2.72e-05 | 27.4K tok/s | 21632s
  step  18200/20000 | loss=2.8600 | ppl=17.46 | lr=2.45e-05 | 27.4K tok/s | 21747s
  step  18300/20000 | loss=2.8656 | ppl=17.56 | lr=2.18e-05 | 27.4K tok/s | 21862s
  step  18400/20000 | loss=2.8742 | ppl=17.71 | lr=1.94e-05 | 27.4K tok/s | 21977s
  step  18500/20000 | loss=2.8602 | ppl=17.46 | lr=1.70e-05 | 27.4K tok/s | 22092s
  step  18600/20000 | loss=2.8664 | ppl=17.57 | lr=1.49e-05 | 27.4K tok/s | 22207s
  step  18700/20000 | loss=2.8662 | ppl=17.57 | lr=1.28e-05 | 27.5K tok/s | 22322s
  step  18800/20000 | loss=2.8775 | ppl=17.77 | lr=1.09e-05 | 27.5K tok/s | 22424s
  step  18900/20000 | loss=2.8802 | ppl=17.82 | lr=9.19e-06 | 27.5K tok/s | 22501s
  step  19000/20000 | loss=2.8503 | ppl=17.29 | lr=7.60e-06 | 27.6K tok/s | 22591s
  [EVAL] step 19000 | val_loss=2.9701 | val_ppl=19.49 | best_ppl=19.49 (step 19000) | 22594s
  step  19100/20000 | loss=2.8694 | ppl=17.63 | lr=6.16e-06 | 27.6K tok/s | 22709s
  step  19200/20000 | loss=2.8866 | ppl=17.93 | lr=4.87e-06 | 27.6K tok/s | 22825s
  step  19300/20000 | loss=2.8802 | ppl=17.82 | lr=3.73e-06 | 27.6K tok/s | 22940s
  step  19400/20000 | loss=2.8693 | ppl=17.62 | lr=2.74e-06 | 27.6K tok/s | 23055s
  step  19500/20000 | loss=2.8606 | ppl=17.47 | lr=1.90e-06 | 27.6K tok/s | 23170s
  step  19600/20000 | loss=2.8743 | ppl=17.71 | lr=1.22e-06 | 27.6K tok/s | 23285s
  step  19700/20000 | loss=2.8713 | ppl=17.66 | lr=6.85e-07 | 27.6K tok/s | 23401s
  step  19800/20000 | loss=2.8639 | ppl=17.53 | lr=3.05e-07 | 27.6K tok/s | 23516s
  step  19900/20000 | loss=2.8657 | ppl=17.56 | lr=7.62e-08 | 27.6K tok/s | 23631s
  step  20000/20000 | loss=2.8628 | ppl=17.51 | lr=0.00e+00 | 27.6K tok/s | 23746s
  [EVAL] step 20000 | val_loss=2.9698 | val_ppl=19.49 | best_ppl=19.49 (step 20000) | 23749s

  => Best val PPL: 19.49 (step 20000)
  => Final val PPL: 19.49
  => Saved to /home/hadoop/workstations/LAFTJU/experiments/results_gpt2/gpt2_small_Adan_lr0.001_seed456.json
  => Total time: 395.9 min
