Warning: You are sending unauthenticated requests to the HF Hub. Please set a HF_TOKEN to enable higher rate limits and faster downloads.
Token indices sequence length is longer than the specified maximum sequence length for this model (1063 > 1024). Running this sequence through the model will result in indexing errors
Model: GPT-2 small (124.4M parameters)
Loading dataset: wikitext...
Tokenizing...
  Tokenizing train (1165029 texts)...
  Tokenizing val (2461 texts)...
Train tokens: 117,920,140, Val tokens: 247,289
Train: 115156 chunks, Val: 241 chunks

======================================================================
GPT-2 small | Optimizer: Adan_lr0.001 | Seed: 42
LR: 0.001 | WD: 0.02 | Betas: (0.98, 0.92, 0.99)
Steps: 20000 | Batch: 8x4=32
Seq len: 1024 | Tokens/step: 32,768
======================================================================
`loss_type=None` was set in the config but it is unrecognized. Using the default loss: `ForCausalLMLoss`.
  step    100/20000 | loss=9.4252 | ppl=12396.52 | lr=5.00e-05 | 21.0K tok/s | 156s
  step    200/20000 | loss=7.4494 | ppl=1718.75 | lr=1.00e-04 | 21.1K tok/s | 310s
  step    300/20000 | loss=6.8928 | ppl=985.18 | lr=1.50e-04 | 21.2K tok/s | 463s
  step    400/20000 | loss=6.5991 | ppl=734.41 | lr=2.00e-04 | 21.2K tok/s | 617s
  step    500/20000 | loss=6.2991 | ppl=544.06 | lr=2.50e-04 | 21.3K tok/s | 770s
  step    600/20000 | loss=6.0772 | ppl=435.80 | lr=3.00e-04 | 21.3K tok/s | 924s
  step    700/20000 | loss=5.9206 | ppl=372.62 | lr=3.50e-04 | 21.3K tok/s | 1077s
  step    800/20000 | loss=5.7827 | ppl=324.62 | lr=4.00e-04 | 21.3K tok/s | 1230s
  step    900/20000 | loss=5.6554 | ppl=285.83 | lr=4.50e-04 | 21.3K tok/s | 1383s
  step   1000/20000 | loss=5.5345 | ppl=253.29 | lr=5.00e-04 | 21.3K tok/s | 1537s
  [EVAL] step 1000 | val_loss=5.3717 | val_ppl=215.24 | best_ppl=215.24 (step 1000) | 1541s
  step   1100/20000 | loss=5.4024 | ppl=221.93 | lr=5.50e-04 | 21.3K tok/s | 1694s
  step   1200/20000 | loss=5.2736 | ppl=195.12 | lr=6.00e-04 | 21.3K tok/s | 1847s
  step   1300/20000 | loss=5.1459 | ppl=171.72 | lr=6.50e-04 | 21.3K tok/s | 2001s
  step   1400/20000 | loss=5.0224 | ppl=151.78 | lr=7.00e-04 | 21.3K tok/s | 2154s
  step   1500/20000 | loss=4.9047 | ppl=134.93 | lr=7.50e-04 | 21.3K tok/s | 2307s
  step   1600/20000 | loss=4.8043 | ppl=122.03 | lr=8.00e-04 | 21.3K tok/s | 2460s
  step   1700/20000 | loss=4.6929 | ppl=109.17 | lr=8.50e-04 | 21.3K tok/s | 2613s
  step   1800/20000 | loss=4.6216 | ppl=101.66 | lr=9.00e-04 | 21.3K tok/s | 2766s
  step   1900/20000 | loss=4.5358 | ppl=93.30 | lr=9.50e-04 | 21.3K tok/s | 2919s
  step   2000/20000 | loss=4.4653 | ppl=86.95 | lr=1.00e-03 | 21.3K tok/s | 3072s
  [EVAL] step 2000 | val_loss=4.2911 | val_ppl=73.05 | best_ppl=73.05 (step 2000) | 3076s
  step   2100/20000 | loss=4.3847 | ppl=80.22 | lr=1.00e-03 | 21.6K tok/s | 3191s
  step   2200/20000 | loss=4.3136 | ppl=74.71 | lr=1.00e-03 | 21.8K tok/s | 3306s
  step   2300/20000 | loss=4.2215 | ppl=68.14 | lr=9.99e-04 | 22.0K tok/s | 3421s
  step   2400/20000 | loss=4.1570 | ppl=63.88 | lr=9.99e-04 | 22.2K tok/s | 3536s
  step   2500/20000 | loss=4.1013 | ppl=60.42 | lr=9.98e-04 | 22.4K tok/s | 3650s
  step   2600/20000 | loss=4.0387 | ppl=56.75 | lr=9.97e-04 | 22.6K tok/s | 3765s
  step   2700/20000 | loss=4.0195 | ppl=55.67 | lr=9.96e-04 | 22.8K tok/s | 3880s
  step   2800/20000 | loss=3.9636 | ppl=52.65 | lr=9.95e-04 | 23.0K tok/s | 3995s
  step   2900/20000 | loss=3.9358 | ppl=51.20 | lr=9.94e-04 | 23.1K tok/s | 4110s
  step   3000/20000 | loss=3.8915 | ppl=48.99 | lr=9.92e-04 | 23.3K tok/s | 4224s
  [EVAL] step 3000 | val_loss=3.7553 | val_ppl=42.75 | best_ppl=42.75 (step 3000) | 4228s
  step   3100/20000 | loss=3.8813 | ppl=48.49 | lr=9.91e-04 | 23.4K tok/s | 4343s
  step   3200/20000 | loss=3.8515 | ppl=47.06 | lr=9.89e-04 | 23.5K tok/s | 4457s
  step   3300/20000 | loss=3.8166 | ppl=45.45 | lr=9.87e-04 | 23.7K tok/s | 4572s
  step   3400/20000 | loss=3.8064 | ppl=44.99 | lr=9.85e-04 | 23.8K tok/s | 4687s
  step   3500/20000 | loss=3.7755 | ppl=43.62 | lr=9.83e-04 | 23.9K tok/s | 4802s
  step   3600/20000 | loss=3.7654 | ppl=43.18 | lr=9.81e-04 | 24.0K tok/s | 4917s
  step   3700/20000 | loss=3.6669 | ppl=39.13 | lr=9.78e-04 | 24.1K tok/s | 5034s
  step   3800/20000 | loss=3.6683 | ppl=39.18 | lr=9.76e-04 | 24.2K tok/s | 5150s
  step   3900/20000 | loss=3.6608 | ppl=38.89 | lr=9.73e-04 | 24.3K tok/s | 5265s
  step   4000/20000 | loss=3.6375 | ppl=38.00 | lr=9.70e-04 | 24.4K tok/s | 5380s
  [EVAL] step 4000 | val_loss=3.5538 | val_ppl=34.95 | best_ppl=34.95 (step 4000) | 5383s
  step   4100/20000 | loss=3.6288 | ppl=37.67 | lr=9.67e-04 | 24.4K tok/s | 5498s
  step   4200/20000 | loss=3.6221 | ppl=37.41 | lr=9.64e-04 | 24.5K tok/s | 5613s
  step   4300/20000 | loss=3.6186 | ppl=37.28 | lr=9.60e-04 | 24.6K tok/s | 5728s
  step   4400/20000 | loss=3.6081 | ppl=36.90 | lr=9.57e-04 | 24.7K tok/s | 5843s
  step   4500/20000 | loss=3.5703 | ppl=35.53 | lr=9.53e-04 | 24.8K tok/s | 5957s
  step   4600/20000 | loss=3.5854 | ppl=36.07 | lr=9.49e-04 | 24.8K tok/s | 6072s
  step   4700/20000 | loss=3.5710 | ppl=35.55 | lr=9.46e-04 | 24.9K tok/s | 6187s
  step   4800/20000 | loss=3.5567 | ppl=35.05 | lr=9.41e-04 | 25.0K tok/s | 6302s
  step   4900/20000 | loss=3.5549 | ppl=34.98 | lr=9.37e-04 | 25.0K tok/s | 6417s
  step   5000/20000 | loss=3.5369 | ppl=34.36 | lr=9.33e-04 | 25.1K tok/s | 6532s
  [EVAL] step 5000 | val_loss=3.4231 | val_ppl=30.66 | best_ppl=30.66 (step 5000) | 6535s
  step   5100/20000 | loss=3.5247 | ppl=33.94 | lr=9.29e-04 | 25.1K tok/s | 6650s
  step   5200/20000 | loss=3.5207 | ppl=33.81 | lr=9.24e-04 | 25.2K tok/s | 6765s
  step   5300/20000 | loss=3.5162 | ppl=33.66 | lr=9.19e-04 | 25.2K tok/s | 6879s
  step   5400/20000 | loss=3.5026 | ppl=33.20 | lr=9.15e-04 | 25.3K tok/s | 6994s
  step   5500/20000 | loss=3.4849 | ppl=32.62 | lr=9.10e-04 | 25.4K tok/s | 7109s
  step   5600/20000 | loss=3.4756 | ppl=32.32 | lr=9.05e-04 | 25.4K tok/s | 7224s
  step   5700/20000 | loss=3.4624 | ppl=31.89 | lr=8.99e-04 | 25.5K tok/s | 7339s
  step   5800/20000 | loss=3.4597 | ppl=31.81 | lr=8.94e-04 | 25.5K tok/s | 7454s
  step   5900/20000 | loss=3.4586 | ppl=31.77 | lr=8.89e-04 | 25.5K tok/s | 7569s
  step   6000/20000 | loss=3.4473 | ppl=31.42 | lr=8.83e-04 | 25.6K tok/s | 7683s
  [EVAL] step 6000 | val_loss=3.3401 | val_ppl=28.22 | best_ppl=28.22 (step 6000) | 7687s
  step   6100/20000 | loss=3.4330 | ppl=30.97 | lr=8.77e-04 | 25.6K tok/s | 7801s
  step   6200/20000 | loss=3.4384 | ppl=31.14 | lr=8.72e-04 | 25.7K tok/s | 7916s
  step   6300/20000 | loss=3.4192 | ppl=30.55 | lr=8.66e-04 | 25.7K tok/s | 8031s
  step   6400/20000 | loss=3.4164 | ppl=30.46 | lr=8.60e-04 | 25.7K tok/s | 8146s
  step   6500/20000 | loss=3.4227 | ppl=30.65 | lr=8.54e-04 | 25.8K tok/s | 8261s
  step   6600/20000 | loss=3.4047 | ppl=30.11 | lr=8.47e-04 | 25.8K tok/s | 8376s
  step   6700/20000 | loss=3.4039 | ppl=30.08 | lr=8.41e-04 | 25.9K tok/s | 8491s
  step   6800/20000 | loss=3.3941 | ppl=29.79 | lr=8.35e-04 | 25.9K tok/s | 8606s
  step   6900/20000 | loss=3.3939 | ppl=29.78 | lr=8.28e-04 | 25.9K tok/s | 8721s
  step   7000/20000 | loss=3.3902 | ppl=29.67 | lr=8.21e-04 | 26.0K tok/s | 8835s
  [EVAL] step 7000 | val_loss=3.2661 | val_ppl=26.21 | best_ppl=26.21 (step 7000) | 8839s
  step   7100/20000 | loss=3.3877 | ppl=29.60 | lr=8.15e-04 | 26.0K tok/s | 8954s
  step   7200/20000 | loss=3.3676 | ppl=29.01 | lr=8.08e-04 | 26.0K tok/s | 9068s
  step   7300/20000 | loss=3.2734 | ppl=26.40 | lr=8.01e-04 | 26.0K tok/s | 9183s
  step   7400/20000 | loss=3.2603 | ppl=26.06 | lr=7.94e-04 | 26.1K tok/s | 9298s
  step   7500/20000 | loss=3.2656 | ppl=26.20 | lr=7.87e-04 | 26.1K tok/s | 9413s
  step   7600/20000 | loss=3.2712 | ppl=26.34 | lr=7.80e-04 | 26.1K tok/s | 9528s
  step   7700/20000 | loss=3.2771 | ppl=26.50 | lr=7.72e-04 | 26.2K tok/s | 9643s
  step   7800/20000 | loss=3.2670 | ppl=26.23 | lr=7.65e-04 | 26.2K tok/s | 9758s
  step   7900/20000 | loss=3.2536 | ppl=25.88 | lr=7.58e-04 | 26.2K tok/s | 9873s
  step   8000/20000 | loss=3.2506 | ppl=25.81 | lr=7.50e-04 | 26.2K tok/s | 9988s
  [EVAL] step 8000 | val_loss=3.2142 | val_ppl=24.88 | best_ppl=24.88 (step 8000) | 9991s
  step   8100/20000 | loss=3.2551 | ppl=25.92 | lr=7.42e-04 | 26.3K tok/s | 10106s
  step   8200/20000 | loss=3.2521 | ppl=25.85 | lr=7.35e-04 | 26.3K tok/s | 10221s
  step   8300/20000 | loss=3.2612 | ppl=26.08 | lr=7.27e-04 | 26.3K tok/s | 10336s
  step   8400/20000 | loss=3.2534 | ppl=25.88 | lr=7.19e-04 | 26.3K tok/s | 10451s
  step   8500/20000 | loss=3.2552 | ppl=25.92 | lr=7.11e-04 | 26.4K tok/s | 10565s
  step   8600/20000 | loss=3.2467 | ppl=25.70 | lr=7.03e-04 | 26.4K tok/s | 10680s
  step   8700/20000 | loss=3.2417 | ppl=25.58 | lr=6.95e-04 | 26.4K tok/s | 10796s
  step   8800/20000 | loss=3.2434 | ppl=25.62 | lr=6.87e-04 | 26.4K tok/s | 10910s
  step   8900/20000 | loss=3.2416 | ppl=25.58 | lr=6.79e-04 | 26.5K tok/s | 11025s
  step   9000/20000 | loss=3.2318 | ppl=25.33 | lr=6.71e-04 | 26.5K tok/s | 11140s
  [EVAL] step 9000 | val_loss=3.1732 | val_ppl=23.88 | best_ppl=23.88 (step 9000) | 11144s
  step   9100/20000 | loss=3.2139 | ppl=24.87 | lr=6.63e-04 | 26.5K tok/s | 11259s
  step   9200/20000 | loss=3.2218 | ppl=25.07 | lr=6.55e-04 | 26.5K tok/s | 11373s
  step   9300/20000 | loss=3.2208 | ppl=25.05 | lr=6.46e-04 | 26.5K tok/s | 11488s
  step   9400/20000 | loss=3.2287 | ppl=25.25 | lr=6.38e-04 | 26.5K tok/s | 11603s
  step   9500/20000 | loss=3.2146 | ppl=24.89 | lr=6.29e-04 | 26.6K tok/s | 11718s
  step   9600/20000 | loss=3.2125 | ppl=24.84 | lr=6.21e-04 | 26.6K tok/s | 11833s
  step   9700/20000 | loss=3.2115 | ppl=24.82 | lr=6.12e-04 | 26.6K tok/s | 11948s
  step   9800/20000 | loss=3.2075 | ppl=24.72 | lr=6.04e-04 | 26.6K tok/s | 12063s
  step   9900/20000 | loss=3.2075 | ppl=24.72 | lr=5.95e-04 | 26.6K tok/s | 12178s
  step  10000/20000 | loss=3.2020 | ppl=24.58 | lr=5.87e-04 | 26.7K tok/s | 12293s
  [EVAL] step 10000 | val_loss=3.1325 | val_ppl=22.93 | best_ppl=22.93 (step 10000) | 12296s
  step  10100/20000 | loss=3.1918 | ppl=24.33 | lr=5.78e-04 | 26.7K tok/s | 12411s
  step  10200/20000 | loss=3.1968 | ppl=24.45 | lr=5.70e-04 | 26.7K tok/s | 12526s
  step  10300/20000 | loss=3.1819 | ppl=24.09 | lr=5.61e-04 | 26.7K tok/s | 12641s
  step  10400/20000 | loss=3.1866 | ppl=24.21 | lr=5.52e-04 | 26.7K tok/s | 12756s
  step  10500/20000 | loss=3.1901 | ppl=24.29 | lr=5.44e-04 | 26.7K tok/s | 12871s
  step  10600/20000 | loss=3.1851 | ppl=24.17 | lr=5.35e-04 | 26.7K tok/s | 12986s
  step  10700/20000 | loss=3.1769 | ppl=23.97 | lr=5.26e-04 | 26.8K tok/s | 13101s
  step  10800/20000 | loss=3.1617 | ppl=23.61 | lr=5.17e-04 | 26.8K tok/s | 13216s
  step  10900/20000 | loss=3.0641 | ppl=21.41 | lr=5.09e-04 | 26.8K tok/s | 13331s
  step  11000/20000 | loss=3.0599 | ppl=21.33 | lr=5.00e-04 | 26.8K tok/s | 13446s
  [EVAL] step 11000 | val_loss=3.0927 | val_ppl=22.04 | best_ppl=22.04 (step 11000) | 13449s
  step  11100/20000 | loss=3.0669 | ppl=21.48 | lr=4.91e-04 | 26.8K tok/s | 13564s
  step  11200/20000 | loss=3.0770 | ppl=21.69 | lr=4.83e-04 | 26.8K tok/s | 13679s
  step  11300/20000 | loss=3.0700 | ppl=21.54 | lr=4.74e-04 | 26.8K tok/s | 13794s
  step  11400/20000 | loss=3.0659 | ppl=21.45 | lr=4.65e-04 | 26.9K tok/s | 13909s
  step  11500/20000 | loss=3.0676 | ppl=21.49 | lr=4.56e-04 | 26.9K tok/s | 14024s
  step  11600/20000 | loss=3.0672 | ppl=21.48 | lr=4.48e-04 | 26.9K tok/s | 14139s
  step  11700/20000 | loss=3.0640 | ppl=21.41 | lr=4.39e-04 | 26.9K tok/s | 14254s
  step  11800/20000 | loss=3.0626 | ppl=21.38 | lr=4.30e-04 | 26.9K tok/s | 14369s
  step  11900/20000 | loss=3.0659 | ppl=21.45 | lr=4.22e-04 | 26.9K tok/s | 14484s
  step  12000/20000 | loss=3.0643 | ppl=21.42 | lr=4.13e-04 | 26.9K tok/s | 14599s
  [EVAL] step 12000 | val_loss=3.0679 | val_ppl=21.50 | best_ppl=21.50 (step 12000) | 14602s
  step  12100/20000 | loss=3.0685 | ppl=21.51 | lr=4.05e-04 | 26.9K tok/s | 14717s
  step  12200/20000 | loss=3.0533 | ppl=21.19 | lr=3.96e-04 | 27.0K tok/s | 14832s
  step  12300/20000 | loss=3.0673 | ppl=21.48 | lr=3.88e-04 | 27.0K tok/s | 14947s
  step  12400/20000 | loss=3.0620 | ppl=21.37 | lr=3.79e-04 | 27.0K tok/s | 15062s
  step  12500/20000 | loss=3.0536 | ppl=21.19 | lr=3.71e-04 | 27.0K tok/s | 15177s
  step  12600/20000 | loss=3.0528 | ppl=21.17 | lr=3.62e-04 | 27.0K tok/s | 15292s
  step  12700/20000 | loss=3.0698 | ppl=21.54 | lr=3.54e-04 | 27.0K tok/s | 15407s
  step  12800/20000 | loss=3.0604 | ppl=21.34 | lr=3.45e-04 | 27.0K tok/s | 15522s
  step  12900/20000 | loss=3.0508 | ppl=21.13 | lr=3.37e-04 | 27.0K tok/s | 15637s
  step  13000/20000 | loss=3.0364 | ppl=20.83 | lr=3.29e-04 | 27.0K tok/s | 15752s
  [EVAL] step 13000 | val_loss=3.0408 | val_ppl=20.92 | best_ppl=20.92 (step 13000) | 15755s
  step  13100/20000 | loss=3.0469 | ppl=21.05 | lr=3.21e-04 | 27.0K tok/s | 15870s
  step  13200/20000 | loss=3.0478 | ppl=21.07 | lr=3.13e-04 | 27.1K tok/s | 15985s
  step  13300/20000 | loss=3.0486 | ppl=21.09 | lr=3.05e-04 | 27.1K tok/s | 16100s
  step  13400/20000 | loss=3.0476 | ppl=21.06 | lr=2.97e-04 | 27.1K tok/s | 16215s
  step  13500/20000 | loss=3.0284 | ppl=20.66 | lr=2.89e-04 | 27.1K tok/s | 16330s
  step  13600/20000 | loss=3.0410 | ppl=20.93 | lr=2.81e-04 | 27.1K tok/s | 16445s
  step  13700/20000 | loss=3.0509 | ppl=21.13 | lr=2.73e-04 | 27.1K tok/s | 16559s
  step  13800/20000 | loss=3.0388 | ppl=20.88 | lr=2.65e-04 | 27.1K tok/s | 16674s
  step  13900/20000 | loss=3.0308 | ppl=20.71 | lr=2.58e-04 | 27.1K tok/s | 16789s
  step  14000/20000 | loss=3.0288 | ppl=20.67 | lr=2.50e-04 | 27.1K tok/s | 16904s
  [EVAL] step 14000 | val_loss=3.0152 | val_ppl=20.39 | best_ppl=20.39 (step 14000) | 16907s
  step  14100/20000 | loss=3.0157 | ppl=20.40 | lr=2.42e-04 | 27.1K tok/s | 17022s
  step  14200/20000 | loss=3.0281 | ppl=20.66 | lr=2.35e-04 | 27.2K tok/s | 17137s
  step  14300/20000 | loss=3.0223 | ppl=20.54 | lr=2.28e-04 | 27.2K tok/s | 17252s
  step  14400/20000 | loss=3.0172 | ppl=20.43 | lr=2.20e-04 | 27.2K tok/s | 17367s
  step  14500/20000 | loss=2.9293 | ppl=18.72 | lr=2.13e-04 | 27.2K tok/s | 17482s
  step  14600/20000 | loss=2.9251 | ppl=18.64 | lr=2.06e-04 | 27.2K tok/s | 17597s
  step  14700/20000 | loss=2.9310 | ppl=18.75 | lr=1.99e-04 | 27.2K tok/s | 17712s
  step  14800/20000 | loss=2.9199 | ppl=18.54 | lr=1.92e-04 | 27.2K tok/s | 17827s
  step  14900/20000 | loss=2.9330 | ppl=18.78 | lr=1.85e-04 | 27.2K tok/s | 17942s
  step  15000/20000 | loss=2.9218 | ppl=18.57 | lr=1.79e-04 | 27.2K tok/s | 18057s
  [EVAL] step 15000 | val_loss=3.0023 | val_ppl=20.13 | best_ppl=20.13 (step 15000) | 18060s
  step  15100/20000 | loss=2.9301 | ppl=18.73 | lr=1.72e-04 | 27.2K tok/s | 18175s
  step  15200/20000 | loss=2.9377 | ppl=18.87 | lr=1.65e-04 | 27.2K tok/s | 18290s
  step  15300/20000 | loss=2.9320 | ppl=18.77 | lr=1.59e-04 | 27.2K tok/s | 18405s
  step  15400/20000 | loss=2.9356 | ppl=18.83 | lr=1.53e-04 | 27.2K tok/s | 18520s
  step  15500/20000 | loss=2.9317 | ppl=18.76 | lr=1.46e-04 | 27.3K tok/s | 18635s
  step  15600/20000 | loss=2.9555 | ppl=19.21 | lr=1.40e-04 | 27.3K tok/s | 18750s
  step  15700/20000 | loss=2.9320 | ppl=18.77 | lr=1.34e-04 | 27.3K tok/s | 18865s
  step  15800/20000 | loss=2.9356 | ppl=18.83 | lr=1.28e-04 | 27.3K tok/s | 18980s
  step  15900/20000 | loss=2.9356 | ppl=18.83 | lr=1.23e-04 | 27.3K tok/s | 19095s
  step  16000/20000 | loss=2.9249 | ppl=18.63 | lr=1.17e-04 | 27.3K tok/s | 19210s
  [EVAL] step 16000 | val_loss=2.9897 | val_ppl=19.88 | best_ppl=19.88 (step 16000) | 19213s
  step  16100/20000 | loss=2.9333 | ppl=18.79 | lr=1.11e-04 | 27.3K tok/s | 19328s
  step  16200/20000 | loss=2.9268 | ppl=18.67 | lr=1.06e-04 | 27.3K tok/s | 19443s
  step  16300/20000 | loss=2.9190 | ppl=18.52 | lr=1.01e-04 | 27.3K tok/s | 19558s
  step  16400/20000 | loss=2.9217 | ppl=18.57 | lr=9.55e-05 | 27.3K tok/s | 19673s
  step  16500/20000 | loss=2.9265 | ppl=18.66 | lr=9.04e-05 | 27.3K tok/s | 19788s
  step  16600/20000 | loss=2.9216 | ppl=18.57 | lr=8.55e-05 | 27.3K tok/s | 19903s
  step  16700/20000 | loss=2.9267 | ppl=18.67 | lr=8.07e-05 | 27.3K tok/s | 20018s
  step  16800/20000 | loss=2.9207 | ppl=18.55 | lr=7.60e-05 | 27.3K tok/s | 20132s
  step  16900/20000 | loss=2.9190 | ppl=18.52 | lr=7.14e-05 | 27.4K tok/s | 20247s
  step  17000/20000 | loss=2.9229 | ppl=18.60 | lr=6.70e-05 | 27.4K tok/s | 20362s
  [EVAL] step 17000 | val_loss=2.9770 | val_ppl=19.63 | best_ppl=19.63 (step 17000) | 20366s
  step  17100/20000 | loss=2.9172 | ppl=18.49 | lr=6.27e-05 | 27.4K tok/s | 20480s
  step  17200/20000 | loss=2.9166 | ppl=18.48 | lr=5.85e-05 | 27.4K tok/s | 20595s
  step  17300/20000 | loss=2.9251 | ppl=18.64 | lr=5.45e-05 | 27.4K tok/s | 20710s
  step  17400/20000 | loss=2.9219 | ppl=18.58 | lr=5.06e-05 | 27.4K tok/s | 20825s
  step  17500/20000 | loss=2.9096 | ppl=18.35 | lr=4.68e-05 | 27.4K tok/s | 20940s
  step  17600/20000 | loss=2.9078 | ppl=18.32 | lr=4.32e-05 | 27.4K tok/s | 21055s
  step  17700/20000 | loss=2.9167 | ppl=18.48 | lr=3.97e-05 | 27.4K tok/s | 21170s
  step  17800/20000 | loss=2.9095 | ppl=18.35 | lr=3.64e-05 | 27.4K tok/s | 21285s
  step  17900/20000 | loss=2.9129 | ppl=18.41 | lr=3.32e-05 | 27.4K tok/s | 21400s
  step  18000/20000 | loss=2.9074 | ppl=18.31 | lr=3.02e-05 | 27.4K tok/s | 21515s
  [EVAL] step 18000 | val_loss=2.9692 | val_ppl=19.48 | best_ppl=19.48 (step 18000) | 21519s
  step  18100/20000 | loss=2.8660 | ppl=17.57 | lr=2.72e-05 | 27.4K tok/s | 21633s
  step  18200/20000 | loss=2.8577 | ppl=17.42 | lr=2.45e-05 | 27.4K tok/s | 21748s
  step  18300/20000 | loss=2.8738 | ppl=17.70 | lr=2.18e-05 | 27.4K tok/s | 21863s
  step  18400/20000 | loss=2.8683 | ppl=17.61 | lr=1.94e-05 | 27.4K tok/s | 21978s
  step  18500/20000 | loss=2.8563 | ppl=17.40 | lr=1.70e-05 | 27.4K tok/s | 22093s
  step  18600/20000 | loss=2.8704 | ppl=17.64 | lr=1.49e-05 | 27.4K tok/s | 22208s
  step  18700/20000 | loss=2.8631 | ppl=17.52 | lr=1.28e-05 | 27.4K tok/s | 22323s
  step  18800/20000 | loss=2.8701 | ppl=17.64 | lr=1.09e-05 | 27.5K tok/s | 22424s
  step  18900/20000 | loss=2.8700 | ppl=17.64 | lr=9.19e-06 | 27.5K tok/s | 22501s
  step  19000/20000 | loss=2.8862 | ppl=17.92 | lr=7.60e-06 | 27.6K tok/s | 22592s
  [EVAL] step 19000 | val_loss=2.9682 | val_ppl=19.46 | best_ppl=19.46 (step 19000) | 22595s
  step  19100/20000 | loss=2.8602 | ppl=17.46 | lr=6.16e-06 | 27.6K tok/s | 22710s
  step  19200/20000 | loss=2.8631 | ppl=17.52 | lr=4.87e-06 | 27.6K tok/s | 22826s
  step  19300/20000 | loss=2.8560 | ppl=17.39 | lr=3.73e-06 | 27.6K tok/s | 22941s
  step  19400/20000 | loss=2.8625 | ppl=17.50 | lr=2.74e-06 | 27.6K tok/s | 23056s
  step  19500/20000 | loss=2.8595 | ppl=17.45 | lr=1.90e-06 | 27.6K tok/s | 23171s
  step  19600/20000 | loss=2.8609 | ppl=17.48 | lr=1.22e-06 | 27.6K tok/s | 23286s
  step  19700/20000 | loss=2.8550 | ppl=17.37 | lr=6.85e-07 | 27.6K tok/s | 23402s
  step  19800/20000 | loss=2.8394 | ppl=17.11 | lr=3.05e-07 | 27.6K tok/s | 23517s
  step  19900/20000 | loss=2.8646 | ppl=17.54 | lr=7.62e-08 | 27.6K tok/s | 23632s
  step  20000/20000 | loss=2.8712 | ppl=17.66 | lr=0.00e+00 | 27.6K tok/s | 23747s
  [EVAL] step 20000 | val_loss=2.9675 | val_ppl=19.44 | best_ppl=19.44 (step 20000) | 23750s

  => Best val PPL: 19.44 (step 20000)
  => Final val PPL: 19.44
  => Saved to /home/hadoop/workstations/LAFTJU/experiments/results_gpt2/gpt2_small_Adan_lr0.001_seed42.json
  => Total time: 395.9 min
