Warning: You are sending unauthenticated requests to the HF Hub. Please set a HF_TOKEN to enable higher rate limits and faster downloads.
Model: GPT-2 small (124.4M parameters)
Loading dataset: wikitext...
Generating test split:   0%|          | 0/4358 [00:00<?, ? examples/s]Generating test split: 100%|██████████| 4358/4358 [00:00<00:00, 735860.58 examples/s]
Generating train split:   0%|          | 0/1801350 [00:00<?, ? examples/s]Generating train split:   9%|▉         | 169000/1801350 [00:00<00:00, 1684571.53 examples/s]Generating train split:  20%|██        | 361000/1801350 [00:00<00:00, 1818452.35 examples/s]Generating train split:  35%|███▍      | 628000/1801350 [00:00<00:00, 1792955.56 examples/s]Generating train split:  45%|████▍     | 810000/1801350 [00:00<00:00, 1798477.88 examples/s]Generating train split:  56%|█████▋    | 1014675/1801350 [00:00<00:00, 1793944.92 examples/s]Generating train split:  66%|██████▋   | 1194675/1801350 [00:00<00:00, 1791955.22 examples/s]Generating train split:  77%|███████▋  | 1392675/1801350 [00:00<00:00, 1828312.74 examples/s]Generating train split:  88%|████████▊ | 1582675/1801350 [00:00<00:00, 1844546.55 examples/s]Generating train split:  98%|█████████▊| 1773675/1801350 [00:00<00:00, 1862227.52 examples/s]Generating train split: 100%|██████████| 1801350/1801350 [00:00<00:00, 1813854.92 examples/s]
Generating validation split:   0%|          | 0/3760 [00:00<?, ? examples/s]Generating validation split: 100%|██████████| 3760/3760 [00:00<00:00, 448920.67 examples/s]
Token indices sequence length is longer than the specified maximum sequence length for this model (1063 > 1024). Running this sequence through the model will result in indexing errors
Tokenizing...
  Tokenizing train (1165029 texts)...
  Tokenizing val (2461 texts)...
Train tokens: 117,920,140, Val tokens: 247,289
Train: 115156 chunks, Val: 241 chunks

======================================================================
GPT-2 small | Optimizer: Adan_lr0.001 | Seed: 123
LR: 0.001 | WD: 0.02 | Betas: (0.98, 0.92, 0.99)
Steps: 20000 | Batch: 8x4=32
Seq len: 1024 | Tokens/step: 32,768
======================================================================
`loss_type=None` was set in the config but it is unrecognized. Using the default loss: `ForCausalLMLoss`.
  step    100/20000 | loss=9.4467 | ppl=12666.74 | lr=5.00e-05 | 89.0K tok/s | 37s
  step    200/20000 | loss=7.4333 | ppl=1691.42 | lr=1.00e-04 | 89.9K tok/s | 73s
  step    300/20000 | loss=6.8776 | ppl=970.27 | lr=1.50e-04 | 90.0K tok/s | 109s
  step    400/20000 | loss=6.5754 | ppl=717.26 | lr=2.00e-04 | 89.7K tok/s | 146s
  step    500/20000 | loss=6.2877 | ppl=537.91 | lr=2.50e-04 | 89.6K tok/s | 183s
  step    600/20000 | loss=6.0791 | ppl=436.62 | lr=3.00e-04 | 89.6K tok/s | 220s
  step    700/20000 | loss=5.9108 | ppl=368.99 | lr=3.50e-04 | 89.5K tok/s | 256s
  step    800/20000 | loss=5.7788 | ppl=323.36 | lr=4.00e-04 | 89.5K tok/s | 293s
  step    900/20000 | loss=5.6595 | ppl=287.00 | lr=4.50e-04 | 89.5K tok/s | 330s
  step   1000/20000 | loss=5.5201 | ppl=249.66 | lr=5.00e-04 | 89.4K tok/s | 366s
  [EVAL] step 1000 | val_loss=5.3668 | val_ppl=214.17 | best_ppl=214.17 (step 1000) | 368s
  step   1100/20000 | loss=5.3946 | ppl=220.21 | lr=5.50e-04 | 89.1K tok/s | 405s
  step   1200/20000 | loss=5.2635 | ppl=193.16 | lr=6.00e-04 | 89.1K tok/s | 441s
  step   1300/20000 | loss=5.1388 | ppl=170.52 | lr=6.50e-04 | 77.8K tok/s | 547s
  step   1400/20000 | loss=5.0350 | ppl=153.70 | lr=7.00e-04 | 65.5K tok/s | 701s
  step   1500/20000 | loss=4.9037 | ppl=134.79 | lr=7.50e-04 | 57.5K tok/s | 854s
  step   1600/20000 | loss=4.8073 | ppl=122.40 | lr=8.00e-04 | 52.0K tok/s | 1008s
  step   1700/20000 | loss=4.7217 | ppl=112.36 | lr=8.50e-04 | 48.0K tok/s | 1161s
  step   1800/20000 | loss=4.6249 | ppl=101.99 | lr=9.00e-04 | 44.9K tok/s | 1315s
  step   1900/20000 | loss=4.5324 | ppl=92.98 | lr=9.50e-04 | 42.4K tok/s | 1468s
  step   2000/20000 | loss=4.4724 | ppl=87.56 | lr=1.00e-03 | 40.4K tok/s | 1621s
  [EVAL] step 2000 | val_loss=4.2937 | val_ppl=73.24 | best_ppl=73.24 (step 2000) | 1626s
  step   2100/20000 | loss=4.3835 | ppl=80.12 | lr=1.00e-03 | 38.7K tok/s | 1779s
  step   2200/20000 | loss=4.3044 | ppl=74.03 | lr=1.00e-03 | 37.3K tok/s | 1932s
  step   2300/20000 | loss=4.2562 | ppl=70.54 | lr=9.99e-04 | 36.1K tok/s | 2085s
  step   2400/20000 | loss=4.1713 | ppl=64.80 | lr=9.99e-04 | 35.1K tok/s | 2238s
  step   2500/20000 | loss=4.1163 | ppl=61.33 | lr=9.98e-04 | 34.3K tok/s | 2392s
  step   2600/20000 | loss=4.0773 | ppl=58.98 | lr=9.97e-04 | 33.5K tok/s | 2545s
  step   2700/20000 | loss=4.0163 | ppl=55.50 | lr=9.96e-04 | 32.8K tok/s | 2698s
  step   2800/20000 | loss=3.9764 | ppl=53.32 | lr=9.95e-04 | 32.2K tok/s | 2851s
  step   2900/20000 | loss=3.9485 | ppl=51.86 | lr=9.94e-04 | 31.6K tok/s | 3004s
  step   3000/20000 | loss=3.8925 | ppl=49.03 | lr=9.92e-04 | 31.1K tok/s | 3157s
  [EVAL] step 3000 | val_loss=3.7681 | val_ppl=43.30 | best_ppl=43.30 (step 3000) | 3162s
  step   3100/20000 | loss=3.8711 | ppl=48.00 | lr=9.91e-04 | 30.6K tok/s | 3315s
  step   3200/20000 | loss=3.8562 | ppl=47.29 | lr=9.89e-04 | 30.2K tok/s | 3468s
  step   3300/20000 | loss=3.8291 | ppl=46.02 | lr=9.87e-04 | 30.0K tok/s | 3599s
  step   3400/20000 | loss=3.7895 | ppl=44.23 | lr=9.85e-04 | 30.0K tok/s | 3714s
  step   3500/20000 | loss=3.7815 | ppl=43.88 | lr=9.83e-04 | 30.0K tok/s | 3828s
  step   3600/20000 | loss=3.7521 | ppl=42.61 | lr=9.81e-04 | 29.9K tok/s | 3943s
  step   3700/20000 | loss=3.6840 | ppl=39.80 | lr=9.78e-04 | 29.9K tok/s | 4058s
  step   3800/20000 | loss=3.6654 | ppl=39.07 | lr=9.76e-04 | 29.8K tok/s | 4173s
  step   3900/20000 | loss=3.6701 | ppl=39.26 | lr=9.73e-04 | 29.8K tok/s | 4288s
  step   4000/20000 | loss=3.6568 | ppl=38.74 | lr=9.70e-04 | 29.8K tok/s | 4403s
  [EVAL] step 4000 | val_loss=3.5533 | val_ppl=34.93 | best_ppl=34.93 (step 4000) | 4406s
  step   4100/20000 | loss=3.6277 | ppl=37.63 | lr=9.67e-04 | 29.7K tok/s | 4521s
  step   4200/20000 | loss=3.6202 | ppl=37.35 | lr=9.64e-04 | 29.7K tok/s | 4635s
  step   4300/20000 | loss=3.6169 | ppl=37.22 | lr=9.60e-04 | 29.7K tok/s | 4750s
  step   4400/20000 | loss=3.5957 | ppl=36.44 | lr=9.57e-04 | 29.6K tok/s | 4865s
  step   4500/20000 | loss=3.5868 | ppl=36.12 | lr=9.53e-04 | 29.6K tok/s | 4980s
  step   4600/20000 | loss=3.5729 | ppl=35.62 | lr=9.49e-04 | 29.6K tok/s | 5095s
  step   4700/20000 | loss=3.5837 | ppl=36.01 | lr=9.46e-04 | 29.6K tok/s | 5209s
  step   4800/20000 | loss=3.5626 | ppl=35.25 | lr=9.41e-04 | 29.5K tok/s | 5324s
  step   4900/20000 | loss=3.5452 | ppl=34.65 | lr=9.37e-04 | 29.5K tok/s | 5441s
  step   5000/20000 | loss=3.5388 | ppl=34.43 | lr=9.33e-04 | 29.5K tok/s | 5558s
  [EVAL] step 5000 | val_loss=3.4310 | val_ppl=30.91 | best_ppl=30.91 (step 5000) | 5561s
  step   5100/20000 | loss=3.5193 | ppl=33.76 | lr=9.29e-04 | 29.4K tok/s | 5676s
  step   5200/20000 | loss=3.5064 | ppl=33.33 | lr=9.24e-04 | 29.4K tok/s | 5791s
  step   5300/20000 | loss=3.5158 | ppl=33.64 | lr=9.19e-04 | 29.4K tok/s | 5906s
  step   5400/20000 | loss=3.5067 | ppl=33.34 | lr=9.15e-04 | 29.4K tok/s | 6021s
  step   5500/20000 | loss=3.4952 | ppl=32.96 | lr=9.10e-04 | 29.4K tok/s | 6136s
  step   5600/20000 | loss=3.4770 | ppl=32.36 | lr=9.05e-04 | 29.4K tok/s | 6250s
  step   5700/20000 | loss=3.4775 | ppl=32.38 | lr=8.99e-04 | 29.3K tok/s | 6365s
  step   5800/20000 | loss=3.4735 | ppl=32.25 | lr=8.94e-04 | 29.3K tok/s | 6480s
  step   5900/20000 | loss=3.4613 | ppl=31.86 | lr=8.89e-04 | 29.3K tok/s | 6595s
  step   6000/20000 | loss=3.4795 | ppl=32.44 | lr=8.83e-04 | 29.3K tok/s | 6710s
  [EVAL] step 6000 | val_loss=3.3423 | val_ppl=28.28 | best_ppl=28.28 (step 6000) | 6713s
  step   6100/20000 | loss=3.4447 | ppl=31.33 | lr=8.77e-04 | 29.3K tok/s | 6828s
  step   6200/20000 | loss=3.4318 | ppl=30.93 | lr=8.72e-04 | 29.3K tok/s | 6943s
  step   6300/20000 | loss=3.4543 | ppl=31.64 | lr=8.66e-04 | 29.3K tok/s | 7058s
  step   6400/20000 | loss=3.4193 | ppl=30.55 | lr=8.60e-04 | 29.2K tok/s | 7172s
  step   6500/20000 | loss=3.4276 | ppl=30.80 | lr=8.54e-04 | 29.2K tok/s | 7287s
  step   6600/20000 | loss=3.4189 | ppl=30.53 | lr=8.47e-04 | 29.2K tok/s | 7402s
  step   6700/20000 | loss=3.4046 | ppl=30.10 | lr=8.41e-04 | 29.2K tok/s | 7517s
  step   6800/20000 | loss=3.3964 | ppl=29.86 | lr=8.35e-04 | 29.2K tok/s | 7632s
  step   6900/20000 | loss=3.4015 | ppl=30.01 | lr=8.28e-04 | 29.2K tok/s | 7747s
  step   7000/20000 | loss=3.3775 | ppl=29.30 | lr=8.21e-04 | 29.2K tok/s | 7862s
  [EVAL] step 7000 | val_loss=3.2745 | val_ppl=26.43 | best_ppl=26.43 (step 7000) | 7865s
  step   7100/20000 | loss=3.3963 | ppl=29.85 | lr=8.15e-04 | 29.2K tok/s | 7980s
  step   7200/20000 | loss=3.3797 | ppl=29.36 | lr=8.08e-04 | 29.1K tok/s | 8095s
  step   7300/20000 | loss=3.2598 | ppl=26.04 | lr=8.01e-04 | 29.1K tok/s | 8209s
  step   7400/20000 | loss=3.2645 | ppl=26.17 | lr=7.94e-04 | 29.1K tok/s | 8324s
  step   7500/20000 | loss=3.2637 | ppl=26.15 | lr=7.87e-04 | 29.1K tok/s | 8439s
  step   7600/20000 | loss=3.2671 | ppl=26.24 | lr=7.80e-04 | 29.1K tok/s | 8554s
  step   7700/20000 | loss=3.2734 | ppl=26.40 | lr=7.72e-04 | 29.1K tok/s | 8669s
  step   7800/20000 | loss=3.2604 | ppl=26.06 | lr=7.65e-04 | 29.1K tok/s | 8784s
  step   7900/20000 | loss=3.2562 | ppl=25.95 | lr=7.58e-04 | 29.1K tok/s | 8899s
  step   8000/20000 | loss=3.2612 | ppl=26.08 | lr=7.50e-04 | 29.1K tok/s | 9014s
  [EVAL] step 8000 | val_loss=3.2213 | val_ppl=25.06 | best_ppl=25.06 (step 8000) | 9017s
  step   8100/20000 | loss=3.2777 | ppl=26.51 | lr=7.42e-04 | 29.1K tok/s | 9132s
  step   8200/20000 | loss=3.2609 | ppl=26.07 | lr=7.35e-04 | 29.1K tok/s | 9247s
  step   8300/20000 | loss=3.2545 | ppl=25.91 | lr=7.27e-04 | 29.1K tok/s | 9362s
  step   8400/20000 | loss=3.2594 | ppl=26.04 | lr=7.19e-04 | 29.0K tok/s | 9476s
  step   8500/20000 | loss=3.2711 | ppl=26.34 | lr=7.11e-04 | 29.0K tok/s | 9591s
  step   8600/20000 | loss=3.2473 | ppl=25.72 | lr=7.03e-04 | 29.0K tok/s | 9706s
  step   8700/20000 | loss=3.2463 | ppl=25.70 | lr=6.95e-04 | 29.0K tok/s | 9821s
  step   8800/20000 | loss=3.2511 | ppl=25.82 | lr=6.87e-04 | 29.0K tok/s | 9936s
  step   8900/20000 | loss=3.2314 | ppl=25.32 | lr=6.79e-04 | 29.0K tok/s | 10051s
  step   9000/20000 | loss=3.2322 | ppl=25.33 | lr=6.71e-04 | 29.0K tok/s | 10166s
  [EVAL] step 9000 | val_loss=3.1767 | val_ppl=23.97 | best_ppl=23.97 (step 9000) | 10169s
  step   9100/20000 | loss=3.2455 | ppl=25.68 | lr=6.63e-04 | 29.0K tok/s | 10284s
  step   9200/20000 | loss=3.2302 | ppl=25.29 | lr=6.55e-04 | 29.0K tok/s | 10399s
  step   9300/20000 | loss=3.2303 | ppl=25.29 | lr=6.46e-04 | 29.0K tok/s | 10514s
  step   9400/20000 | loss=3.2265 | ppl=25.19 | lr=6.38e-04 | 29.0K tok/s | 10629s
  step   9500/20000 | loss=3.2292 | ppl=25.26 | lr=6.29e-04 | 29.0K tok/s | 10744s
  step   9600/20000 | loss=3.2054 | ppl=24.66 | lr=6.21e-04 | 29.0K tok/s | 10858s
  step   9700/20000 | loss=3.2206 | ppl=25.04 | lr=6.12e-04 | 29.0K tok/s | 10973s
  step   9800/20000 | loss=3.2181 | ppl=24.98 | lr=6.04e-04 | 29.0K tok/s | 11088s
  step   9900/20000 | loss=3.2069 | ppl=24.70 | lr=5.95e-04 | 29.0K tok/s | 11203s
  step  10000/20000 | loss=3.1962 | ppl=24.44 | lr=5.87e-04 | 29.0K tok/s | 11318s
  [EVAL] step 10000 | val_loss=3.1339 | val_ppl=22.96 | best_ppl=22.96 (step 10000) | 11322s
  step  10100/20000 | loss=3.2090 | ppl=24.75 | lr=5.78e-04 | 28.9K tok/s | 11437s
  step  10200/20000 | loss=3.1968 | ppl=24.45 | lr=5.70e-04 | 28.9K tok/s | 11552s
  step  10300/20000 | loss=3.1840 | ppl=24.14 | lr=5.61e-04 | 28.9K tok/s | 11667s
  step  10400/20000 | loss=3.1893 | ppl=24.27 | lr=5.52e-04 | 28.9K tok/s | 11782s
  step  10500/20000 | loss=3.1721 | ppl=23.86 | lr=5.44e-04 | 28.9K tok/s | 11896s
  step  10600/20000 | loss=3.1974 | ppl=24.47 | lr=5.35e-04 | 28.9K tok/s | 12011s
  step  10700/20000 | loss=3.1794 | ppl=24.03 | lr=5.26e-04 | 28.9K tok/s | 12126s
  step  10800/20000 | loss=3.1781 | ppl=24.00 | lr=5.17e-04 | 28.9K tok/s | 12241s
  step  10900/20000 | loss=3.0602 | ppl=21.33 | lr=5.09e-04 | 28.9K tok/s | 12356s
  step  11000/20000 | loss=3.0810 | ppl=21.78 | lr=5.00e-04 | 28.9K tok/s | 12471s
  [EVAL] step 11000 | val_loss=3.0988 | val_ppl=22.17 | best_ppl=22.17 (step 11000) | 12475s
  step  11100/20000 | loss=3.0636 | ppl=21.40 | lr=4.91e-04 | 28.9K tok/s | 12589s
  step  11200/20000 | loss=3.0711 | ppl=21.57 | lr=4.83e-04 | 28.9K tok/s | 12704s
  step  11300/20000 | loss=3.0762 | ppl=21.68 | lr=4.74e-04 | 28.9K tok/s | 12819s
  step  11400/20000 | loss=3.0656 | ppl=21.45 | lr=4.65e-04 | 28.9K tok/s | 12934s
  step  11500/20000 | loss=3.0848 | ppl=21.86 | lr=4.56e-04 | 28.9K tok/s | 13049s
  step  11600/20000 | loss=3.0662 | ppl=21.46 | lr=4.48e-04 | 28.9K tok/s | 13164s
  step  11700/20000 | loss=3.0660 | ppl=21.46 | lr=4.39e-04 | 28.9K tok/s | 13279s
  step  11800/20000 | loss=3.0750 | ppl=21.65 | lr=4.30e-04 | 28.9K tok/s | 13394s
  step  11900/20000 | loss=3.0660 | ppl=21.46 | lr=4.22e-04 | 28.9K tok/s | 13509s
  step  12000/20000 | loss=3.0554 | ppl=21.23 | lr=4.13e-04 | 28.9K tok/s | 13624s
  [EVAL] step 12000 | val_loss=3.0703 | val_ppl=21.55 | best_ppl=21.55 (step 12000) | 13627s
  step  12100/20000 | loss=3.0580 | ppl=21.28 | lr=4.05e-04 | 28.9K tok/s | 13742s
  step  12200/20000 | loss=3.0695 | ppl=21.53 | lr=3.96e-04 | 28.8K tok/s | 13857s
  step  12300/20000 | loss=3.0776 | ppl=21.71 | lr=3.88e-04 | 28.8K tok/s | 13972s
  step  12400/20000 | loss=3.0671 | ppl=21.48 | lr=3.79e-04 | 28.8K tok/s | 14087s
  step  12500/20000 | loss=3.0626 | ppl=21.38 | lr=3.71e-04 | 28.8K tok/s | 14202s
  step  12600/20000 | loss=3.0640 | ppl=21.41 | lr=3.62e-04 | 28.8K tok/s | 14317s
  step  12700/20000 | loss=3.0527 | ppl=21.17 | lr=3.54e-04 | 28.8K tok/s | 14432s
  step  12800/20000 | loss=3.0429 | ppl=20.97 | lr=3.45e-04 | 28.8K tok/s | 14547s
  step  12900/20000 | loss=3.0384 | ppl=20.87 | lr=3.37e-04 | 28.8K tok/s | 14662s
  step  13000/20000 | loss=3.0510 | ppl=21.14 | lr=3.29e-04 | 28.8K tok/s | 14777s
  [EVAL] step 13000 | val_loss=3.0428 | val_ppl=20.96 | best_ppl=20.96 (step 13000) | 14781s
  step  13100/20000 | loss=3.0488 | ppl=21.09 | lr=3.21e-04 | 28.8K tok/s | 14895s
  step  13200/20000 | loss=3.0452 | ppl=21.01 | lr=3.13e-04 | 28.8K tok/s | 15010s
  step  13300/20000 | loss=3.0406 | ppl=20.92 | lr=3.05e-04 | 28.8K tok/s | 15125s
  step  13400/20000 | loss=3.0470 | ppl=21.05 | lr=2.97e-04 | 28.8K tok/s | 15240s
  step  13500/20000 | loss=3.0452 | ppl=21.01 | lr=2.89e-04 | 28.8K tok/s | 15355s
  step  13600/20000 | loss=3.0414 | ppl=20.93 | lr=2.81e-04 | 28.8K tok/s | 15470s
  step  13700/20000 | loss=3.0453 | ppl=21.02 | lr=2.73e-04 | 28.8K tok/s | 15585s
  step  13800/20000 | loss=3.0378 | ppl=20.86 | lr=2.65e-04 | 28.8K tok/s | 15700s
  step  13900/20000 | loss=3.0462 | ppl=21.03 | lr=2.58e-04 | 28.8K tok/s | 15815s
  step  14000/20000 | loss=3.0439 | ppl=20.99 | lr=2.50e-04 | 28.8K tok/s | 15930s
  [EVAL] step 14000 | val_loss=3.0158 | val_ppl=20.40 | best_ppl=20.40 (step 14000) | 15933s
  step  14100/20000 | loss=3.0291 | ppl=20.68 | lr=2.42e-04 | 28.8K tok/s | 16048s
  step  14200/20000 | loss=3.0313 | ppl=20.72 | lr=2.35e-04 | 28.8K tok/s | 16163s
  step  14300/20000 | loss=3.0214 | ppl=20.52 | lr=2.28e-04 | 28.8K tok/s | 16278s
  step  14400/20000 | loss=3.0275 | ppl=20.65 | lr=2.20e-04 | 28.8K tok/s | 16393s
  step  14500/20000 | loss=2.9376 | ppl=18.87 | lr=2.13e-04 | 28.8K tok/s | 16508s
  step  14600/20000 | loss=2.9383 | ppl=18.88 | lr=2.06e-04 | 28.8K tok/s | 16623s
  step  14700/20000 | loss=2.9263 | ppl=18.66 | lr=1.99e-04 | 28.8K tok/s | 16738s
  step  14800/20000 | loss=2.9232 | ppl=18.60 | lr=1.92e-04 | 28.8K tok/s | 16853s
  step  14900/20000 | loss=2.9325 | ppl=18.77 | lr=1.85e-04 | 28.8K tok/s | 16968s
  step  15000/20000 | loss=2.9364 | ppl=18.85 | lr=1.79e-04 | 28.8K tok/s | 17083s
  [EVAL] step 15000 | val_loss=3.0016 | val_ppl=20.12 | best_ppl=20.12 (step 15000) | 17086s
  step  15100/20000 | loss=2.9437 | ppl=18.99 | lr=1.72e-04 | 28.8K tok/s | 17201s
  step  15200/20000 | loss=2.9251 | ppl=18.64 | lr=1.65e-04 | 28.8K tok/s | 17316s
  step  15300/20000 | loss=2.9316 | ppl=18.76 | lr=1.59e-04 | 28.8K tok/s | 17431s
  step  15400/20000 | loss=2.9312 | ppl=18.75 | lr=1.53e-04 | 28.8K tok/s | 17546s
  step  15500/20000 | loss=2.9224 | ppl=18.59 | lr=1.46e-04 | 28.8K tok/s | 17661s
  step  15600/20000 | loss=2.9557 | ppl=19.21 | lr=1.40e-04 | 28.8K tok/s | 17776s
  step  15700/20000 | loss=2.9269 | ppl=18.67 | lr=1.34e-04 | 28.8K tok/s | 17890s
  step  15800/20000 | loss=2.9274 | ppl=18.68 | lr=1.28e-04 | 28.8K tok/s | 18005s
  step  15900/20000 | loss=2.9375 | ppl=18.87 | lr=1.23e-04 | 28.8K tok/s | 18120s
  step  16000/20000 | loss=2.9318 | ppl=18.76 | lr=1.17e-04 | 28.8K tok/s | 18235s
  [EVAL] step 16000 | val_loss=2.9887 | val_ppl=19.86 | best_ppl=19.86 (step 16000) | 18239s
  step  16100/20000 | loss=2.9270 | ppl=18.67 | lr=1.11e-04 | 28.7K tok/s | 18353s
  step  16200/20000 | loss=2.9437 | ppl=18.99 | lr=1.06e-04 | 28.7K tok/s | 18469s
  step  16300/20000 | loss=2.9431 | ppl=18.97 | lr=1.01e-04 | 28.7K tok/s | 18583s
  step  16400/20000 | loss=2.9252 | ppl=18.64 | lr=9.55e-05 | 28.7K tok/s | 18698s
  step  16500/20000 | loss=2.9284 | ppl=18.70 | lr=9.04e-05 | 28.7K tok/s | 18813s
  step  16600/20000 | loss=2.9321 | ppl=18.77 | lr=8.55e-05 | 28.7K tok/s | 18928s
  step  16700/20000 | loss=2.9164 | ppl=18.47 | lr=8.07e-05 | 28.7K tok/s | 19043s
  step  16800/20000 | loss=2.9239 | ppl=18.61 | lr=7.60e-05 | 28.7K tok/s | 19158s
  step  16900/20000 | loss=2.9381 | ppl=18.88 | lr=7.14e-05 | 28.7K tok/s | 19273s
  step  17000/20000 | loss=2.9342 | ppl=18.81 | lr=6.70e-05 | 28.7K tok/s | 19388s
  [EVAL] step 17000 | val_loss=2.9763 | val_ppl=19.62 | best_ppl=19.62 (step 17000) | 19391s
  step  17100/20000 | loss=2.9171 | ppl=18.49 | lr=6.27e-05 | 28.7K tok/s | 19506s
  step  17200/20000 | loss=2.9101 | ppl=18.36 | lr=5.85e-05 | 28.7K tok/s | 19621s
  step  17300/20000 | loss=2.9112 | ppl=18.38 | lr=5.45e-05 | 28.7K tok/s | 19736s
  step  17400/20000 | loss=2.9209 | ppl=18.56 | lr=5.06e-05 | 28.7K tok/s | 19851s
  step  17500/20000 | loss=2.9262 | ppl=18.66 | lr=4.68e-05 | 28.7K tok/s | 19966s
  step  17600/20000 | loss=2.9078 | ppl=18.32 | lr=4.32e-05 | 28.7K tok/s | 20081s
  step  17700/20000 | loss=2.9159 | ppl=18.47 | lr=3.97e-05 | 28.7K tok/s | 20196s
  step  17800/20000 | loss=2.9156 | ppl=18.46 | lr=3.64e-05 | 28.7K tok/s | 20311s
  step  17900/20000 | loss=2.9115 | ppl=18.38 | lr=3.32e-05 | 28.7K tok/s | 20426s
  step  18000/20000 | loss=2.9036 | ppl=18.24 | lr=3.02e-05 | 28.7K tok/s | 20541s
  [EVAL] step 18000 | val_loss=2.9695 | val_ppl=19.48 | best_ppl=19.48 (step 18000) | 20544s
  step  18100/20000 | loss=2.8707 | ppl=17.65 | lr=2.72e-05 | 28.7K tok/s | 20659s
  step  18200/20000 | loss=2.8682 | ppl=17.61 | lr=2.45e-05 | 28.7K tok/s | 20774s
  step  18300/20000 | loss=2.8581 | ppl=17.43 | lr=2.18e-05 | 28.7K tok/s | 20889s
  step  18400/20000 | loss=2.8732 | ppl=17.69 | lr=1.94e-05 | 28.7K tok/s | 21004s
  step  18500/20000 | loss=2.8608 | ppl=17.47 | lr=1.70e-05 | 28.7K tok/s | 21119s
  step  18600/20000 | loss=2.8632 | ppl=17.52 | lr=1.49e-05 | 28.7K tok/s | 21234s
  step  18700/20000 | loss=2.8706 | ppl=17.65 | lr=1.28e-05 | 28.7K tok/s | 21349s
  step  18800/20000 | loss=2.8659 | ppl=17.56 | lr=1.09e-05 | 28.7K tok/s | 21464s
  step  18900/20000 | loss=2.8867 | ppl=17.93 | lr=9.19e-06 | 28.7K tok/s | 21579s
  step  19000/20000 | loss=2.8528 | ppl=17.34 | lr=7.60e-06 | 28.7K tok/s | 21694s
  [EVAL] step 19000 | val_loss=2.9675 | val_ppl=19.44 | best_ppl=19.44 (step 19000) | 21697s
  step  19100/20000 | loss=2.8622 | ppl=17.50 | lr=6.16e-06 | 28.7K tok/s | 21812s
  step  19200/20000 | loss=2.8602 | ppl=17.46 | lr=4.87e-06 | 28.7K tok/s | 21927s
  step  19300/20000 | loss=2.8787 | ppl=17.79 | lr=3.73e-06 | 28.7K tok/s | 22042s
  step  19400/20000 | loss=2.8676 | ppl=17.59 | lr=2.74e-06 | 28.7K tok/s | 22157s
  step  19500/20000 | loss=2.8580 | ppl=17.43 | lr=1.90e-06 | 28.7K tok/s | 22272s
  step  19600/20000 | loss=2.8692 | ppl=17.62 | lr=1.22e-06 | 28.7K tok/s | 22387s
  step  19700/20000 | loss=2.8667 | ppl=17.58 | lr=6.85e-07 | 28.7K tok/s | 22502s
  step  19800/20000 | loss=2.8587 | ppl=17.44 | lr=3.05e-07 | 28.7K tok/s | 22617s
  step  19900/20000 | loss=2.8797 | ppl=17.81 | lr=7.62e-08 | 28.7K tok/s | 22732s
  step  20000/20000 | loss=2.8810 | ppl=17.83 | lr=0.00e+00 | 28.7K tok/s | 22847s
  [EVAL] step 20000 | val_loss=2.9672 | val_ppl=19.44 | best_ppl=19.44 (step 20000) | 22850s

  => Best val PPL: 19.44 (step 20000)
  => Final val PPL: 19.44
  => Saved to /home/hadoop/workstations/LAFTJU/experiments/results_gpt2/gpt2_small_Adan_lr0.001_seed123.json
  => Total time: 380.9 min
