Warning: You are sending unauthenticated requests to the HF Hub. Please set a HF_TOKEN to enable higher rate limits and faster downloads.
Token indices sequence length is longer than the specified maximum sequence length for this model (1063 > 1024). Running this sequence through the model will result in indexing errors
Model: GPT-2 medium (354.8M parameters)
Loading dataset: wikitext...
Tokenizing...
  Tokenizing train (1165029 texts)...
  Tokenizing val (2461 texts)...
Train tokens: 117,920,140, Val tokens: 247,289
Train: 115156 chunks, Val: 241 chunks

======================================================================
GPT-2 medium | Optimizer: LAKTJU_NS_ns50_K2_maxd1024_lr0.0006 | Seed: 42
LR: 0.0006 | WD: 0.1 | Betas: (0.9, 0.95)
Steps: 10000 | Batch: 4x4=16
Seq len: 1024 | Tokens/step: 16,384
======================================================================
`loss_type=None` was set in the config but it is unrecognized. Using the default loss: `ForCausalLMLoss`.
  step    100/10000 | loss=8.6693 | ppl=5821.36 | lr=6.00e-05 | 13.0K tok/s | 126s
  step    200/10000 | loss=6.8552 | ppl=948.81 | lr=1.20e-04 | 13.1K tok/s | 251s
  step    300/10000 | loss=6.4158 | ppl=611.44 | lr=1.80e-04 | 13.0K tok/s | 377s
  step    400/10000 | loss=6.1553 | ppl=471.19 | lr=2.40e-04 | 13.0K tok/s | 503s
  step    500/10000 | loss=5.9782 | ppl=394.73 | lr=3.00e-04 | 13.0K tok/s | 629s
  step    600/10000 | loss=5.8845 | ppl=359.43 | lr=3.60e-04 | 13.0K tok/s | 755s
  step    700/10000 | loss=5.7795 | ppl=323.59 | lr=4.20e-04 | 13.0K tok/s | 880s
  step    800/10000 | loss=5.6936 | ppl=296.96 | lr=4.80e-04 | 13.0K tok/s | 1006s
  step    900/10000 | loss=5.5815 | ppl=265.46 | lr=5.40e-04 | 13.0K tok/s | 1131s
  step   1000/10000 | loss=5.4862 | ppl=241.34 | lr=6.00e-04 | 13.0K tok/s | 1257s
  [EVAL] step 1000 | val_loss=5.3634 | val_ppl=213.45 | best_ppl=213.45 (step 1000) | 1265s
  step   1100/10000 | loss=5.3828 | ppl=217.63 | lr=6.00e-04 | 13.0K tok/s | 1391s
  step   1200/10000 | loss=5.2917 | ppl=198.67 | lr=5.99e-04 | 13.0K tok/s | 1510s
  step   1300/10000 | loss=5.1539 | ppl=173.10 | lr=5.98e-04 | 13.4K tok/s | 1593s
  step   1400/10000 | loss=5.0489 | ppl=155.85 | lr=5.97e-04 | 13.7K tok/s | 1675s
  step   1500/10000 | loss=4.9654 | ppl=143.37 | lr=5.95e-04 | 14.0K tok/s | 1758s
  step   1600/10000 | loss=4.8924 | ppl=133.27 | lr=5.93e-04 | 14.2K tok/s | 1842s
  step   1700/10000 | loss=4.8467 | ppl=127.31 | lr=5.91e-04 | 14.2K tok/s | 1966s
  step   1800/10000 | loss=4.7663 | ppl=117.49 | lr=5.88e-04 | 14.1K tok/s | 2091s
  step   1900/10000 | loss=4.6912 | ppl=108.99 | lr=5.85e-04 | 14.0K tok/s | 2217s
  step   2000/10000 | loss=4.6256 | ppl=102.06 | lr=5.82e-04 | 14.0K tok/s | 2342s
  [EVAL] step 2000 | val_loss=4.4949 | val_ppl=89.56 | best_ppl=89.56 (step 2000) | 2350s
  step   2100/10000 | loss=4.5666 | ppl=96.21 | lr=5.78e-04 | 13.9K tok/s | 2475s
  step   2200/10000 | loss=4.5315 | ppl=92.90 | lr=5.74e-04 | 13.9K tok/s | 2602s
  step   2300/10000 | loss=4.4606 | ppl=86.54 | lr=5.70e-04 | 13.8K tok/s | 2729s
  step   2400/10000 | loss=4.4002 | ppl=81.47 | lr=5.65e-04 | 13.8K tok/s | 2856s
  step   2500/10000 | loss=4.3746 | ppl=79.41 | lr=5.60e-04 | 13.7K tok/s | 2982s
  step   2600/10000 | loss=4.2972 | ppl=73.50 | lr=5.54e-04 | 13.7K tok/s | 3108s
  step   2700/10000 | loss=4.2647 | ppl=71.14 | lr=5.49e-04 | 13.7K tok/s | 3234s
  step   2800/10000 | loss=4.2475 | ppl=69.93 | lr=5.43e-04 | 13.7K tok/s | 3359s
  step   2900/10000 | loss=4.1845 | ppl=65.66 | lr=5.36e-04 | 13.6K tok/s | 3485s
  step   3000/10000 | loss=4.1794 | ppl=65.33 | lr=5.30e-04 | 13.6K tok/s | 3613s
  [EVAL] step 3000 | val_loss=4.0459 | val_ppl=57.16 | best_ppl=57.16 (step 3000) | 3621s
  step   3100/10000 | loss=4.1423 | ppl=62.95 | lr=5.23e-04 | 13.5K tok/s | 3749s
  step   3200/10000 | loss=4.1205 | ppl=61.59 | lr=5.16e-04 | 13.5K tok/s | 3876s
  step   3300/10000 | loss=4.0789 | ppl=59.08 | lr=5.08e-04 | 13.5K tok/s | 4004s
  step   3400/10000 | loss=4.0552 | ppl=57.69 | lr=5.01e-04 | 13.5K tok/s | 4130s
  step   3500/10000 | loss=4.0325 | ppl=56.40 | lr=4.93e-04 | 13.5K tok/s | 4256s
  step   3600/10000 | loss=4.0120 | ppl=55.25 | lr=4.85e-04 | 13.5K tok/s | 4381s
  step   3700/10000 | loss=3.9806 | ppl=53.55 | lr=4.76e-04 | 13.4K tok/s | 4507s
  step   3800/10000 | loss=3.9725 | ppl=53.11 | lr=4.68e-04 | 13.4K tok/s | 4635s
  step   3900/10000 | loss=3.9454 | ppl=51.70 | lr=4.59e-04 | 13.4K tok/s | 4762s
  step   4000/10000 | loss=3.9118 | ppl=49.99 | lr=4.50e-04 | 13.4K tok/s | 4890s
  [EVAL] step 4000 | val_loss=3.8072 | val_ppl=45.03 | best_ppl=45.03 (step 4000) | 4898s
  step   4100/10000 | loss=3.9029 | ppl=49.55 | lr=4.41e-04 | 13.4K tok/s | 5023s
  step   4200/10000 | loss=3.8754 | ppl=48.20 | lr=4.32e-04 | 13.4K tok/s | 5149s
  step   4300/10000 | loss=3.8840 | ppl=48.62 | lr=4.22e-04 | 13.4K tok/s | 5275s
  step   4400/10000 | loss=3.8579 | ppl=47.36 | lr=4.12e-04 | 13.3K tok/s | 5402s
  step   4500/10000 | loss=3.8402 | ppl=46.54 | lr=4.03e-04 | 13.3K tok/s | 5530s
  step   4600/10000 | loss=3.8344 | ppl=46.27 | lr=3.93e-04 | 13.3K tok/s | 5657s
  step   4700/10000 | loss=3.8276 | ppl=45.95 | lr=3.83e-04 | 13.3K tok/s | 5785s
  step   4800/10000 | loss=3.8031 | ppl=44.84 | lr=3.73e-04 | 13.3K tok/s | 5912s
  step   4900/10000 | loss=3.7920 | ppl=44.35 | lr=3.62e-04 | 13.3K tok/s | 6039s
  step   5000/10000 | loss=3.7654 | ppl=43.18 | lr=3.52e-04 | 13.3K tok/s | 6166s
  [EVAL] step 5000 | val_loss=3.6468 | val_ppl=38.35 | best_ppl=38.35 (step 5000) | 6174s
  step   5100/10000 | loss=3.7656 | ppl=43.19 | lr=3.42e-04 | 13.3K tok/s | 6301s
  step   5200/10000 | loss=3.7385 | ppl=42.03 | lr=3.31e-04 | 13.3K tok/s | 6429s
  step   5300/10000 | loss=3.7390 | ppl=42.06 | lr=3.21e-04 | 13.2K tok/s | 6556s
  step   5400/10000 | loss=3.7170 | ppl=41.14 | lr=3.10e-04 | 13.2K tok/s | 6683s
  step   5500/10000 | loss=3.7008 | ppl=40.48 | lr=3.00e-04 | 13.2K tok/s | 6810s
  step   5600/10000 | loss=3.7133 | ppl=40.99 | lr=2.90e-04 | 13.2K tok/s | 6937s
  step   5700/10000 | loss=3.6722 | ppl=39.34 | lr=2.79e-04 | 13.2K tok/s | 7065s
  step   5800/10000 | loss=3.6704 | ppl=39.27 | lr=2.69e-04 | 13.2K tok/s | 7192s
  step   5900/10000 | loss=3.6527 | ppl=38.58 | lr=2.58e-04 | 13.2K tok/s | 7319s
  step   6000/10000 | loss=3.6521 | ppl=38.55 | lr=2.48e-04 | 13.2K tok/s | 7446s
  [EVAL] step 6000 | val_loss=3.5212 | val_ppl=33.83 | best_ppl=33.83 (step 6000) | 7455s
  step   6100/10000 | loss=3.6139 | ppl=37.11 | lr=2.38e-04 | 13.2K tok/s | 7582s
  step   6200/10000 | loss=3.6215 | ppl=37.40 | lr=2.27e-04 | 13.2K tok/s | 7709s
  step   6300/10000 | loss=3.6358 | ppl=37.93 | lr=2.17e-04 | 13.2K tok/s | 7837s
  step   6400/10000 | loss=3.6015 | ppl=36.65 | lr=2.07e-04 | 13.2K tok/s | 7964s
  step   6500/10000 | loss=3.5949 | ppl=36.41 | lr=1.97e-04 | 13.2K tok/s | 8091s
  step   6600/10000 | loss=3.5805 | ppl=35.89 | lr=1.88e-04 | 13.2K tok/s | 8218s
  step   6700/10000 | loss=3.5469 | ppl=34.71 | lr=1.78e-04 | 13.2K tok/s | 8345s
  step   6800/10000 | loss=3.5579 | ppl=35.09 | lr=1.68e-04 | 13.2K tok/s | 8472s
  step   6900/10000 | loss=3.5481 | ppl=34.75 | lr=1.59e-04 | 13.1K tok/s | 8599s
  step   7000/10000 | loss=3.5656 | ppl=35.36 | lr=1.50e-04 | 13.1K tok/s | 8727s
  [EVAL] step 7000 | val_loss=3.4211 | val_ppl=30.60 | best_ppl=30.60 (step 7000) | 8735s
  step   7100/10000 | loss=3.5295 | ppl=34.11 | lr=1.41e-04 | 13.1K tok/s | 8862s
  step   7200/10000 | loss=3.5183 | ppl=33.73 | lr=1.32e-04 | 13.1K tok/s | 8990s
  step   7300/10000 | loss=3.4440 | ppl=31.31 | lr=1.24e-04 | 13.1K tok/s | 9117s
  step   7400/10000 | loss=3.4252 | ppl=30.73 | lr=1.15e-04 | 13.1K tok/s | 9244s
  step   7500/10000 | loss=3.4224 | ppl=30.64 | lr=1.07e-04 | 13.1K tok/s | 9371s
  step   7600/10000 | loss=3.4289 | ppl=30.84 | lr=9.93e-05 | 13.1K tok/s | 9497s
  step   7700/10000 | loss=3.4072 | ppl=30.18 | lr=9.16e-05 | 13.1K tok/s | 9624s
  step   7800/10000 | loss=3.3910 | ppl=29.70 | lr=8.42e-05 | 13.1K tok/s | 9751s
  step   7900/10000 | loss=3.3965 | ppl=29.86 | lr=7.71e-05 | 13.1K tok/s | 9879s
  step   8000/10000 | loss=3.3672 | ppl=29.00 | lr=7.02e-05 | 13.1K tok/s | 10006s
  [EVAL] step 8000 | val_loss=3.3459 | val_ppl=28.39 | best_ppl=28.39 (step 8000) | 10014s
  step   8100/10000 | loss=3.3928 | ppl=29.75 | lr=6.36e-05 | 13.1K tok/s | 10141s
  step   8200/10000 | loss=3.3727 | ppl=29.16 | lr=5.73e-05 | 13.1K tok/s | 10268s
  step   8300/10000 | loss=3.3790 | ppl=29.34 | lr=5.13e-05 | 13.1K tok/s | 10395s
  step   8400/10000 | loss=3.3962 | ppl=29.85 | lr=4.56e-05 | 13.1K tok/s | 10522s
  step   8500/10000 | loss=3.3676 | ppl=29.01 | lr=4.02e-05 | 13.1K tok/s | 10650s
  step   8600/10000 | loss=3.3717 | ppl=29.13 | lr=3.51e-05 | 13.1K tok/s | 10777s
  step   8700/10000 | loss=3.3665 | ppl=28.98 | lr=3.04e-05 | 13.1K tok/s | 10904s
  step   8800/10000 | loss=3.3720 | ppl=29.14 | lr=2.59e-05 | 13.1K tok/s | 11031s
  step   8900/10000 | loss=3.3773 | ppl=29.29 | lr=2.18e-05 | 13.1K tok/s | 11158s
  step   9000/10000 | loss=3.3315 | ppl=27.98 | lr=1.81e-05 | 13.1K tok/s | 11286s
  [EVAL] step 9000 | val_loss=3.3072 | val_ppl=27.31 | best_ppl=27.31 (step 9000) | 11294s
  step   9100/10000 | loss=3.3525 | ppl=28.58 | lr=1.47e-05 | 13.1K tok/s | 11421s
  step   9200/10000 | loss=3.3405 | ppl=28.23 | lr=1.16e-05 | 13.1K tok/s | 11548s
  step   9300/10000 | loss=3.3518 | ppl=28.55 | lr=8.91e-06 | 13.1K tok/s | 11675s
  step   9400/10000 | loss=3.3521 | ppl=28.56 | lr=6.56e-06 | 13.0K tok/s | 11802s
  step   9500/10000 | loss=3.3540 | ppl=28.62 | lr=4.56e-06 | 13.0K tok/s | 11929s
  step   9600/10000 | loss=3.3539 | ppl=28.61 | lr=2.92e-06 | 13.0K tok/s | 12056s
  step   9700/10000 | loss=3.3320 | ppl=27.99 | lr=1.64e-06 | 13.0K tok/s | 12184s
  step   9800/10000 | loss=3.3370 | ppl=28.14 | lr=7.31e-07 | 13.0K tok/s | 12311s
  step   9900/10000 | loss=3.3296 | ppl=27.93 | lr=1.83e-07 | 13.0K tok/s | 12438s
  step  10000/10000 | loss=3.3345 | ppl=28.06 | lr=0.00e+00 | 13.0K tok/s | 12565s
  [EVAL] step 10000 | val_loss=3.2988 | val_ppl=27.08 | best_ppl=27.08 (step 10000) | 12573s

  => Best val PPL: 27.08 (step 10000)
  => Final val PPL: 27.08
  => Saved to /home/hadoop/workstations/LAFTJU/experiments/results_gpt2/gpt2_medium_LAKTJU_NS_ns50_K2_maxd1024_lr0.0006_seed42.json
  => Total time: 209.7 min
