Warning: You are sending unauthenticated requests to the HF Hub. Please set a HF_TOKEN to enable higher rate limits and faster downloads.
Token indices sequence length is longer than the specified maximum sequence length for this model (1063 > 1024). Running this sequence through the model will result in indexing errors
Model: GPT-2 medium (354.8M parameters)
Loading dataset: wikitext...
Tokenizing...
  Tokenizing train (1165029 texts)...
  Tokenizing val (2461 texts)...
Train tokens: 117,920,140, Val tokens: 247,289
Train: 115156 chunks, Val: 241 chunks

======================================================================
GPT-2 medium | Optimizer: Lion_lr0.0001 | Seed: 42
LR: 0.0001 | WD: 1.0 | Betas: (0.9, 0.99)
Steps: 10000 | Batch: 4x4=16
Seq len: 1024 | Tokens/step: 16,384
======================================================================
`loss_type=None` was set in the config but it is unrecognized. Using the default loss: `ForCausalLMLoss`.
  step    100/10000 | loss=9.6265 | ppl=15161.08 | lr=1.00e-05 | 13.3K tok/s | 124s
  step    200/10000 | loss=8.2782 | ppl=3937.21 | lr=2.00e-05 | 13.4K tok/s | 245s
  step    300/10000 | loss=7.2031 | ppl=1343.58 | lr=3.00e-05 | 13.4K tok/s | 367s
  step    400/10000 | loss=6.8256 | ppl=921.12 | lr=4.00e-05 | 13.4K tok/s | 489s
  step    500/10000 | loss=6.4881 | ppl=657.25 | lr=5.00e-05 | 13.4K tok/s | 610s
  step    600/10000 | loss=6.2416 | ppl=513.70 | lr=6.00e-05 | 13.4K tok/s | 732s
  step    700/10000 | loss=6.0624 | ppl=429.41 | lr=7.00e-05 | 13.4K tok/s | 853s
  step    800/10000 | loss=5.9280 | ppl=375.42 | lr=8.00e-05 | 13.4K tok/s | 975s
  step    900/10000 | loss=5.8082 | ppl=333.02 | lr=9.00e-05 | 13.5K tok/s | 1088s
  step   1000/10000 | loss=5.7209 | ppl=305.18 | lr=1.00e-04 | 14.0K tok/s | 1169s
  [EVAL] step 1000 | val_loss=5.5997 | val_ppl=270.33 | best_ppl=270.33 (step 1000) | 1174s
  step   1100/10000 | loss=5.6128 | ppl=273.91 | lr=1.00e-04 | 14.4K tok/s | 1255s
  step   1200/10000 | loss=5.5293 | ppl=251.96 | lr=9.99e-05 | 15.1K tok/s | 1304s
  step   1300/10000 | loss=5.4035 | ppl=222.19 | lr=9.97e-05 | 15.4K tok/s | 1385s
  step   1400/10000 | loss=5.3000 | ppl=200.33 | lr=9.95e-05 | 15.6K tok/s | 1466s
  step   1500/10000 | loss=5.2051 | ppl=182.19 | lr=9.92e-05 | 15.9K tok/s | 1547s
  step   1600/10000 | loss=5.1170 | ppl=166.83 | lr=9.89e-05 | 16.1K tok/s | 1627s
  step   1700/10000 | loss=5.0502 | ppl=156.05 | lr=9.85e-05 | 16.3K tok/s | 1708s
  step   1800/10000 | loss=4.9533 | ppl=141.64 | lr=9.81e-05 | 16.5K tok/s | 1789s
  step   1900/10000 | loss=4.8670 | ppl=129.93 | lr=9.76e-05 | 16.6K tok/s | 1870s
  step   2000/10000 | loss=4.7883 | ppl=120.10 | lr=9.70e-05 | 16.8K tok/s | 1951s
  [EVAL] step 2000 | val_loss=4.6747 | val_ppl=107.20 | best_ppl=107.20 (step 2000) | 1956s
  step   2100/10000 | loss=4.7238 | ppl=112.59 | lr=9.64e-05 | 16.9K tok/s | 2037s
  step   2200/10000 | loss=4.6876 | ppl=108.60 | lr=9.57e-05 | 17.0K tok/s | 2118s
  step   2300/10000 | loss=4.6239 | ppl=101.89 | lr=9.49e-05 | 17.1K tok/s | 2199s
  step   2400/10000 | loss=4.5679 | ppl=96.34 | lr=9.41e-05 | 17.3K tok/s | 2279s
  step   2500/10000 | loss=4.5372 | ppl=93.43 | lr=9.33e-05 | 17.4K tok/s | 2360s
  step   2600/10000 | loss=4.4545 | ppl=86.01 | lr=9.24e-05 | 17.4K tok/s | 2441s
  step   2700/10000 | loss=4.4071 | ppl=82.03 | lr=9.15e-05 | 17.5K tok/s | 2522s
  step   2800/10000 | loss=4.3792 | ppl=79.77 | lr=9.05e-05 | 17.6K tok/s | 2603s
  step   2900/10000 | loss=4.2957 | ppl=73.39 | lr=8.94e-05 | 17.7K tok/s | 2684s
  step   3000/10000 | loss=4.2689 | ppl=71.44 | lr=8.83e-05 | 17.8K tok/s | 2765s
  [EVAL] step 3000 | val_loss=4.1283 | val_ppl=62.07 | best_ppl=62.07 (step 3000) | 2770s
  step   3100/10000 | loss=4.2145 | ppl=67.66 | lr=8.72e-05 | 17.8K tok/s | 2851s
  step   3200/10000 | loss=4.1783 | ppl=65.26 | lr=8.60e-05 | 17.9K tok/s | 2931s
  step   3300/10000 | loss=4.1254 | ppl=61.89 | lr=8.47e-05 | 17.9K tok/s | 3012s
  step   3400/10000 | loss=4.0916 | ppl=59.84 | lr=8.35e-05 | 18.0K tok/s | 3093s
  step   3500/10000 | loss=4.0605 | ppl=58.00 | lr=8.21e-05 | 18.1K tok/s | 3174s
  step   3600/10000 | loss=4.0336 | ppl=56.46 | lr=8.08e-05 | 18.1K tok/s | 3254s
  step   3700/10000 | loss=3.9990 | ppl=54.54 | lr=7.94e-05 | 18.2K tok/s | 3335s
  step   3800/10000 | loss=3.9854 | ppl=53.81 | lr=7.80e-05 | 18.2K tok/s | 3416s
  step   3900/10000 | loss=3.9499 | ppl=51.93 | lr=7.65e-05 | 18.3K tok/s | 3497s
  step   4000/10000 | loss=3.9131 | ppl=50.05 | lr=7.50e-05 | 18.3K tok/s | 3577s
  [EVAL] step 4000 | val_loss=3.8090 | val_ppl=45.11 | best_ppl=45.11 (step 4000) | 3583s
  step   4100/10000 | loss=3.8982 | ppl=49.31 | lr=7.35e-05 | 18.3K tok/s | 3663s
  step   4200/10000 | loss=3.8704 | ppl=47.96 | lr=7.19e-05 | 18.4K tok/s | 3744s
  step   4300/10000 | loss=3.8708 | ppl=47.98 | lr=7.03e-05 | 18.4K tok/s | 3825s
  step   4400/10000 | loss=3.8458 | ppl=46.80 | lr=6.87e-05 | 18.5K tok/s | 3905s
  step   4500/10000 | loss=3.8235 | ppl=45.76 | lr=6.71e-05 | 18.5K tok/s | 3986s
  step   4600/10000 | loss=3.8137 | ppl=45.32 | lr=6.55e-05 | 18.5K tok/s | 4067s
  step   4700/10000 | loss=3.8063 | ppl=44.98 | lr=6.38e-05 | 18.6K tok/s | 4147s
  step   4800/10000 | loss=3.7805 | ppl=43.84 | lr=6.21e-05 | 18.6K tok/s | 4228s
  step   4900/10000 | loss=3.7665 | ppl=43.23 | lr=6.04e-05 | 18.6K tok/s | 4309s
  step   5000/10000 | loss=3.7337 | ppl=41.83 | lr=5.87e-05 | 18.7K tok/s | 4389s
  [EVAL] step 5000 | val_loss=3.6272 | val_ppl=37.61 | best_ppl=37.61 (step 5000) | 4395s
  step   5100/10000 | loss=3.7334 | ppl=41.82 | lr=5.70e-05 | 18.7K tok/s | 4475s
  step   5200/10000 | loss=3.7068 | ppl=40.72 | lr=5.52e-05 | 18.7K tok/s | 4556s
  step   5300/10000 | loss=3.7054 | ppl=40.67 | lr=5.35e-05 | 18.7K tok/s | 4636s
  step   5400/10000 | loss=3.6846 | ppl=39.83 | lr=5.17e-05 | 18.8K tok/s | 4717s
  step   5500/10000 | loss=3.6658 | ppl=39.09 | lr=5.00e-05 | 18.8K tok/s | 4798s
  step   5600/10000 | loss=3.6764 | ppl=39.50 | lr=4.83e-05 | 18.8K tok/s | 4878s
  step   5700/10000 | loss=3.6342 | ppl=37.87 | lr=4.65e-05 | 18.8K tok/s | 4959s
  step   5800/10000 | loss=3.6316 | ppl=37.77 | lr=4.48e-05 | 18.9K tok/s | 5040s
  step   5900/10000 | loss=3.6124 | ppl=37.05 | lr=4.30e-05 | 18.9K tok/s | 5120s
  step   6000/10000 | loss=3.6128 | ppl=37.07 | lr=4.13e-05 | 18.9K tok/s | 5201s
  [EVAL] step 6000 | val_loss=3.4940 | val_ppl=32.92 | best_ppl=32.92 (step 6000) | 5206s
  step   6100/10000 | loss=3.5726 | ppl=35.61 | lr=3.96e-05 | 18.9K tok/s | 5287s
  step   6200/10000 | loss=3.5801 | ppl=35.88 | lr=3.79e-05 | 18.9K tok/s | 5367s
  step   6300/10000 | loss=3.5941 | ppl=36.38 | lr=3.62e-05 | 18.9K tok/s | 5448s
  step   6400/10000 | loss=3.5586 | ppl=35.11 | lr=3.45e-05 | 19.0K tok/s | 5529s
  step   6500/10000 | loss=3.5504 | ppl=34.83 | lr=3.29e-05 | 19.0K tok/s | 5609s
  step   6600/10000 | loss=3.5359 | ppl=34.33 | lr=3.13e-05 | 19.0K tok/s | 5690s
  step   6700/10000 | loss=3.5006 | ppl=33.14 | lr=2.97e-05 | 19.0K tok/s | 5771s
  step   6800/10000 | loss=3.5131 | ppl=33.55 | lr=2.81e-05 | 19.0K tok/s | 5852s
  step   6900/10000 | loss=3.5028 | ppl=33.21 | lr=2.65e-05 | 19.1K tok/s | 5932s
  step   7000/10000 | loss=3.5144 | ppl=33.60 | lr=2.50e-05 | 19.1K tok/s | 6013s
  [EVAL] step 7000 | val_loss=3.3832 | val_ppl=29.47 | best_ppl=29.47 (step 7000) | 6018s
  step   7100/10000 | loss=3.4828 | ppl=32.55 | lr=2.35e-05 | 19.1K tok/s | 6099s
  step   7200/10000 | loss=3.4706 | ppl=32.16 | lr=2.20e-05 | 19.1K tok/s | 6180s
  step   7300/10000 | loss=3.3885 | ppl=29.62 | lr=2.06e-05 | 19.1K tok/s | 6260s
  step   7400/10000 | loss=3.3739 | ppl=29.19 | lr=1.92e-05 | 19.1K tok/s | 6341s
  step   7500/10000 | loss=3.3683 | ppl=29.03 | lr=1.79e-05 | 19.1K tok/s | 6422s
  step   7600/10000 | loss=3.3754 | ppl=29.23 | lr=1.65e-05 | 19.1K tok/s | 6503s
  step   7700/10000 | loss=3.3507 | ppl=28.52 | lr=1.53e-05 | 19.2K tok/s | 6584s
  step   7800/10000 | loss=3.3330 | ppl=28.02 | lr=1.40e-05 | 19.2K tok/s | 6664s
  step   7900/10000 | loss=3.3396 | ppl=28.21 | lr=1.28e-05 | 19.2K tok/s | 6745s
  step   8000/10000 | loss=3.3142 | ppl=27.50 | lr=1.17e-05 | 19.2K tok/s | 6826s
  [EVAL] step 8000 | val_loss=3.3112 | val_ppl=27.42 | best_ppl=27.42 (step 8000) | 6831s
  step   8100/10000 | loss=3.3366 | ppl=28.12 | lr=1.06e-05 | 19.2K tok/s | 6912s
  step   8200/10000 | loss=3.3181 | ppl=27.61 | lr=9.55e-06 | 19.2K tok/s | 6992s
  step   8300/10000 | loss=3.3228 | ppl=27.74 | lr=8.55e-06 | 19.2K tok/s | 7073s
  step   8400/10000 | loss=3.3367 | ppl=28.13 | lr=7.60e-06 | 19.2K tok/s | 7154s
  step   8500/10000 | loss=3.3115 | ppl=27.43 | lr=6.70e-06 | 19.3K tok/s | 7234s
  step   8600/10000 | loss=3.3137 | ppl=27.49 | lr=5.85e-06 | 19.3K tok/s | 7315s
  step   8700/10000 | loss=3.3100 | ppl=27.39 | lr=5.06e-06 | 19.3K tok/s | 7396s
  step   8800/10000 | loss=3.3133 | ppl=27.48 | lr=4.32e-06 | 19.3K tok/s | 7477s
  step   8900/10000 | loss=3.3205 | ppl=27.67 | lr=3.64e-06 | 19.3K tok/s | 7558s
  step   9000/10000 | loss=3.2752 | ppl=26.45 | lr=3.02e-06 | 19.3K tok/s | 7638s
  [EVAL] step 9000 | val_loss=3.2702 | val_ppl=26.32 | best_ppl=26.32 (step 9000) | 7644s
  step   9100/10000 | loss=3.2926 | ppl=26.91 | lr=2.45e-06 | 19.3K tok/s | 7724s
  step   9200/10000 | loss=3.2813 | ppl=26.61 | lr=1.94e-06 | 19.3K tok/s | 7805s
  step   9300/10000 | loss=3.2900 | ppl=26.84 | lr=1.49e-06 | 19.3K tok/s | 7886s
  step   9400/10000 | loss=3.2938 | ppl=26.95 | lr=1.09e-06 | 19.3K tok/s | 7966s
  step   9500/10000 | loss=3.2946 | ppl=26.97 | lr=7.60e-07 | 19.3K tok/s | 8047s
  step   9600/10000 | loss=3.2959 | ppl=27.00 | lr=4.87e-07 | 19.4K tok/s | 8128s
  step   9700/10000 | loss=3.2723 | ppl=26.37 | lr=2.74e-07 | 19.4K tok/s | 8209s
  step   9800/10000 | loss=3.2782 | ppl=26.53 | lr=1.22e-07 | 19.4K tok/s | 8290s
  step   9900/10000 | loss=3.2718 | ppl=26.36 | lr=3.05e-08 | 19.4K tok/s | 8370s
  step  10000/10000 | loss=3.2782 | ppl=26.53 | lr=0.00e+00 | 19.4K tok/s | 8451s
  [EVAL] step 10000 | val_loss=3.2602 | val_ppl=26.06 | best_ppl=26.06 (step 10000) | 8457s

  => Best val PPL: 26.06 (step 10000)
  => Final val PPL: 26.06
  => Saved to /home/hadoop/workstations/LAFTJU/experiments/results_gpt2/gpt2_medium_Lion_lr0.0001_seed42.json
  => Total time: 141.0 min
