Device: cuda
Dataset: cifar10 (10 classes)
Model: resnet18 (11,173,962 params)
Optimizer: LAKTJU_V12

============================================================
Starting training: cifar10_resnet18_LAKTJU_V12_seed42
============================================================

<sys>:0: UserWarning: Full backward hook is firing when gradients are computed with respect to module outputs since no inputs require gradients. See https://docs.pytorch.org/docs/main/generated/torch.nn.Module.html#torch.nn.Module.register_full_backward_hook for more details.
  [V12 diag] s=0.010 kf_str=1.000 tju_norm=2.8037 adam_norm=67.9205 kf_active=21/62 gc=21
Epoch   1/200 | Train Loss: 1.6818 | Valid Acc: 62.18% | Test Acc: 0.00% | LR: 0.010000 s=0.010 | Time: 189.0s
  [V12 diag] s=0.050 kf_str=1.000 tju_norm=2.1923 adam_norm=40.5519 kf_active=21/62 gc=21
Epoch   5/200 | Train Loss: 1.1883 | Valid Acc: 78.30% | Test Acc: 0.00% | LR: 0.009990 s=0.050 | Time: 197.1s
  [V12 diag] s=0.100 kf_str=1.000 tju_norm=1.4556 adam_norm=28.3414 kf_active=21/62 gc=21
Epoch  10/200 | Train Loss: 1.0731 | Valid Acc: 85.12% | Test Acc: 84.85% | LR: 0.009950 s=0.100 | Time: 198.8s
  [V12 diag] s=0.149 kf_str=1.000 tju_norm=1.1898 adam_norm=31.8455 kf_active=21/62 gc=21
Epoch  15/200 | Train Loss: 0.8740 | Valid Acc: 88.14% | Test Acc: 84.85% | LR: 0.009880 s=0.149 | Time: 197.2s
  [V12 diag] s=0.197 kf_str=1.000 tju_norm=1.2133 adam_norm=35.3324 kf_active=21/62 gc=21
Epoch  20/200 | Train Loss: 0.8128 | Valid Acc: 89.14% | Test Acc: 88.61% | LR: 0.009779 s=0.197 | Time: 197.8s
  [V12 diag] s=0.245 kf_str=1.000 tju_norm=1.0777 adam_norm=35.6706 kf_active=21/62 gc=21
Epoch  25/200 | Train Loss: 0.7697 | Valid Acc: 90.08% | Test Acc: 88.61% | LR: 0.009649 s=0.245 | Time: 196.9s
  [V12 diag] s=0.291 kf_str=1.000 tju_norm=0.9753 adam_norm=34.6462 kf_active=21/62 gc=21
Epoch  30/200 | Train Loss: 0.7370 | Valid Acc: 91.12% | Test Acc: 90.61% | LR: 0.009490 s=0.291 | Time: 198.1s
  [V12 diag] s=0.336 kf_str=1.000 tju_norm=0.8877 adam_norm=35.6490 kf_active=21/62 gc=21
Epoch  35/200 | Train Loss: 0.7157 | Valid Acc: 91.06% | Test Acc: 90.61% | LR: 0.009304 s=0.336 | Time: 196.7s
  [V12 diag] s=0.380 kf_str=1.000 tju_norm=0.8952 adam_norm=19.9433 kf_active=21/62 gc=21
Epoch  40/200 | Train Loss: 1.0328 | Valid Acc: 85.32% | Test Acc: 85.02% | LR: 0.009091 s=0.380 | Time: 198.4s
  [V12 diag] s=0.422 kf_str=1.000 tju_norm=0.9266 adam_norm=28.8489 kf_active=21/62 gc=21
Epoch  45/200 | Train Loss: 0.7568 | Valid Acc: 90.44% | Test Acc: 85.02% | LR: 0.008853 s=0.422 | Time: 197.0s
  [V12 diag] s=0.462 kf_str=1.000 tju_norm=0.8710 adam_norm=35.2158 kf_active=21/62 gc=21
Epoch  50/200 | Train Loss: 0.7182 | Valid Acc: 91.62% | Test Acc: 91.38% | LR: 0.008591 s=0.462 | Time: 198.3s
Results saved to ./results/v12_round2/cifar10_resnet18_LAKTJU_V12_seed42_20260322_012107.json
  [V12 diag] s=0.501 kf_str=1.000 tju_norm=0.6927 adam_norm=34.5770 kf_active=21/62 gc=21
Epoch  55/200 | Train Loss: 0.6964 | Valid Acc: 92.64% | Test Acc: 91.38% | LR: 0.008307 s=0.501 | Time: 196.9s
  [V12 diag] s=0.537 kf_str=1.000 tju_norm=0.6327 adam_norm=37.0011 kf_active=21/62 gc=21
Epoch  60/200 | Train Loss: 0.6743 | Valid Acc: 92.18% | Test Acc: 92.33% | LR: 0.008002 s=0.537 | Time: 198.2s
  [V12 diag] s=0.572 kf_str=1.000 tju_norm=0.6711 adam_norm=40.0673 kf_active=21/62 gc=21
Epoch  65/200 | Train Loss: 0.6581 | Valid Acc: 92.30% | Test Acc: 92.33% | LR: 0.007679 s=0.572 | Time: 196.9s
  [V12 diag] s=0.604 kf_str=1.000 tju_norm=0.6739 adam_norm=39.2438 kf_active=21/62 gc=21
Epoch  70/200 | Train Loss: 0.6448 | Valid Acc: 92.98% | Test Acc: 92.60% | LR: 0.007340 s=0.604 | Time: 198.2s
  [V12 diag] s=0.635 kf_str=1.000 tju_norm=0.6562 adam_norm=12.3890 kf_active=21/62 gc=21
Epoch  75/200 | Train Loss: 1.7913 | Valid Acc: 45.10% | Test Acc: 92.60% | LR: 0.006986 s=0.635 | Time: 197.1s
  [V12 diag] s=0.664 kf_str=1.000 tju_norm=0.7354 adam_norm=18.3735 kf_active=21/62 gc=21
Epoch  80/200 | Train Loss: 1.4172 | Valid Acc: 63.20% | Test Acc: 63.85% | LR: 0.006620 s=0.664 | Time: 198.5s
  [V12 diag] s=0.691 kf_str=1.000 tju_norm=0.7579 adam_norm=25.8834 kf_active=21/62 gc=21
Epoch  85/200 | Train Loss: 1.2081 | Valid Acc: 75.18% | Test Acc: 63.85% | LR: 0.006244 s=0.691 | Time: 196.8s
  [V12 diag] s=0.716 kf_str=1.000 tju_norm=0.7064 adam_norm=30.0330 kf_active=21/62 gc=21
Epoch  90/200 | Train Loss: 1.0815 | Valid Acc: 80.60% | Test Acc: 79.96% | LR: 0.005860 s=0.716 | Time: 198.0s
  [V12 diag] s=0.740 kf_str=1.000 tju_norm=0.7527 adam_norm=15.2826 kf_active=21/62 gc=21
Epoch  95/200 | Train Loss: 1.4042 | Valid Acc: 64.62% | Test Acc: 79.96% | LR: 0.005471 s=0.740 | Time: 196.8s
  [V12 diag] s=0.762 kf_str=1.000 tju_norm=0.7275 adam_norm=21.3063 kf_active=21/62 gc=21
Epoch 100/200 | Train Loss: 1.2155 | Valid Acc: 73.98% | Test Acc: 74.38% | LR: 0.005079 s=0.762 | Time: 198.6s
Results saved to ./results/v12_round2/cifar10_resnet18_LAKTJU_V12_seed42_20260322_012107.json
  [V12 diag] s=0.782 kf_str=1.000 tju_norm=0.6343 adam_norm=21.1328 kf_active=21/62 gc=21
Epoch 105/200 | Train Loss: 1.1334 | Valid Acc: 77.16% | Test Acc: 74.38% | LR: 0.004687 s=0.782 | Time: 196.9s
  [V12 diag] s=0.800 kf_str=1.000 tju_norm=0.6146 adam_norm=27.0765 kf_active=21/62 gc=21
Epoch 110/200 | Train Loss: 1.0655 | Valid Acc: 80.60% | Test Acc: 80.53% | LR: 0.004296 s=0.800 | Time: 198.4s
  [V12 diag] s=0.818 kf_str=1.000 tju_norm=0.5942 adam_norm=28.0165 kf_active=21/62 gc=21
Epoch 115/200 | Train Loss: 1.0087 | Valid Acc: 82.34% | Test Acc: 80.53% | LR: 0.003910 s=0.818 | Time: 197.2s
  [V12 diag] s=0.834 kf_str=1.000 tju_norm=0.5985 adam_norm=34.6019 kf_active=21/62 gc=21
Epoch 120/200 | Train Loss: 0.9551 | Valid Acc: 83.50% | Test Acc: 83.60% | LR: 0.003530 s=0.834 | Time: 198.3s
  [V12 diag] s=0.848 kf_str=1.000 tju_norm=0.6049 adam_norm=39.1649 kf_active=21/62 gc=21
Epoch 125/200 | Train Loss: 0.9189 | Valid Acc: 85.02% | Test Acc: 83.60% | LR: 0.003160 s=0.848 | Time: 197.2s
  [V12 diag] s=0.862 kf_str=1.000 tju_norm=0.6095 adam_norm=42.8747 kf_active=21/62 gc=21
Epoch 130/200 | Train Loss: 0.8798 | Valid Acc: 86.08% | Test Acc: 85.89% | LR: 0.002801 s=0.862 | Time: 197.8s
  [V12 diag] s=0.874 kf_str=1.000 tju_norm=0.5947 adam_norm=47.4970 kf_active=21/62 gc=21
Epoch 135/200 | Train Loss: 0.8466 | Valid Acc: 87.46% | Test Acc: 85.89% | LR: 0.002456 s=0.874 | Time: 196.9s
  [V12 diag] s=0.885 kf_str=1.000 tju_norm=0.6426 adam_norm=33.3480 kf_active=21/62 gc=21
Epoch 140/200 | Train Loss: 0.8380 | Valid Acc: 87.48% | Test Acc: 87.09% | LR: 0.002126 s=0.885 | Time: 198.1s
  [V12 diag] s=0.896 kf_str=1.000 tju_norm=0.6199 adam_norm=36.1953 kf_active=21/62 gc=21
Epoch 145/200 | Train Loss: 0.8099 | Valid Acc: 88.26% | Test Acc: 87.09% | LR: 0.001814 s=0.896 | Time: 197.1s
  [V12 diag] s=0.905 kf_str=1.000 tju_norm=0.6348 adam_norm=39.3970 kf_active=21/62 gc=21
Epoch 150/200 | Train Loss: 0.7933 | Valid Acc: 88.74% | Test Acc: 87.95% | LR: 0.001521 s=0.905 | Time: 198.1s
Results saved to ./results/v12_round2/cifar10_resnet18_LAKTJU_V12_seed42_20260322_012107.json
  [V12 diag] s=0.914 kf_str=1.000 tju_norm=0.6373 adam_norm=42.3974 kf_active=21/62 gc=21
Epoch 155/200 | Train Loss: 0.7725 | Valid Acc: 88.98% | Test Acc: 87.95% | LR: 0.001250 s=0.914 | Time: 197.1s
  [V12 diag] s=0.922 kf_str=1.000 tju_norm=0.6682 adam_norm=18.0743 kf_active=21/62 gc=21
Epoch 160/200 | Train Loss: 0.7948 | Valid Acc: 88.58% | Test Acc: 87.46% | LR: 0.001002 s=0.922 | Time: 198.0s
  [V12 diag] s=0.929 kf_str=1.000 tju_norm=0.6146 adam_norm=23.3636 kf_active=21/62 gc=21
Epoch 165/200 | Train Loss: 0.7722 | Valid Acc: 88.94% | Test Acc: 87.46% | LR: 0.000779 s=0.929 | Time: 196.9s
  [V12 diag] s=0.935 kf_str=1.000 tju_norm=0.6313 adam_norm=26.5021 kf_active=21/62 gc=21
Epoch 170/200 | Train Loss: 0.7593 | Valid Acc: 89.38% | Test Acc: 88.70% | LR: 0.000582 s=0.935 | Time: 198.1s
  [V12 diag] s=0.941 kf_str=1.000 tju_norm=0.6577 adam_norm=34.1788 kf_active=21/62 gc=21
Epoch 175/200 | Train Loss: 0.7497 | Valid Acc: 89.72% | Test Acc: 88.70% | LR: 0.000412 s=0.941 | Time: 196.9s
  [V12 diag] s=0.947 kf_str=1.000 tju_norm=0.6609 adam_norm=36.5999 kf_active=21/62 gc=21
Epoch 180/200 | Train Loss: 0.7471 | Valid Acc: 89.82% | Test Acc: 89.01% | LR: 0.000271 s=0.947 | Time: 198.0s
  [V12 diag] s=0.952 kf_str=1.000 tju_norm=0.6191 adam_norm=40.1845 kf_active=21/62 gc=21
Epoch 185/200 | Train Loss: 0.7385 | Valid Acc: 89.96% | Test Acc: 89.01% | LR: 0.000158 s=0.952 | Time: 196.5s
  [V12 diag] s=0.956 kf_str=1.000 tju_norm=0.6055 adam_norm=46.1376 kf_active=21/62 gc=21
Epoch 190/200 | Train Loss: 0.7386 | Valid Acc: 90.22% | Test Acc: 88.99% | LR: 0.000075 s=0.956 | Time: 197.6s
  [V12 diag] s=0.960 kf_str=1.000 tju_norm=0.6977 adam_norm=46.5908 kf_active=21/62 gc=21
Epoch 195/200 | Train Loss: 0.7364 | Valid Acc: 90.18% | Test Acc: 88.99% | LR: 0.000023 s=0.960 | Time: 196.6s
  [V12 diag] s=0.964 kf_str=1.000 tju_norm=0.6356 adam_norm=43.8895 kf_active=21/62 gc=21
Epoch 200/200 | Train Loss: 0.7316 | Valid Acc: 90.14% | Test Acc: 89.06% | LR: 0.000002 s=0.964 | Time: 197.9s
Results saved to ./results/v12_round2/cifar10_resnet18_LAKTJU_V12_seed42_20260322_012107.json
Results saved to ./results/v12_round2/cifar10_resnet18_LAKTJU_V12_seed42_20260322_012107.json

============================================================
Training complete: cifar10_resnet18_LAKTJU_V12_seed42
Best Valid Acc: 92.98%
Best Test Acc:  92.60%
Avg Time/Epoch: 196.8s
============================================================
