Device: cuda
Dataset: cifar100 (100 classes)
Model: resnet18 (11,220,132 params)
Optimizer: LAKTJU_V9

============================================================
Starting training: cifar100_resnet18_LAKTJU_V9_seed42
============================================================

<sys>:0: UserWarning: Full backward hook is firing when gradients are computed with respect to module outputs since no inputs require gradients. See https://docs.pytorch.org/docs/main/generated/torch.nn.Module.html#torch.nn.Module.register_full_backward_hook for more details.
  [V9 diag] s=0.010 main_norm=3.5731 adam_norm=155.3345 kf_active=105/434
Epoch   1/50 | Train Loss: 4.1632 | Valid Acc: 19.32% | Test Acc: 0.00% | LR: 0.000000 s=0.070 | Time: 95.5s
  [V9 diag] s=0.079 main_norm=3.6730 adam_norm=179.0805 kf_active=588/1736
Epoch   5/50 | Train Loss: 2.6975 | Valid Acc: 47.92% | Test Acc: 0.00% | LR: 0.000000 s=0.323 | Time: 107.0s
  [V9 diag] s=0.330 main_norm=2.4371 adam_norm=167.2207 kf_active=735/2170
Epoch  10/50 | Train Loss: 2.2561 | Valid Acc: 57.94% | Test Acc: 56.74% | LR: 0.000000 s=0.533 | Time: 108.3s
  [V9 diag] s=0.536 main_norm=1.8514 adam_norm=182.5329 kf_active=735/2170
Epoch  15/50 | Train Loss: 1.9834 | Valid Acc: 61.60% | Test Acc: 56.74% | LR: 0.000000 s=0.634 | Time: 107.1s
  [V9 diag] s=0.634 main_norm=1.5592 adam_norm=204.4722 kf_active=735/2170
Epoch  20/50 | Train Loss: 1.7472 | Valid Acc: 66.32% | Test Acc: 65.50% | LR: 0.000000 s=0.675 | Time: 108.6s
  [V9 diag] s=0.675 main_norm=1.4226 adam_norm=222.8064 kf_active=756/2232
Epoch  25/50 | Train Loss: 1.5409 | Valid Acc: 68.12% | Test Acc: 67.13% | LR: 0.000000 s=0.691 | Time: 109.1s
  [V9 diag] s=0.691 main_norm=1.2906 adam_norm=229.0223 kf_active=735/2170
Epoch  30/50 | Train Loss: 1.3604 | Valid Acc: 69.30% | Test Acc: 68.58% | LR: 0.000000 s=0.697 | Time: 108.2s
  [V9 diag] s=0.697 main_norm=1.1668 adam_norm=231.5015 kf_active=735/2170
Epoch  35/50 | Train Loss: 1.2248 | Valid Acc: 69.64% | Test Acc: 68.58% | LR: 0.000000 s=0.699 | Time: 100.0s
  [V9 diag] s=0.699 main_norm=1.0383 adam_norm=228.9379 kf_active=735/2170
Epoch  40/50 | Train Loss: 1.1320 | Valid Acc: 69.80% | Test Acc: 69.69% | LR: 0.000000 s=0.700 | Time: 85.7s
  [V9 diag] s=0.700 main_norm=0.9460 adam_norm=230.7218 kf_active=735/2170
Epoch  45/50 | Train Loss: 1.0854 | Valid Acc: 71.08% | Test Acc: 69.69% | LR: 0.000000 s=0.700 | Time: 84.6s
  [V9 diag] s=0.700 main_norm=0.8931 adam_norm=234.5033 kf_active=756/2232
Epoch  50/50 | Train Loss: 1.0687 | Valid Acc: 71.30% | Test Acc: 70.29% | LR: 0.000000 s=0.700 | Time: 85.5s
Results saved to ./results/v9_round1/cifar100_resnet18_LAKTJU_V9_seed42_20260319_211653.json
Results saved to ./results/v9_round1/cifar100_resnet18_LAKTJU_V9_seed42_20260319_211653.json

============================================================
Training complete: cifar100_resnet18_LAKTJU_V9_seed42
Best Valid Acc: 71.32%
Best Test Acc:  70.17%
Avg Time/Epoch: 99.9s
============================================================
