Device: cuda
Dataset: cifar100 (100 classes)
Model: resnet18 (11,220,132 params)
Optimizer: LAKTJU_V9

============================================================
Starting training: cifar100_resnet18_LAKTJU_V9_seed42
============================================================

<sys>:0: UserWarning: Full backward hook is firing when gradients are computed with respect to module outputs since no inputs require gradients. See https://docs.pytorch.org/docs/main/generated/torch.nn.Module.html#torch.nn.Module.register_full_backward_hook for more details.
  [V9 diag] s=0.010 main_norm=2.8706 adam_norm=134.3861 kf_active=105/434
Epoch   1/50 | Train Loss: 4.2063 | Valid Acc: 18.34% | Test Acc: 0.00% | LR: 0.000000 s=0.070 | Time: 95.4s
  [V9 diag] s=0.079 main_norm=2.5357 adam_norm=149.8731 kf_active=588/1736
Epoch   5/50 | Train Loss: 2.8502 | Valid Acc: 42.94% | Test Acc: 0.00% | LR: 0.000000 s=0.323 | Time: 106.8s
  [V9 diag] s=0.330 main_norm=1.5313 adam_norm=147.1354 kf_active=735/2170
Epoch  10/50 | Train Loss: 2.3531 | Valid Acc: 55.98% | Test Acc: 55.09% | LR: 0.000000 s=0.533 | Time: 108.1s
  [V9 diag] s=0.536 main_norm=1.1357 adam_norm=168.2240 kf_active=735/2170
Epoch  15/50 | Train Loss: 2.0594 | Valid Acc: 60.42% | Test Acc: 55.09% | LR: 0.000000 s=0.634 | Time: 106.9s
  [V9 diag] s=0.634 main_norm=0.9611 adam_norm=194.7442 kf_active=735/2170
Epoch  20/50 | Train Loss: 1.8251 | Valid Acc: 63.40% | Test Acc: 62.58% | LR: 0.000000 s=0.675 | Time: 108.6s
  [V9 diag] s=0.675 main_norm=0.8831 adam_norm=217.6337 kf_active=756/2232
Epoch  25/50 | Train Loss: 1.5912 | Valid Acc: 65.72% | Test Acc: 65.38% | LR: 0.000000 s=0.691 | Time: 109.3s
  [V9 diag] s=0.691 main_norm=0.8144 adam_norm=228.6640 kf_active=735/2170
Epoch  30/50 | Train Loss: 1.4044 | Valid Acc: 66.56% | Test Acc: 66.16% | LR: 0.000000 s=0.697 | Time: 108.4s
  [V9 diag] s=0.697 main_norm=0.7311 adam_norm=229.7317 kf_active=735/2170
Epoch  35/50 | Train Loss: 1.2546 | Valid Acc: 67.90% | Test Acc: 66.16% | LR: 0.000000 s=0.699 | Time: 100.7s
  [V9 diag] s=0.699 main_norm=0.6535 adam_norm=229.5351 kf_active=735/2170
Epoch  40/50 | Train Loss: 1.1558 | Valid Acc: 68.34% | Test Acc: 68.41% | LR: 0.000000 s=0.700 | Time: 85.8s
  [V9 diag] s=0.700 main_norm=0.6002 adam_norm=232.6077 kf_active=735/2170
Epoch  45/50 | Train Loss: 1.1022 | Valid Acc: 68.92% | Test Acc: 68.41% | LR: 0.000000 s=0.700 | Time: 84.7s
  [V9 diag] s=0.700 main_norm=0.5575 adam_norm=236.3735 kf_active=756/2232
Epoch  50/50 | Train Loss: 1.0810 | Valid Acc: 69.04% | Test Acc: 68.69% | LR: 0.000000 s=0.700 | Time: 86.3s
Results saved to ./results/v9_round1/cifar100_resnet18_LAKTJU_V9_seed42_20260319_211653.json
Results saved to ./results/v9_round1/cifar100_resnet18_LAKTJU_V9_seed42_20260319_211653.json

============================================================
Training complete: cifar100_resnet18_LAKTJU_V9_seed42
Best Valid Acc: 69.04%
Best Test Acc:  68.69%
Avg Time/Epoch: 99.8s
============================================================
